[2025-04-24T19:15:23.776+0000] {taskinstance.py:1956} INFO - Dependencies all met for dep_context=non-requeueable deps ti=<TaskInstance: mbta_ingestion_dag.load_to_snowflake scheduled__2025-04-24T19:05:00+00:00 [queued]>
[2025-04-24T19:15:23.787+0000] {taskinstance.py:1956} INFO - Dependencies all met for dep_context=requeueable deps ti=<TaskInstance: mbta_ingestion_dag.load_to_snowflake scheduled__2025-04-24T19:05:00+00:00 [queued]>
[2025-04-24T19:15:23.791+0000] {taskinstance.py:2170} INFO - Starting attempt 2 of 2
[2025-04-24T19:15:23.821+0000] {taskinstance.py:2191} INFO - Executing <Task(PythonOperator): load_to_snowflake> on 2025-04-24 19:05:00+00:00
[2025-04-24T19:15:23.832+0000] {standard_task_runner.py:60} INFO - Started process 198 to run task
[2025-04-24T19:15:23.837+0000] {standard_task_runner.py:87} INFO - Running: ['***', 'tasks', 'run', 'mbta_ingestion_dag', 'load_to_snowflake', 'scheduled__2025-04-24T19:05:00+00:00', '--job-id', '1125', '--raw', '--subdir', 'DAGS_FOLDER/mbta_ingestion_dag.py', '--cfg-path', '/tmp/tmpz5of2wbd']
[2025-04-24T19:15:23.851+0000] {standard_task_runner.py:88} INFO - Job 1125: Subtask load_to_snowflake
[2025-04-24T19:15:23.981+0000] {task_command.py:423} INFO - Running <TaskInstance: mbta_ingestion_dag.load_to_snowflake scheduled__2025-04-24T19:05:00+00:00 [running]> on host 48040ae9642e
[2025-04-24T19:15:24.205+0000] {taskinstance.py:2480} INFO - Exporting env vars: AIRFLOW_CTX_DAG_OWNER='***' AIRFLOW_CTX_DAG_ID='mbta_ingestion_dag' AIRFLOW_CTX_TASK_ID='load_to_snowflake' AIRFLOW_CTX_EXECUTION_DATE='2025-04-24T19:05:00+00:00' AIRFLOW_CTX_TRY_NUMBER='2' AIRFLOW_CTX_DAG_RUN_ID='scheduled__2025-04-24T19:05:00+00:00'
[2025-04-24T19:15:24.209+0000] {mbta_ingestion_dag.py:35} INFO - ðŸš€ Launching Kafka consumer to process and load data into Snowflake...
[2025-04-24T19:15:24.210+0000] {connection.py:370} INFO - Snowflake Connector for Python Version: 3.6.0, Python Version: 3.9.18, Platform: Linux-6.10.14-linuxkit-aarch64-with-glibc2.36
[2025-04-24T19:15:24.215+0000] {connection.py:1171} INFO - This connection is in OCSP Fail Open Mode. TLS Certificates would be checked for validity and revocation status. Any other Certificate Revocation related exceptions or OCSP Responder failures would be disregarded in favor of connectivity.
[2025-04-24T19:15:25.046+0000] {mbta_kafka_consumer.py:52} INFO - âœ… Connected to Snowflake successfully.
[2025-04-24T19:15:25.047+0000] {mbta_kafka_consumer.py:266} INFO - ðŸš€ Starting MBTA Kafka Consumer...
[2025-04-24T19:15:25.059+0000] {conn.py:395} INFO - <BrokerConnection client_id=kafka-python-2.1.5, node_id=bootstrap-0 host=kafka:9092 <connecting> [IPv4 ('172.19.0.3', 9092)]>: connecting to kafka:9092 [('172.19.0.3', 9092) IPv4]
[2025-04-24T19:15:25.061+0000] {conn.py:428} ERROR - <BrokerConnection client_id=kafka-python-2.1.5, node_id=bootstrap-0 host=kafka:9092 <connecting> [IPv4 ('172.19.0.3', 9092)]>: Connect attempt returned error 111. Disconnecting.
[2025-04-24T19:15:25.063+0000] {conn.py:936} ERROR - <BrokerConnection client_id=kafka-python-2.1.5, node_id=bootstrap-0 host=kafka:9092 <connecting> [IPv4 ('172.19.0.3', 9092)]>: Closing connection. KafkaConnectionError: 111 ECONNREFUSED
[2025-04-24T19:15:25.066+0000] {client_async.py:1048} WARNING - No node available during check_version; sleeping 0.04 secs
[2025-04-24T19:15:25.109+0000] {conn.py:395} INFO - <BrokerConnection client_id=kafka-python-2.1.5, node_id=bootstrap-0 host=kafka:9092 <connecting> [IPv4 ('172.19.0.3', 9092)]>: connecting to kafka:9092 [('172.19.0.3', 9092) IPv4]
[2025-04-24T19:15:25.110+0000] {conn.py:428} ERROR - <BrokerConnection client_id=kafka-python-2.1.5, node_id=bootstrap-0 host=kafka:9092 <connecting> [IPv4 ('172.19.0.3', 9092)]>: Connect attempt returned error 111. Disconnecting.
[2025-04-24T19:15:25.112+0000] {conn.py:936} ERROR - <BrokerConnection client_id=kafka-python-2.1.5, node_id=bootstrap-0 host=kafka:9092 <connecting> [IPv4 ('172.19.0.3', 9092)]>: Closing connection. KafkaConnectionError: 111 ECONNREFUSED
[2025-04-24T19:15:25.112+0000] {client_async.py:1048} WARNING - No node available during check_version; sleeping 0.09 secs
[2025-04-24T19:15:25.205+0000] {conn.py:395} INFO - <BrokerConnection client_id=kafka-python-2.1.5, node_id=bootstrap-0 host=kafka:9092 <connecting> [IPv4 ('172.19.0.3', 9092)]>: connecting to kafka:9092 [('172.19.0.3', 9092) IPv4]
[2025-04-24T19:15:25.206+0000] {conn.py:428} ERROR - <BrokerConnection client_id=kafka-python-2.1.5, node_id=bootstrap-0 host=kafka:9092 <connecting> [IPv4 ('172.19.0.3', 9092)]>: Connect attempt returned error 111. Disconnecting.
[2025-04-24T19:15:25.207+0000] {conn.py:936} ERROR - <BrokerConnection client_id=kafka-python-2.1.5, node_id=bootstrap-0 host=kafka:9092 <connecting> [IPv4 ('172.19.0.3', 9092)]>: Closing connection. KafkaConnectionError: 111 ECONNREFUSED
[2025-04-24T19:15:25.208+0000] {client_async.py:1048} WARNING - No node available during check_version; sleeping 0.16 secs
[2025-04-24T19:15:25.380+0000] {conn.py:395} INFO - <BrokerConnection client_id=kafka-python-2.1.5, node_id=bootstrap-0 host=kafka:9092 <connecting> [IPv4 ('172.19.0.3', 9092)]>: connecting to kafka:9092 [('172.19.0.3', 9092) IPv4]
[2025-04-24T19:15:25.386+0000] {conn.py:428} ERROR - <BrokerConnection client_id=kafka-python-2.1.5, node_id=bootstrap-0 host=kafka:9092 <connecting> [IPv4 ('172.19.0.3', 9092)]>: Connect attempt returned error 111. Disconnecting.
[2025-04-24T19:15:25.387+0000] {conn.py:936} ERROR - <BrokerConnection client_id=kafka-python-2.1.5, node_id=bootstrap-0 host=kafka:9092 <connecting> [IPv4 ('172.19.0.3', 9092)]>: Closing connection. KafkaConnectionError: 111 ECONNREFUSED
[2025-04-24T19:15:25.388+0000] {client_async.py:1048} WARNING - No node available during check_version; sleeping 0.39 secs
[2025-04-24T19:15:25.788+0000] {conn.py:395} INFO - <BrokerConnection client_id=kafka-python-2.1.5, node_id=bootstrap-0 host=kafka:9092 <connecting> [IPv4 ('172.19.0.3', 9092)]>: connecting to kafka:9092 [('172.19.0.3', 9092) IPv4]
[2025-04-24T19:15:25.791+0000] {conn.py:428} ERROR - <BrokerConnection client_id=kafka-python-2.1.5, node_id=bootstrap-0 host=kafka:9092 <connecting> [IPv4 ('172.19.0.3', 9092)]>: Connect attempt returned error 111. Disconnecting.
[2025-04-24T19:15:25.792+0000] {conn.py:936} ERROR - <BrokerConnection client_id=kafka-python-2.1.5, node_id=bootstrap-0 host=kafka:9092 <connecting> [IPv4 ('172.19.0.3', 9092)]>: Closing connection. KafkaConnectionError: 111 ECONNREFUSED
[2025-04-24T19:15:25.792+0000] {client_async.py:1048} WARNING - No node available during check_version; sleeping 0.95 secs
[2025-04-24T19:15:26.759+0000] {conn.py:395} INFO - <BrokerConnection client_id=kafka-python-2.1.5, node_id=bootstrap-0 host=kafka:9092 <connecting> [IPv4 ('172.19.0.3', 9092)]>: connecting to kafka:9092 [('172.19.0.3', 9092) IPv4]
[2025-04-24T19:15:26.780+0000] {conn.py:428} ERROR - <BrokerConnection client_id=kafka-python-2.1.5, node_id=bootstrap-0 host=kafka:9092 <connecting> [IPv4 ('172.19.0.3', 9092)]>: Connect attempt returned error 111. Disconnecting.
[2025-04-24T19:15:26.783+0000] {conn.py:936} ERROR - <BrokerConnection client_id=kafka-python-2.1.5, node_id=bootstrap-0 host=kafka:9092 <connecting> [IPv4 ('172.19.0.3', 9092)]>: Closing connection. KafkaConnectionError: 111 ECONNREFUSED
[2025-04-24T19:15:26.786+0000] {client_async.py:1048} WARNING - No node available during check_version; sleeping 0.26 secs
[2025-04-24T19:15:27.056+0000] {taskinstance.py:2698} ERROR - Task failed with exception
Traceback (most recent call last):
  File "/home/airflow/.local/lib/python3.9/site-packages/airflow/models/taskinstance.py", line 433, in _execute_task
    result = execute_callable(context=context, **execute_callable_kwargs)
  File "/home/airflow/.local/lib/python3.9/site-packages/airflow/operators/python.py", line 199, in execute
    return_value = self.execute_callable()
  File "/home/airflow/.local/lib/python3.9/site-packages/airflow/operators/python.py", line 216, in execute_callable
    return self.python_callable(*self.op_args, **self.op_kwargs)
  File "/opt/airflow/dags/mbta_ingestion_dag.py", line 36, in load_to_snowflake
    consume_messages()  # pulls and merges into Snowflake
  File "/opt/airflow/dags/mbta_kafka_consumer.py", line 267, in consume_messages
    consumer = KafkaConsumer(
  File "/home/airflow/.local/lib/python3.9/site-packages/kafka/consumer/group.py", line 383, in __init__
    self._client = self.config['kafka_client'](metrics=self._metrics, **self.config)
  File "/home/airflow/.local/lib/python3.9/site-packages/kafka/client_async.py", line 262, in __init__
    self.config['api_version'] = self.check_version()
  File "/home/airflow/.local/lib/python3.9/site-packages/kafka/client_async.py", line 1073, in check_version
    raise Errors.NoBrokersAvailable()
kafka.errors.NoBrokersAvailable: NoBrokersAvailable
[2025-04-24T19:15:27.092+0000] {logging_mixin.py:188} WARNING - --- Logging error ---
[2025-04-24T19:15:27.094+0000] {logging_mixin.py:188} WARNING - --- Logging error ---
[2025-04-24T19:15:27.095+0000] {logging_mixin.py:188} WARNING - --- Logging error ---
[2025-04-24T19:15:27.096+0000] {logging_mixin.py:188} WARNING - --- Logging error ---
[2025-04-24T19:15:27.106+0000] {logging_mixin.py:188} WARNING - --- Logging error ---
[2025-04-24T19:15:27.108+0000] {logging_mixin.py:188} WARNING - --- Logging error ---
[2025-04-24T19:15:27.112+0000] {logging_mixin.py:188} WARNING - --- Logging error ---
[2025-04-24T19:15:27.114+0000] {logging_mixin.py:188} WARNING - --- Logging error ---
[2025-04-24T19:15:27.119+0000] {logging_mixin.py:188} WARNING - --- Logging error ---
[2025-04-24T19:15:27.122+0000] {logging_mixin.py:188} WARNING - --- Logging error ---
[2025-04-24T19:15:27.122+0000] {logging_mixin.py:188} WARNING - --- Logging error ---
[2025-04-24T19:15:27.123+0000] {logging_mixin.py:188} WARNING - --- Logging error ---
[2025-04-24T19:15:27.124+0000] {logging_mixin.py:188} WARNING - --- Logging error ---
[2025-04-24T19:15:27.125+0000] {logging_mixin.py:188} WARNING - --- Logging error ---
[2025-04-24T19:15:27.125+0000] {logging_mixin.py:188} WARNING - --- Logging error ---
[2025-04-24T19:15:27.126+0000] {logging_mixin.py:188} WARNING - --- Logging error ---
[2025-04-24T19:15:27.126+0000] {logging_mixin.py:188} WARNING - --- Logging error ---
[2025-04-24T19:15:27.127+0000] {logging_mixin.py:188} WARNING - --- Logging error ---
[2025-04-24T19:15:27.127+0000] {logging_mixin.py:188} WARNING - --- Logging error ---
[2025-04-24T19:15:27.129+0000] {logging_mixin.py:188} WARNING - --- Logging error ---
[2025-04-24T19:15:27.130+0000] {logging_mixin.py:188} WARNING - --- Logging error ---
[2025-04-24T19:15:27.131+0000] {logging_mixin.py:188} WARNING - --- Logging error ---
[2025-04-24T19:15:27.131+0000] {logging_mixin.py:188} WARNING - --- Logging error ---
[2025-04-24T19:15:27.131+0000] {logging_mixin.py:188} WARNING - --- Logging error ---
[2025-04-24T19:15:27.132+0000] {logging_mixin.py:188} WARNING - --- Logging error ---
[2025-04-24T19:15:27.133+0000] {logging_mixin.py:188} WARNING - --- Logging error ---
[2025-04-24T19:15:27.133+0000] {logging_mixin.py:188} WARNING - --- Logging error ---
[2025-04-24T19:15:27.133+0000] {logging_mixin.py:188} WARNING - --- Logging error ---
[2025-04-24T19:15:27.134+0000] {logging_mixin.py:188} WARNING - --- Logging error ---
[2025-04-24T19:15:27.134+0000] {logging_mixin.py:188} WARNING - --- Logging error ---
[2025-04-24T19:15:27.365+0000] {logging_mixin.py:188} WARNING - --- Logging error ---
[2025-04-24T19:15:27.394+0000] {logging_mixin.py:188} WARNING - Chained exceptions have been truncated to avoid stack overflow in traceback formatting:
[2025-04-24T19:15:27.394+0000] {logging_mixin.py:188} WARNING - Traceback (most recent call last):
[2025-04-24T19:15:27.396+0000] {logging_mixin.py:188} WARNING -   File "/usr/local/lib/python3.9/logging/__init__.py", line 1087, in emit
    self.flush()
[2025-04-24T19:15:27.399+0000] {logging_mixin.py:188} WARNING -   File "/usr/local/lib/python3.9/logging/__init__.py", line 1067, in flush
    self.stream.flush()
[2025-04-24T19:15:27.400+0000] {logging_mixin.py:188} WARNING - OSError: [Errno 28] No space left on device
[2025-04-24T19:15:27.404+0000] {logging_mixin.py:188} WARNING - 
During handling of the above exception, another exception occurred:
[2025-04-24T19:15:27.412+0000] {logging_mixin.py:188} WARNING - Traceback (most recent call last):
[2025-04-24T19:15:27.415+0000] {logging_mixin.py:188} WARNING -   File "/usr/local/lib/python3.9/logging/__init__.py", line 1087, in emit
    self.flush()
[2025-04-24T19:15:27.419+0000] {logging_mixin.py:188} WARNING -   File "/usr/local/lib/python3.9/logging/__init__.py", line 1067, in flush
    self.stream.flush()
[2025-04-24T19:15:27.423+0000] {logging_mixin.py:188} WARNING - OSError: [Errno 28] No space left on device
[2025-04-24T19:15:27.426+0000] {logging_mixin.py:188} WARNING - 
During handling of the above exception, another exception occurred:
[2025-04-24T19:15:27.430+0000] {logging_mixin.py:188} WARNING - Traceback (most recent call last):
[2025-04-24T19:15:27.431+0000] {logging_mixin.py:188} WARNING -   File "/usr/local/lib/python3.9/logging/__init__.py", line 1087, in emit
    self.flush()
[2025-04-24T19:15:27.432+0000] {logging_mixin.py:188} WARNING -   File "/usr/local/lib/python3.9/logging/__init__.py", line 1067, in flush
    self.stream.flush()
[2025-04-24T19:15:27.437+0000] {logging_mixin.py:188} WARNING - OSError: [Errno 28] No space left on device
[2025-04-24T19:15:27.438+0000] {logging_mixin.py:188} WARNING - 
During handling of the above exception, another exception occurred:
[2025-04-24T19:15:27.439+0000] {logging_mixin.py:188} WARNING - Traceback (most recent call last):
[2025-04-24T19:15:27.441+0000] {logging_mixin.py:188} WARNING -   File "/usr/local/lib/python3.9/logging/__init__.py", line 1087, in emit
    self.flush()
[2025-04-24T19:15:27.442+0000] {logging_mixin.py:188} WARNING -   File "/usr/local/lib/python3.9/logging/__init__.py", line 1067, in flush
    self.stream.flush()
[2025-04-24T19:15:27.444+0000] {logging_mixin.py:188} WARNING - OSError: [Errno 28] No space left on device
[2025-04-24T19:15:27.449+0000] {logging_mixin.py:188} WARNING - 
During handling of the above exception, another exception occurred:
[2025-04-24T19:15:27.451+0000] {logging_mixin.py:188} WARNING - Traceback (most recent call last):
[2025-04-24T19:15:27.453+0000] {logging_mixin.py:188} WARNING -   File "/usr/local/lib/python3.9/logging/__init__.py", line 1087, in emit
    self.flush()
[2025-04-24T19:15:27.453+0000] {logging_mixin.py:188} WARNING -   File "/usr/local/lib/python3.9/logging/__init__.py", line 1067, in flush
    self.stream.flush()
[2025-04-24T19:15:27.454+0000] {logging_mixin.py:188} WARNING - OSError: [Errno 28] No space left on device
[2025-04-24T19:15:27.455+0000] {logging_mixin.py:188} WARNING - 
During handling of the above exception, another exception occurred:
[2025-04-24T19:15:27.457+0000] {logging_mixin.py:188} WARNING - Traceback (most recent call last):
[2025-04-24T19:15:27.458+0000] {logging_mixin.py:188} WARNING -   File "/usr/local/lib/python3.9/logging/__init__.py", line 1087, in emit
    self.flush()
[2025-04-24T19:15:27.464+0000] {logging_mixin.py:188} WARNING -   File "/usr/local/lib/python3.9/logging/__init__.py", line 1067, in flush
    self.stream.flush()
[2025-04-24T19:15:27.465+0000] {logging_mixin.py:188} WARNING - OSError: [Errno 28] No space left on device
[2025-04-24T19:15:27.465+0000] {logging_mixin.py:188} WARNING - 
During handling of the above exception, another exception occurred:
[2025-04-24T19:15:27.468+0000] {logging_mixin.py:188} WARNING - Traceback (most recent call last):
[2025-04-24T19:15:27.468+0000] {logging_mixin.py:188} WARNING -   File "/usr/local/lib/python3.9/logging/__init__.py", line 1087, in emit
    self.flush()
[2025-04-24T19:15:27.469+0000] {logging_mixin.py:188} WARNING -   File "/usr/local/lib/python3.9/logging/__init__.py", line 1067, in flush
    self.stream.flush()
[2025-04-24T19:15:27.470+0000] {logging_mixin.py:188} WARNING - OSError: [Errno 28] No space left on device
[2025-04-24T19:15:27.471+0000] {logging_mixin.py:188} WARNING - 
During handling of the above exception, another exception occurred:
[2025-04-24T19:15:27.471+0000] {logging_mixin.py:188} WARNING - Traceback (most recent call last):
[2025-04-24T19:15:27.472+0000] {logging_mixin.py:188} WARNING -   File "/usr/local/lib/python3.9/logging/__init__.py", line 1087, in emit
    self.flush()
[2025-04-24T19:15:27.474+0000] {logging_mixin.py:188} WARNING -   File "/usr/local/lib/python3.9/logging/__init__.py", line 1067, in flush
    self.stream.flush()
[2025-04-24T19:15:27.475+0000] {logging_mixin.py:188} WARNING - OSError: [Errno 28] No space left on device
[2025-04-24T19:15:27.475+0000] {logging_mixin.py:188} WARNING - 
During handling of the above exception, another exception occurred:
[2025-04-24T19:15:27.476+0000] {logging_mixin.py:188} WARNING - Traceback (most recent call last):
[2025-04-24T19:15:27.477+0000] {logging_mixin.py:188} WARNING -   File "/usr/local/lib/python3.9/logging/__init__.py", line 1087, in emit
    self.flush()
[2025-04-24T19:15:27.477+0000] {logging_mixin.py:188} WARNING -   File "/usr/local/lib/python3.9/logging/__init__.py", line 1067, in flush
    self.stream.flush()
[2025-04-24T19:15:27.478+0000] {logging_mixin.py:188} WARNING - OSError: [Errno 28] No space left on device
[2025-04-24T19:15:27.478+0000] {logging_mixin.py:188} WARNING - 
During handling of the above exception, another exception occurred:
[2025-04-24T19:15:27.479+0000] {logging_mixin.py:188} WARNING - Traceback (most recent call last):
[2025-04-24T19:15:27.479+0000] {logging_mixin.py:188} WARNING -   File "/usr/local/lib/python3.9/logging/__init__.py", line 1087, in emit
    self.flush()
[2025-04-24T19:15:27.480+0000] {logging_mixin.py:188} WARNING -   File "/usr/local/lib/python3.9/logging/__init__.py", line 1067, in flush
    self.stream.flush()
[2025-04-24T19:15:27.480+0000] {logging_mixin.py:188} WARNING - OSError: [Errno 28] No space left on device
[2025-04-24T19:15:27.481+0000] {logging_mixin.py:188} WARNING - 
During handling of the above exception, another exception occurred:
[2025-04-24T19:15:27.481+0000] {logging_mixin.py:188} WARNING - Traceback (most recent call last):
[2025-04-24T19:15:27.482+0000] {logging_mixin.py:188} WARNING -   File "/usr/local/lib/python3.9/logging/__init__.py", line 1087, in emit
    self.flush()
[2025-04-24T19:15:27.485+0000] {logging_mixin.py:188} WARNING -   File "/usr/local/lib/python3.9/logging/__init__.py", line 1067, in flush
    self.stream.flush()
[2025-04-24T19:15:27.486+0000] {logging_mixin.py:188} WARNING - OSError: [Errno 28] No space left on device
[2025-04-24T19:15:27.489+0000] {logging_mixin.py:188} WARNING - 
During handling of the above exception, another exception occurred:
[2025-04-24T19:15:27.489+0000] {logging_mixin.py:188} WARNING - Traceback (most recent call last):
[2025-04-24T19:15:27.490+0000] {logging_mixin.py:188} WARNING -   File "/usr/local/lib/python3.9/logging/__init__.py", line 1087, in emit
    self.flush()
[2025-04-24T19:15:27.491+0000] {logging_mixin.py:188} WARNING -   File "/usr/local/lib/python3.9/logging/__init__.py", line 1067, in flush
    self.stream.flush()
[2025-04-24T19:15:27.495+0000] {logging_mixin.py:188} WARNING - OSError: [Errno 28] No space left on device
[2025-04-24T19:15:27.497+0000] {logging_mixin.py:188} WARNING - 
During handling of the above exception, another exception occurred:
[2025-04-24T19:15:27.508+0000] {logging_mixin.py:188} WARNING - Traceback (most recent call last):
[2025-04-24T19:15:27.511+0000] {logging_mixin.py:188} WARNING -   File "/usr/local/lib/python3.9/logging/__init__.py", line 1087, in emit
    self.flush()
[2025-04-24T19:15:27.513+0000] {logging_mixin.py:188} WARNING -   File "/usr/local/lib/python3.9/logging/__init__.py", line 1067, in flush
    self.stream.flush()
[2025-04-24T19:15:27.515+0000] {logging_mixin.py:188} WARNING - OSError: [Errno 28] No space left on device
[2025-04-24T19:15:27.518+0000] {logging_mixin.py:188} WARNING - 
During handling of the above exception, another exception occurred:
[2025-04-24T19:15:27.518+0000] {logging_mixin.py:188} WARNING - Traceback (most recent call last):
[2025-04-24T19:15:27.519+0000] {logging_mixin.py:188} WARNING -   File "/usr/local/lib/python3.9/logging/__init__.py", line 1087, in emit
    self.flush()
[2025-04-24T19:15:27.520+0000] {logging_mixin.py:188} WARNING -   File "/usr/local/lib/python3.9/logging/__init__.py", line 1067, in flush
    self.stream.flush()
[2025-04-24T19:15:27.521+0000] {logging_mixin.py:188} WARNING - OSError: [Errno 28] No space left on device
[2025-04-24T19:15:27.522+0000] {logging_mixin.py:188} WARNING - 
During handling of the above exception, another exception occurred:
[2025-04-24T19:15:27.522+0000] {logging_mixin.py:188} WARNING - Traceback (most recent call last):
[2025-04-24T19:15:27.523+0000] {logging_mixin.py:188} WARNING -   File "/usr/local/lib/python3.9/logging/__init__.py", line 1087, in emit
    self.flush()
[2025-04-24T19:15:27.523+0000] {logging_mixin.py:188} WARNING -   File "/usr/local/lib/python3.9/logging/__init__.py", line 1067, in flush
    self.stream.flush()
[2025-04-24T19:15:27.524+0000] {logging_mixin.py:188} WARNING - OSError: [Errno 28] No space left on device
[2025-04-24T19:15:27.525+0000] {logging_mixin.py:188} WARNING - 
During handling of the above exception, another exception occurred:
[2025-04-24T19:15:27.527+0000] {logging_mixin.py:188} WARNING - Traceback (most recent call last):
[2025-04-24T19:15:27.527+0000] {logging_mixin.py:188} WARNING -   File "/usr/local/lib/python3.9/logging/__init__.py", line 1087, in emit
    self.flush()
[2025-04-24T19:15:27.528+0000] {logging_mixin.py:188} WARNING -   File "/usr/local/lib/python3.9/logging/__init__.py", line 1067, in flush
    self.stream.flush()
[2025-04-24T19:15:27.529+0000] {logging_mixin.py:188} WARNING - OSError: [Errno 28] No space left on device
[2025-04-24T19:15:27.529+0000] {logging_mixin.py:188} WARNING - 
During handling of the above exception, another exception occurred:
[2025-04-24T19:15:27.530+0000] {logging_mixin.py:188} WARNING - Traceback (most recent call last):
[2025-04-24T19:15:27.530+0000] {logging_mixin.py:188} WARNING -   File "/usr/local/lib/python3.9/logging/__init__.py", line 1087, in emit
    self.flush()
[2025-04-24T19:15:27.531+0000] {logging_mixin.py:188} WARNING -   File "/usr/local/lib/python3.9/logging/__init__.py", line 1067, in flush
    self.stream.flush()
[2025-04-24T19:15:27.532+0000] {logging_mixin.py:188} WARNING - OSError: [Errno 28] No space left on device
[2025-04-24T19:15:27.533+0000] {logging_mixin.py:188} WARNING - 
During handling of the above exception, another exception occurred:
[2025-04-24T19:15:27.534+0000] {logging_mixin.py:188} WARNING - Traceback (most recent call last):
[2025-04-24T19:15:27.534+0000] {logging_mixin.py:188} WARNING -   File "/usr/local/lib/python3.9/logging/__init__.py", line 1087, in emit
    self.flush()
[2025-04-24T19:15:27.536+0000] {logging_mixin.py:188} WARNING -   File "/usr/local/lib/python3.9/logging/__init__.py", line 1067, in flush
    self.stream.flush()
[2025-04-24T19:15:27.536+0000] {logging_mixin.py:188} WARNING - OSError: [Errno 28] No space left on device
[2025-04-24T19:15:27.537+0000] {logging_mixin.py:188} WARNING - 
During handling of the above exception, another exception occurred:
[2025-04-24T19:15:27.537+0000] {logging_mixin.py:188} WARNING - Traceback (most recent call last):
[2025-04-24T19:15:27.538+0000] {logging_mixin.py:188} WARNING -   File "/usr/local/lib/python3.9/logging/__init__.py", line 1087, in emit
    self.flush()
[2025-04-24T19:15:27.538+0000] {logging_mixin.py:188} WARNING -   File "/usr/local/lib/python3.9/logging/__init__.py", line 1067, in flush
    self.stream.flush()
[2025-04-24T19:15:27.539+0000] {logging_mixin.py:188} WARNING - OSError: [Errno 28] No space left on device
[2025-04-24T19:15:27.540+0000] {logging_mixin.py:188} WARNING - 
During handling of the above exception, another exception occurred:
[2025-04-24T19:15:27.540+0000] {logging_mixin.py:188} WARNING - Traceback (most recent call last):
[2025-04-24T19:15:27.541+0000] {logging_mixin.py:188} WARNING -   File "/usr/local/lib/python3.9/logging/__init__.py", line 1087, in emit
    self.flush()
[2025-04-24T19:15:27.541+0000] {logging_mixin.py:188} WARNING -   File "/usr/local/lib/python3.9/logging/__init__.py", line 1067, in flush
    self.stream.flush()
[2025-04-24T19:15:27.543+0000] {logging_mixin.py:188} WARNING - OSError: [Errno 28] No space left on device
[2025-04-24T19:15:27.544+0000] {logging_mixin.py:188} WARNING - 
During handling of the above exception, another exception occurred:
[2025-04-24T19:15:27.545+0000] {logging_mixin.py:188} WARNING - Traceback (most recent call last):
[2025-04-24T19:15:27.545+0000] {logging_mixin.py:188} WARNING -   File "/usr/local/lib/python3.9/logging/__init__.py", line 1087, in emit
    self.flush()
[2025-04-24T19:15:27.545+0000] {logging_mixin.py:188} WARNING -   File "/usr/local/lib/python3.9/logging/__init__.py", line 1067, in flush
    self.stream.flush()
[2025-04-24T19:15:27.546+0000] {logging_mixin.py:188} WARNING - OSError: [Errno 28] No space left on device
[2025-04-24T19:15:27.546+0000] {logging_mixin.py:188} WARNING - 
During handling of the above exception, another exception occurred:
[2025-04-24T19:15:27.547+0000] {logging_mixin.py:188} WARNING - Traceback (most recent call last):
[2025-04-24T19:15:27.547+0000] {logging_mixin.py:188} WARNING -   File "/usr/local/lib/python3.9/logging/__init__.py", line 1087, in emit
    self.flush()
[2025-04-24T19:15:27.547+0000] {logging_mixin.py:188} WARNING -   File "/usr/local/lib/python3.9/logging/__init__.py", line 1067, in flush
    self.stream.flush()
[2025-04-24T19:15:27.548+0000] {logging_mixin.py:188} WARNING - OSError: [Errno 28] No space left on device
[2025-04-24T19:15:27.548+0000] {logging_mixin.py:188} WARNING - 
During handling of the above exception, another exception occurred:
[2025-04-24T19:15:27.548+0000] {logging_mixin.py:188} WARNING - Traceback (most recent call last):
[2025-04-24T19:15:27.549+0000] {logging_mixin.py:188} WARNING -   File "/usr/local/lib/python3.9/logging/__init__.py", line 1087, in emit
    self.flush()
[2025-04-24T19:15:27.549+0000] {logging_mixin.py:188} WARNING -   File "/usr/local/lib/python3.9/logging/__init__.py", line 1067, in flush
    self.stream.flush()
[2025-04-24T19:15:27.549+0000] {logging_mixin.py:188} WARNING - OSError: [Errno 28] No space left on device
[2025-04-24T19:15:27.549+0000] {logging_mixin.py:188} WARNING - 
During handling of the above exception, another exception occurred:
[2025-04-24T19:15:27.549+0000] {logging_mixin.py:188} WARNING - Traceback (most recent call last):
[2025-04-24T19:15:27.550+0000] {logging_mixin.py:188} WARNING -   File "/usr/local/lib/python3.9/logging/__init__.py", line 1087, in emit
    self.flush()
[2025-04-24T19:15:27.550+0000] {logging_mixin.py:188} WARNING -   File "/usr/local/lib/python3.9/logging/__init__.py", line 1067, in flush
    self.stream.flush()
[2025-04-24T19:15:27.550+0000] {logging_mixin.py:188} WARNING - OSError: [Errno 28] No space left on device
[2025-04-24T19:15:27.551+0000] {logging_mixin.py:188} WARNING - 
During handling of the above exception, another exception occurred:
[2025-04-24T19:15:27.551+0000] {logging_mixin.py:188} WARNING - Traceback (most recent call last):
[2025-04-24T19:15:27.551+0000] {logging_mixin.py:188} WARNING -   File "/usr/local/lib/python3.9/logging/__init__.py", line 1087, in emit
    self.flush()
[2025-04-24T19:15:27.551+0000] {logging_mixin.py:188} WARNING -   File "/usr/local/lib/python3.9/logging/__init__.py", line 1067, in flush
    self.stream.flush()
[2025-04-24T19:15:27.552+0000] {logging_mixin.py:188} WARNING - OSError: [Errno 28] No space left on device
[2025-04-24T19:15:27.552+0000] {logging_mixin.py:188} WARNING - 
During handling of the above exception, another exception occurred:
[2025-04-24T19:15:27.552+0000] {logging_mixin.py:188} WARNING - Traceback (most recent call last):
[2025-04-24T19:15:27.553+0000] {logging_mixin.py:188} WARNING -   File "/usr/local/lib/python3.9/logging/__init__.py", line 1087, in emit
    self.flush()
[2025-04-24T19:15:27.554+0000] {logging_mixin.py:188} WARNING -   File "/usr/local/lib/python3.9/logging/__init__.py", line 1067, in flush
    self.stream.flush()
[2025-04-24T19:15:27.554+0000] {logging_mixin.py:188} WARNING - OSError: [Errno 28] No space left on device
[2025-04-24T19:15:27.556+0000] {logging_mixin.py:188} WARNING - 
During handling of the above exception, another exception occurred:
[2025-04-24T19:15:27.557+0000] {logging_mixin.py:188} WARNING - Traceback (most recent call last):
[2025-04-24T19:15:27.558+0000] {logging_mixin.py:188} WARNING -   File "/usr/local/lib/python3.9/logging/__init__.py", line 1087, in emit
    self.flush()
[2025-04-24T19:15:27.559+0000] {logging_mixin.py:188} WARNING -   File "/usr/local/lib/python3.9/logging/__init__.py", line 1067, in flush
    self.stream.flush()
[2025-04-24T19:15:27.560+0000] {logging_mixin.py:188} WARNING - OSError: [Errno 28] No space left on device
[2025-04-24T19:15:27.560+0000] {logging_mixin.py:188} WARNING - 
During handling of the above exception, another exception occurred:
[2025-04-24T19:15:27.562+0000] {logging_mixin.py:188} WARNING - Traceback (most recent call last):
[2025-04-24T19:15:27.562+0000] {logging_mixin.py:188} WARNING -   File "/usr/local/lib/python3.9/logging/__init__.py", line 1087, in emit
    self.flush()
[2025-04-24T19:15:27.562+0000] {logging_mixin.py:188} WARNING -   File "/usr/local/lib/python3.9/logging/__init__.py", line 1067, in flush
    self.stream.flush()
[2025-04-24T19:15:27.563+0000] {logging_mixin.py:188} WARNING - OSError: [Errno 28] No space left on device
[2025-04-24T19:15:27.564+0000] {logging_mixin.py:188} WARNING - 
During handling of the above exception, another exception occurred:
[2025-04-24T19:15:27.565+0000] {logging_mixin.py:188} WARNING - Traceback (most recent call last):
[2025-04-24T19:15:27.565+0000] {logging_mixin.py:188} WARNING -   File "/usr/local/lib/python3.9/logging/__init__.py", line 1087, in emit
    self.flush()
[2025-04-24T19:15:27.566+0000] {logging_mixin.py:188} WARNING -   File "/usr/local/lib/python3.9/logging/__init__.py", line 1067, in flush
    self.stream.flush()
[2025-04-24T19:15:27.568+0000] {logging_mixin.py:188} WARNING - OSError: [Errno 28] No space left on device
[2025-04-24T19:15:27.569+0000] {logging_mixin.py:188} WARNING - 
During handling of the above exception, another exception occurred:
[2025-04-24T19:15:27.570+0000] {logging_mixin.py:188} WARNING - Traceback (most recent call last):
[2025-04-24T19:15:27.571+0000] {logging_mixin.py:188} WARNING -   File "/usr/local/lib/python3.9/logging/__init__.py", line 1087, in emit
    self.flush()
[2025-04-24T19:15:27.572+0000] {logging_mixin.py:188} WARNING -   File "/usr/local/lib/python3.9/logging/__init__.py", line 1067, in flush
    self.stream.flush()
[2025-04-24T19:15:27.578+0000] {logging_mixin.py:188} WARNING - OSError: [Errno 28] No space left on device
[2025-04-24T19:15:27.578+0000] {logging_mixin.py:188} WARNING - Call stack:
[2025-04-24T19:15:27.599+0000] {logging_mixin.py:188} WARNING -   File "/home/***/.local/bin/***", line 8, in <module>
    sys.exit(main())
[2025-04-24T19:15:27.600+0000] {logging_mixin.py:188} WARNING -   File "/home/***/.local/lib/python3.9/site-packages/***/__main__.py", line 57, in main
    args.func(args)
[2025-04-24T19:15:27.601+0000] {logging_mixin.py:188} WARNING -   File "/home/***/.local/lib/python3.9/site-packages/***/cli/cli_config.py", line 49, in command
    return func(*args, **kwargs)
[2025-04-24T19:15:27.602+0000] {logging_mixin.py:188} WARNING -   File "/home/***/.local/lib/python3.9/site-packages/***/utils/cli.py", line 114, in wrapper
    return f(*args, **kwargs)
[2025-04-24T19:15:27.602+0000] {logging_mixin.py:188} WARNING -   File "/home/***/.local/lib/python3.9/site-packages/***/utils/providers_configuration_loader.py", line 55, in wrapped_function
    return func(*args, **kwargs)
[2025-04-24T19:15:27.603+0000] {logging_mixin.py:188} WARNING -   File "/home/***/.local/lib/python3.9/site-packages/***/cli/commands/scheduler_command.py", line 67, in scheduler
    run_command_with_daemon_option(
[2025-04-24T19:15:27.604+0000] {logging_mixin.py:188} WARNING -   File "/home/***/.local/lib/python3.9/site-packages/***/cli/commands/daemon_utils.py", line 86, in run_command_with_daemon_option
    callback()
[2025-04-24T19:15:27.605+0000] {logging_mixin.py:188} WARNING -   File "/home/***/.local/lib/python3.9/site-packages/***/cli/commands/scheduler_command.py", line 70, in <lambda>
    callback=lambda: _run_scheduler_job(args),
[2025-04-24T19:15:27.605+0000] {logging_mixin.py:188} WARNING -   File "/home/***/.local/lib/python3.9/site-packages/***/cli/commands/scheduler_command.py", line 52, in _run_scheduler_job
    run_job(job=job_runner.job, execute_callable=job_runner._execute)
[2025-04-24T19:15:27.605+0000] {logging_mixin.py:188} WARNING -   File "/home/***/.local/lib/python3.9/site-packages/***/utils/session.py", line 79, in wrapper
    return func(*args, session=session, **kwargs)
[2025-04-24T19:15:27.605+0000] {logging_mixin.py:188} WARNING -   File "/home/***/.local/lib/python3.9/site-packages/***/jobs/job.py", line 393, in run_job
    return execute_job(job, execute_callable=execute_callable)
[2025-04-24T19:15:27.606+0000] {logging_mixin.py:188} WARNING -   File "/home/***/.local/lib/python3.9/site-packages/***/jobs/job.py", line 422, in execute_job
    ret = execute_callable()
[2025-04-24T19:15:27.606+0000] {logging_mixin.py:188} WARNING -   File "/home/***/.local/lib/python3.9/site-packages/***/jobs/scheduler_job_runner.py", line 846, in _execute
    self.job.executor.start()
[2025-04-24T19:15:27.606+0000] {logging_mixin.py:188} WARNING -   File "/home/***/.local/lib/python3.9/site-packages/***/executors/local_executor.py", line 372, in start
    self.impl.start()
[2025-04-24T19:15:27.607+0000] {logging_mixin.py:188} WARNING -   File "/home/***/.local/lib/python3.9/site-packages/***/executors/local_executor.py", line 311, in start
    worker.start()
[2025-04-24T19:15:27.608+0000] {logging_mixin.py:188} WARNING -   File "/usr/local/lib/python3.9/multiprocessing/process.py", line 121, in start
    self._popen = self._Popen(self)
[2025-04-24T19:15:27.608+0000] {logging_mixin.py:188} WARNING -   File "/usr/local/lib/python3.9/multiprocessing/context.py", line 224, in _Popen
    return _default_context.get_context().Process._Popen(process_obj)
[2025-04-24T19:15:27.608+0000] {logging_mixin.py:188} WARNING -   File "/usr/local/lib/python3.9/multiprocessing/context.py", line 277, in _Popen
    return Popen(process_obj)
[2025-04-24T19:15:27.608+0000] {logging_mixin.py:188} WARNING -   File "/usr/local/lib/python3.9/multiprocessing/popen_fork.py", line 19, in __init__
    self._launch(process_obj)
[2025-04-24T19:15:27.609+0000] {logging_mixin.py:188} WARNING -   File "/usr/local/lib/python3.9/multiprocessing/popen_fork.py", line 71, in _launch
    code = process_obj._bootstrap(parent_sentinel=child_r)
[2025-04-24T19:15:27.609+0000] {logging_mixin.py:188} WARNING -   File "/usr/local/lib/python3.9/multiprocessing/process.py", line 315, in _bootstrap
    self.run()
[2025-04-24T19:15:27.610+0000] {logging_mixin.py:188} WARNING -   File "/home/***/.local/lib/python3.9/site-packages/***/executors/local_executor.py", line 77, in run
    return super().run()
[2025-04-24T19:15:27.610+0000] {logging_mixin.py:188} WARNING -   File "/usr/local/lib/python3.9/multiprocessing/process.py", line 108, in run
    self._target(*self._args, **self._kwargs)
[2025-04-24T19:15:27.611+0000] {logging_mixin.py:188} WARNING -   File "/home/***/.local/lib/python3.9/site-packages/***/executors/local_executor.py", line 201, in do_work
    self.execute_work(key=key, command=command)
[2025-04-24T19:15:27.612+0000] {logging_mixin.py:188} WARNING -   File "/home/***/.local/lib/python3.9/site-packages/***/executors/local_executor.py", line 94, in execute_work
    state = self._execute_work_in_fork(command)
[2025-04-24T19:15:27.612+0000] {logging_mixin.py:188} WARNING -   File "/home/***/.local/lib/python3.9/site-packages/***/executors/local_executor.py", line 134, in _execute_work_in_fork
    args.func(args)
[2025-04-24T19:15:27.612+0000] {logging_mixin.py:188} WARNING -   File "/home/***/.local/lib/python3.9/site-packages/***/cli/cli_config.py", line 49, in command
    return func(*args, **kwargs)
[2025-04-24T19:15:27.612+0000] {logging_mixin.py:188} WARNING -   File "/home/***/.local/lib/python3.9/site-packages/***/utils/cli.py", line 114, in wrapper
    return f(*args, **kwargs)
[2025-04-24T19:15:27.613+0000] {logging_mixin.py:188} WARNING -   File "/home/***/.local/lib/python3.9/site-packages/***/cli/commands/task_command.py", line 438, in task_run
    task_return_code = _run_task_by_selected_method(args, _dag, ti)
[2025-04-24T19:15:27.613+0000] {logging_mixin.py:188} WARNING -   File "/home/***/.local/lib/python3.9/site-packages/***/cli/commands/task_command.py", line 216, in _run_task_by_selected_method
    return _run_task_by_local_task_job(args, ti)
[2025-04-24T19:15:27.614+0000] {logging_mixin.py:188} WARNING -   File "/home/***/.local/lib/python3.9/site-packages/***/cli/commands/task_command.py", line 278, in _run_task_by_local_task_job
    ret = run_job(job=job_runner.job, execute_callable=job_runner._execute)
[2025-04-24T19:15:27.614+0000] {logging_mixin.py:188} WARNING -   File "/home/***/.local/lib/python3.9/site-packages/***/utils/session.py", line 79, in wrapper
    return func(*args, session=session, **kwargs)
[2025-04-24T19:15:27.614+0000] {logging_mixin.py:188} WARNING -   File "/home/***/.local/lib/python3.9/site-packages/***/jobs/job.py", line 393, in run_job
    return execute_job(job, execute_callable=execute_callable)
[2025-04-24T19:15:27.615+0000] {logging_mixin.py:188} WARNING -   File "/home/***/.local/lib/python3.9/site-packages/***/jobs/job.py", line 422, in execute_job
    ret = execute_callable()
[2025-04-24T19:15:27.615+0000] {logging_mixin.py:188} WARNING -   File "/home/***/.local/lib/python3.9/site-packages/***/jobs/local_task_job_runner.py", line 165, in _execute
    self.task_runner.start()
[2025-04-24T19:15:27.615+0000] {logging_mixin.py:188} WARNING -   File "/home/***/.local/lib/python3.9/site-packages/***/task/task_runner/standard_task_runner.py", line 48, in start
    self.process = self._start_by_fork()
[2025-04-24T19:15:27.615+0000] {logging_mixin.py:188} WARNING -   File "/home/***/.local/lib/python3.9/site-packages/***/task/task_runner/standard_task_runner.py", line 107, in _start_by_fork
    self.log.error(
[2025-04-24T19:15:27.616+0000] {logging_mixin.py:188} WARNING -   File "/usr/local/lib/python3.9/logging/__init__.py", line 1475, in error
    self._log(ERROR, msg, args, **kwargs)
[2025-04-24T19:15:27.616+0000] {logging_mixin.py:188} WARNING -   File "/usr/local/lib/python3.9/logging/__init__.py", line 1589, in _log
    self.handle(record)
[2025-04-24T19:15:27.616+0000] {logging_mixin.py:188} WARNING -   File "/usr/local/lib/python3.9/logging/__init__.py", line 1599, in handle
    self.callHandlers(record)
[2025-04-24T19:15:27.616+0000] {logging_mixin.py:188} WARNING -   File "/usr/local/lib/python3.9/logging/__init__.py", line 1661, in callHandlers
    hdlr.handle(record)
[2025-04-24T19:15:27.616+0000] {logging_mixin.py:188} WARNING -   File "/usr/local/lib/python3.9/logging/__init__.py", line 952, in handle
    self.emit(record)
[2025-04-24T19:15:27.616+0000] {logging_mixin.py:188} WARNING -   File "/home/***/.local/lib/python3.9/site-packages/***/utils/log/file_task_handler.py", line 247, in emit
    self.handler.emit(record)
[2025-04-24T19:15:27.616+0000] {logging_mixin.py:188} WARNING -   File "/usr/local/lib/python3.9/logging/__init__.py", line 1187, in emit
    StreamHandler.emit(self, record)
[2025-04-24T19:15:27.617+0000] {logging_mixin.py:188} WARNING -   File "/usr/local/lib/python3.9/logging/__init__.py", line 1091, in emit
    self.handleError(record)
[2025-04-24T19:15:27.617+0000] {logging_mixin.py:188} WARNING -   File "/usr/local/lib/python3.9/logging/__init__.py", line 1004, in handleError
    sys.stderr.write('--- Logging error ---\n')
[2025-04-24T19:15:27.617+0000] {logging_mixin.py:188} WARNING -   File "/home/***/.local/lib/python3.9/site-packages/***/utils/log/logging_mixin.py", line 200, in write
    self.flush()
[2025-04-24T19:15:27.618+0000] {logging_mixin.py:188} WARNING -   File "/home/***/.local/lib/python3.9/site-packages/***/utils/log/logging_mixin.py", line 207, in flush
    self._propagate_log(buf)
[2025-04-24T19:15:27.618+0000] {logging_mixin.py:188} WARNING -   File "/home/***/.local/lib/python3.9/site-packages/***/utils/log/logging_mixin.py", line 188, in _propagate_log
    self.logger.log(self.level, remove_escape_codes(message))
[2025-04-24T19:15:27.618+0000] {logging_mixin.py:188} WARNING -   File "/usr/local/lib/python3.9/logging/__init__.py", line 1512, in log
    self._log(level, msg, args, **kwargs)
[2025-04-24T19:15:27.619+0000] {logging_mixin.py:188} WARNING -   File "/usr/local/lib/python3.9/logging/__init__.py", line 1589, in _log
    self.handle(record)
[2025-04-24T19:15:27.620+0000] {logging_mixin.py:188} WARNING -   File "/usr/local/lib/python3.9/logging/__init__.py", line 1599, in handle
    self.callHandlers(record)
[2025-04-24T19:15:27.621+0000] {logging_mixin.py:188} WARNING -   File "/usr/local/lib/python3.9/logging/__init__.py", line 1661, in callHandlers
    hdlr.handle(record)
[2025-04-24T19:15:27.623+0000] {logging_mixin.py:188} WARNING -   File "/usr/local/lib/python3.9/logging/__init__.py", line 952, in handle
    self.emit(record)
[2025-04-24T19:15:27.631+0000] {logging_mixin.py:188} WARNING -   File "/home/***/.local/lib/python3.9/site-packages/***/utils/log/file_task_handler.py", line 247, in emit
    self.handler.emit(record)
[2025-04-24T19:15:27.646+0000] {logging_mixin.py:188} WARNING -   File "/usr/local/lib/python3.9/logging/__init__.py", line 1187, in emit
    StreamHandler.emit(self, record)
[2025-04-24T19:15:27.648+0000] {logging_mixin.py:188} WARNING -   File "/usr/local/lib/python3.9/logging/__init__.py", line 1091, in emit
    self.handleError(record)
[2025-04-24T19:15:27.651+0000] {logging_mixin.py:188} WARNING -   File "/usr/local/lib/python3.9/logging/__init__.py", line 1004, in handleError
    sys.stderr.write('--- Logging error ---\n')
[2025-04-24T19:15:27.655+0000] {logging_mixin.py:188} WARNING -   File "/home/***/.local/lib/python3.9/site-packages/***/utils/log/logging_mixin.py", line 200, in write
    self.flush()
[2025-04-24T19:15:27.655+0000] {logging_mixin.py:188} WARNING -   File "/home/***/.local/lib/python3.9/site-packages/***/utils/log/logging_mixin.py", line 207, in flush
    self._propagate_log(buf)
[2025-04-24T19:15:27.658+0000] {logging_mixin.py:188} WARNING -   File "/home/***/.local/lib/python3.9/site-packages/***/utils/log/logging_mixin.py", line 188, in _propagate_log
    self.logger.log(self.level, remove_escape_codes(message))
[2025-04-24T19:15:27.661+0000] {logging_mixin.py:188} WARNING -   File "/usr/local/lib/python3.9/logging/__init__.py", line 1512, in log
    self._log(level, msg, args, **kwargs)
[2025-04-24T19:15:27.661+0000] {logging_mixin.py:188} WARNING -   File "/usr/local/lib/python3.9/logging/__init__.py", line 1589, in _log
    self.handle(record)
[2025-04-24T19:15:27.661+0000] {logging_mixin.py:188} WARNING -   File "/usr/local/lib/python3.9/logging/__init__.py", line 1599, in handle
    self.callHandlers(record)
[2025-04-24T19:15:27.662+0000] {logging_mixin.py:188} WARNING -   File "/usr/local/lib/python3.9/logging/__init__.py", line 1661, in callHandlers
    hdlr.handle(record)
[2025-04-24T19:15:27.662+0000] {logging_mixin.py:188} WARNING -   File "/usr/local/lib/python3.9/logging/__init__.py", line 952, in handle
    self.emit(record)
[2025-04-24T19:15:27.663+0000] {logging_mixin.py:188} WARNING -   File "/home/***/.local/lib/python3.9/site-packages/***/utils/log/file_task_handler.py", line 247, in emit
    self.handler.emit(record)
[2025-04-24T19:15:27.663+0000] {logging_mixin.py:188} WARNING -   File "/usr/local/lib/python3.9/logging/__init__.py", line 1187, in emit
    StreamHandler.emit(self, record)
[2025-04-24T19:15:27.663+0000] {logging_mixin.py:188} WARNING -   File "/usr/local/lib/python3.9/logging/__init__.py", line 1091, in emit
    self.handleError(record)
[2025-04-24T19:15:27.664+0000] {logging_mixin.py:188} WARNING -   File "/usr/local/lib/python3.9/logging/__init__.py", line 1004, in handleError
    sys.stderr.write('--- Logging error ---\n')
[2025-04-24T19:15:27.664+0000] {logging_mixin.py:188} WARNING -   File "/home/***/.local/lib/python3.9/site-packages/***/utils/log/logging_mixin.py", line 200, in write
    self.flush()
[2025-04-24T19:15:27.666+0000] {logging_mixin.py:188} WARNING -   File "/home/***/.local/lib/python3.9/site-packages/***/utils/log/logging_mixin.py", line 207, in flush
    self._propagate_log(buf)
[2025-04-24T19:15:27.667+0000] {logging_mixin.py:188} WARNING -   File "/home/***/.local/lib/python3.9/site-packages/***/utils/log/logging_mixin.py", line 188, in _propagate_log
    self.logger.log(self.level, remove_escape_codes(message))
[2025-04-24T19:15:27.667+0000] {logging_mixin.py:188} WARNING -   File "/usr/local/lib/python3.9/logging/__init__.py", line 1512, in log
    self._log(level, msg, args, **kwargs)
[2025-04-24T19:15:27.668+0000] {logging_mixin.py:188} WARNING -   File "/usr/local/lib/python3.9/logging/__init__.py", line 1589, in _log
    self.handle(record)
[2025-04-24T19:15:27.668+0000] {logging_mixin.py:188} WARNING -   File "/usr/local/lib/python3.9/logging/__init__.py", line 1599, in handle
    self.callHandlers(record)
[2025-04-24T19:15:27.668+0000] {logging_mixin.py:188} WARNING -   File "/usr/local/lib/python3.9/logging/__init__.py", line 1661, in callHandlers
    hdlr.handle(record)
[2025-04-24T19:15:27.669+0000] {logging_mixin.py:188} WARNING -   File "/usr/local/lib/python3.9/logging/__init__.py", line 952, in handle
    self.emit(record)
[2025-04-24T19:15:27.669+0000] {logging_mixin.py:188} WARNING -   File "/home/***/.local/lib/python3.9/site-packages/***/utils/log/file_task_handler.py", line 247, in emit
    self.handler.emit(record)
[2025-04-24T19:15:27.671+0000] {logging_mixin.py:188} WARNING -   File "/usr/local/lib/python3.9/logging/__init__.py", line 1187, in emit
    StreamHandler.emit(self, record)
[2025-04-24T19:15:27.673+0000] {logging_mixin.py:188} WARNING -   File "/usr/local/lib/python3.9/logging/__init__.py", line 1091, in emit
    self.handleError(record)
[2025-04-24T19:15:27.674+0000] {logging_mixin.py:188} WARNING -   File "/usr/local/lib/python3.9/logging/__init__.py", line 1004, in handleError
    sys.stderr.write('--- Logging error ---\n')
[2025-04-24T19:15:27.675+0000] {logging_mixin.py:188} WARNING -   File "/home/***/.local/lib/python3.9/site-packages/***/utils/log/logging_mixin.py", line 200, in write
    self.flush()
[2025-04-24T19:15:27.676+0000] {logging_mixin.py:188} WARNING -   File "/home/***/.local/lib/python3.9/site-packages/***/utils/log/logging_mixin.py", line 207, in flush
    self._propagate_log(buf)
[2025-04-24T19:15:27.678+0000] {logging_mixin.py:188} WARNING -   File "/home/***/.local/lib/python3.9/site-packages/***/utils/log/logging_mixin.py", line 188, in _propagate_log
    self.logger.log(self.level, remove_escape_codes(message))
[2025-04-24T19:15:27.695+0000] {logging_mixin.py:188} WARNING -   File "/usr/local/lib/python3.9/logging/__init__.py", line 1512, in log
    self._log(level, msg, args, **kwargs)
[2025-04-24T19:15:27.750+0000] {logging_mixin.py:188} WARNING -   File "/usr/local/lib/python3.9/logging/__init__.py", line 1589, in _log
    self.handle(record)
[2025-04-24T19:15:27.757+0000] {logging_mixin.py:188} WARNING -   File "/usr/local/lib/python3.9/logging/__init__.py", line 1599, in handle
    self.callHandlers(record)
[2025-04-24T19:15:27.762+0000] {logging_mixin.py:188} WARNING -   File "/usr/local/lib/python3.9/logging/__init__.py", line 1661, in callHandlers
    hdlr.handle(record)
[2025-04-24T19:15:27.764+0000] {logging_mixin.py:188} WARNING -   File "/usr/local/lib/python3.9/logging/__init__.py", line 952, in handle
    self.emit(record)
[2025-04-24T19:15:27.767+0000] {logging_mixin.py:188} WARNING -   File "/home/***/.local/lib/python3.9/site-packages/***/utils/log/file_task_handler.py", line 247, in emit
    self.handler.emit(record)
[2025-04-24T19:15:27.767+0000] {logging_mixin.py:188} WARNING -   File "/usr/local/lib/python3.9/logging/__init__.py", line 1187, in emit
    StreamHandler.emit(self, record)
[2025-04-24T19:15:27.767+0000] {logging_mixin.py:188} WARNING -   File "/usr/local/lib/python3.9/logging/__init__.py", line 1091, in emit
    self.handleError(record)
[2025-04-24T19:15:27.768+0000] {logging_mixin.py:188} WARNING -   File "/usr/local/lib/python3.9/logging/__init__.py", line 1004, in handleError
    sys.stderr.write('--- Logging error ---\n')
[2025-04-24T19:15:27.768+0000] {logging_mixin.py:188} WARNING -   File "/home/***/.local/lib/python3.9/site-packages/***/utils/log/logging_mixin.py", line 200, in write
    self.flush()
[2025-04-24T19:15:27.769+0000] {logging_mixin.py:188} WARNING -   File "/home/***/.local/lib/python3.9/site-packages/***/utils/log/logging_mixin.py", line 207, in flush
    self._propagate_log(buf)
[2025-04-24T19:15:27.770+0000] {logging_mixin.py:188} WARNING -   File "/home/***/.local/lib/python3.9/site-packages/***/utils/log/logging_mixin.py", line 188, in _propagate_log
    self.logger.log(self.level, remove_escape_codes(message))
[2025-04-24T19:15:27.771+0000] {logging_mixin.py:188} WARNING -   File "/usr/local/lib/python3.9/logging/__init__.py", line 1512, in log
    self._log(level, msg, args, **kwargs)
[2025-04-24T19:15:27.772+0000] {logging_mixin.py:188} WARNING -   File "/usr/local/lib/python3.9/logging/__init__.py", line 1589, in _log
    self.handle(record)
[2025-04-24T19:15:27.778+0000] {logging_mixin.py:188} WARNING -   File "/usr/local/lib/python3.9/logging/__init__.py", line 1599, in handle
    self.callHandlers(record)
[2025-04-24T19:15:27.780+0000] {logging_mixin.py:188} WARNING -   File "/usr/local/lib/python3.9/logging/__init__.py", line 1661, in callHandlers
    hdlr.handle(record)
[2025-04-24T19:15:27.781+0000] {logging_mixin.py:188} WARNING -   File "/usr/local/lib/python3.9/logging/__init__.py", line 952, in handle
    self.emit(record)
[2025-04-24T19:15:27.783+0000] {logging_mixin.py:188} WARNING -   File "/home/***/.local/lib/python3.9/site-packages/***/utils/log/file_task_handler.py", line 247, in emit
    self.handler.emit(record)
[2025-04-24T19:15:27.784+0000] {logging_mixin.py:188} WARNING -   File "/usr/local/lib/python3.9/logging/__init__.py", line 1187, in emit
    StreamHandler.emit(self, record)
[2025-04-24T19:15:27.784+0000] {logging_mixin.py:188} WARNING -   File "/usr/local/lib/python3.9/logging/__init__.py", line 1091, in emit
    self.handleError(record)
[2025-04-24T19:15:27.784+0000] {logging_mixin.py:188} WARNING -   File "/usr/local/lib/python3.9/logging/__init__.py", line 1004, in handleError
    sys.stderr.write('--- Logging error ---\n')
[2025-04-24T19:15:27.784+0000] {logging_mixin.py:188} WARNING -   File "/home/***/.local/lib/python3.9/site-packages/***/utils/log/logging_mixin.py", line 200, in write
    self.flush()
[2025-04-24T19:15:27.784+0000] {logging_mixin.py:188} WARNING -   File "/home/***/.local/lib/python3.9/site-packages/***/utils/log/logging_mixin.py", line 207, in flush
    self._propagate_log(buf)
[2025-04-24T19:15:27.785+0000] {logging_mixin.py:188} WARNING -   File "/home/***/.local/lib/python3.9/site-packages/***/utils/log/logging_mixin.py", line 188, in _propagate_log
    self.logger.log(self.level, remove_escape_codes(message))
[2025-04-24T19:15:27.785+0000] {logging_mixin.py:188} WARNING -   File "/usr/local/lib/python3.9/logging/__init__.py", line 1512, in log
    self._log(level, msg, args, **kwargs)
[2025-04-24T19:15:27.785+0000] {logging_mixin.py:188} WARNING -   File "/usr/local/lib/python3.9/logging/__init__.py", line 1589, in _log
    self.handle(record)
[2025-04-24T19:15:27.786+0000] {logging_mixin.py:188} WARNING -   File "/usr/local/lib/python3.9/logging/__init__.py", line 1599, in handle
    self.callHandlers(record)
[2025-04-24T19:15:27.786+0000] {logging_mixin.py:188} WARNING -   File "/usr/local/lib/python3.9/logging/__init__.py", line 1661, in callHandlers
    hdlr.handle(record)
[2025-04-24T19:15:27.787+0000] {logging_mixin.py:188} WARNING -   File "/usr/local/lib/python3.9/logging/__init__.py", line 952, in handle
    self.emit(record)
[2025-04-24T19:15:27.787+0000] {logging_mixin.py:188} WARNING -   File "/home/***/.local/lib/python3.9/site-packages/***/utils/log/file_task_handler.py", line 247, in emit
    self.handler.emit(record)
[2025-04-24T19:15:27.791+0000] {logging_mixin.py:188} WARNING -   File "/usr/local/lib/python3.9/logging/__init__.py", line 1187, in emit
    StreamHandler.emit(self, record)
[2025-04-24T19:15:27.793+0000] {logging_mixin.py:188} WARNING -   File "/usr/local/lib/python3.9/logging/__init__.py", line 1091, in emit
    self.handleError(record)
[2025-04-24T19:15:27.794+0000] {logging_mixin.py:188} WARNING -   File "/usr/local/lib/python3.9/logging/__init__.py", line 1004, in handleError
    sys.stderr.write('--- Logging error ---\n')
[2025-04-24T19:15:27.795+0000] {logging_mixin.py:188} WARNING -   File "/home/***/.local/lib/python3.9/site-packages/***/utils/log/logging_mixin.py", line 200, in write
    self.flush()
[2025-04-24T19:15:27.795+0000] {logging_mixin.py:188} WARNING -   File "/home/***/.local/lib/python3.9/site-packages/***/utils/log/logging_mixin.py", line 207, in flush
    self._propagate_log(buf)
[2025-04-24T19:15:27.796+0000] {logging_mixin.py:188} WARNING -   File "/home/***/.local/lib/python3.9/site-packages/***/utils/log/logging_mixin.py", line 188, in _propagate_log
    self.logger.log(self.level, remove_escape_codes(message))
[2025-04-24T19:15:27.796+0000] {logging_mixin.py:188} WARNING -   File "/usr/local/lib/python3.9/logging/__init__.py", line 1512, in log
    self._log(level, msg, args, **kwargs)
[2025-04-24T19:15:27.797+0000] {logging_mixin.py:188} WARNING -   File "/usr/local/lib/python3.9/logging/__init__.py", line 1589, in _log
    self.handle(record)
[2025-04-24T19:15:27.798+0000] {logging_mixin.py:188} WARNING -   File "/usr/local/lib/python3.9/logging/__init__.py", line 1599, in handle
    self.callHandlers(record)
[2025-04-24T19:15:27.798+0000] {logging_mixin.py:188} WARNING -   File "/usr/local/lib/python3.9/logging/__init__.py", line 1661, in callHandlers
    hdlr.handle(record)
[2025-04-24T19:15:27.800+0000] {logging_mixin.py:188} WARNING -   File "/usr/local/lib/python3.9/logging/__init__.py", line 952, in handle
    self.emit(record)
[2025-04-24T19:15:27.801+0000] {logging_mixin.py:188} WARNING -   File "/home/***/.local/lib/python3.9/site-packages/***/utils/log/file_task_handler.py", line 247, in emit
    self.handler.emit(record)
[2025-04-24T19:15:27.801+0000] {logging_mixin.py:188} WARNING -   File "/usr/local/lib/python3.9/logging/__init__.py", line 1187, in emit
    StreamHandler.emit(self, record)
[2025-04-24T19:15:27.802+0000] {logging_mixin.py:188} WARNING -   File "/usr/local/lib/python3.9/logging/__init__.py", line 1091, in emit
    self.handleError(record)
[2025-04-24T19:15:27.802+0000] {logging_mixin.py:188} WARNING -   File "/usr/local/lib/python3.9/logging/__init__.py", line 1004, in handleError
    sys.stderr.write('--- Logging error ---\n')
[2025-04-24T19:15:27.802+0000] {logging_mixin.py:188} WARNING -   File "/home/***/.local/lib/python3.9/site-packages/***/utils/log/logging_mixin.py", line 200, in write
    self.flush()
[2025-04-24T19:15:27.803+0000] {logging_mixin.py:188} WARNING -   File "/home/***/.local/lib/python3.9/site-packages/***/utils/log/logging_mixin.py", line 207, in flush
    self._propagate_log(buf)
[2025-04-24T19:15:27.803+0000] {logging_mixin.py:188} WARNING -   File "/home/***/.local/lib/python3.9/site-packages/***/utils/log/logging_mixin.py", line 188, in _propagate_log
    self.logger.log(self.level, remove_escape_codes(message))
[2025-04-24T19:15:27.804+0000] {logging_mixin.py:188} WARNING -   File "/usr/local/lib/python3.9/logging/__init__.py", line 1512, in log
    self._log(level, msg, args, **kwargs)
[2025-04-24T19:15:27.805+0000] {logging_mixin.py:188} WARNING -   File "/usr/local/lib/python3.9/logging/__init__.py", line 1589, in _log
    self.handle(record)
[2025-04-24T19:15:27.806+0000] {logging_mixin.py:188} WARNING -   File "/usr/local/lib/python3.9/logging/__init__.py", line 1599, in handle
    self.callHandlers(record)
[2025-04-24T19:15:27.806+0000] {logging_mixin.py:188} WARNING -   File "/usr/local/lib/python3.9/logging/__init__.py", line 1661, in callHandlers
    hdlr.handle(record)
[2025-04-24T19:15:27.808+0000] {logging_mixin.py:188} WARNING -   File "/usr/local/lib/python3.9/logging/__init__.py", line 952, in handle
    self.emit(record)
[2025-04-24T19:15:27.812+0000] {logging_mixin.py:188} WARNING -   File "/home/***/.local/lib/python3.9/site-packages/***/utils/log/file_task_handler.py", line 247, in emit
    self.handler.emit(record)
[2025-04-24T19:15:27.814+0000] {logging_mixin.py:188} WARNING -   File "/usr/local/lib/python3.9/logging/__init__.py", line 1187, in emit
    StreamHandler.emit(self, record)
[2025-04-24T19:15:27.817+0000] {logging_mixin.py:188} WARNING -   File "/usr/local/lib/python3.9/logging/__init__.py", line 1091, in emit
    self.handleError(record)
[2025-04-24T19:15:27.819+0000] {logging_mixin.py:188} WARNING -   File "/usr/local/lib/python3.9/logging/__init__.py", line 1004, in handleError
    sys.stderr.write('--- Logging error ---\n')
[2025-04-24T19:15:27.819+0000] {logging_mixin.py:188} WARNING -   File "/home/***/.local/lib/python3.9/site-packages/***/utils/log/logging_mixin.py", line 200, in write
    self.flush()
[2025-04-24T19:15:27.819+0000] {logging_mixin.py:188} WARNING -   File "/home/***/.local/lib/python3.9/site-packages/***/utils/log/logging_mixin.py", line 207, in flush
    self._propagate_log(buf)
[2025-04-24T19:15:27.821+0000] {logging_mixin.py:188} WARNING -   File "/home/***/.local/lib/python3.9/site-packages/***/utils/log/logging_mixin.py", line 188, in _propagate_log
    self.logger.log(self.level, remove_escape_codes(message))
[2025-04-24T19:15:27.824+0000] {logging_mixin.py:188} WARNING -   File "/usr/local/lib/python3.9/logging/__init__.py", line 1512, in log
    self._log(level, msg, args, **kwargs)
[2025-04-24T19:15:27.824+0000] {logging_mixin.py:188} WARNING -   File "/usr/local/lib/python3.9/logging/__init__.py", line 1589, in _log
    self.handle(record)
[2025-04-24T19:15:27.825+0000] {logging_mixin.py:188} WARNING -   File "/usr/local/lib/python3.9/logging/__init__.py", line 1599, in handle
    self.callHandlers(record)
[2025-04-24T19:15:27.825+0000] {logging_mixin.py:188} WARNING -   File "/usr/local/lib/python3.9/logging/__init__.py", line 1661, in callHandlers
    hdlr.handle(record)
[2025-04-24T19:15:27.826+0000] {logging_mixin.py:188} WARNING -   File "/usr/local/lib/python3.9/logging/__init__.py", line 952, in handle
    self.emit(record)
[2025-04-24T19:15:27.826+0000] {logging_mixin.py:188} WARNING -   File "/home/***/.local/lib/python3.9/site-packages/***/utils/log/file_task_handler.py", line 247, in emit
    self.handler.emit(record)
[2025-04-24T19:15:27.827+0000] {logging_mixin.py:188} WARNING -   File "/usr/local/lib/python3.9/logging/__init__.py", line 1187, in emit
    StreamHandler.emit(self, record)
[2025-04-24T19:15:27.828+0000] {logging_mixin.py:188} WARNING -   File "/usr/local/lib/python3.9/logging/__init__.py", line 1091, in emit
    self.handleError(record)
[2025-04-24T19:15:27.828+0000] {logging_mixin.py:188} WARNING -   File "/usr/local/lib/python3.9/logging/__init__.py", line 1004, in handleError
    sys.stderr.write('--- Logging error ---\n')
[2025-04-24T19:15:27.828+0000] {logging_mixin.py:188} WARNING -   File "/home/***/.local/lib/python3.9/site-packages/***/utils/log/logging_mixin.py", line 200, in write
    self.flush()
[2025-04-24T19:15:27.829+0000] {logging_mixin.py:188} WARNING -   File "/home/***/.local/lib/python3.9/site-packages/***/utils/log/logging_mixin.py", line 207, in flush
    self._propagate_log(buf)
[2025-04-24T19:15:27.830+0000] {logging_mixin.py:188} WARNING -   File "/home/***/.local/lib/python3.9/site-packages/***/utils/log/logging_mixin.py", line 188, in _propagate_log
    self.logger.log(self.level, remove_escape_codes(message))
[2025-04-24T19:15:27.831+0000] {logging_mixin.py:188} WARNING -   File "/usr/local/lib/python3.9/logging/__init__.py", line 1512, in log
    self._log(level, msg, args, **kwargs)
[2025-04-24T19:15:27.831+0000] {logging_mixin.py:188} WARNING -   File "/usr/local/lib/python3.9/logging/__init__.py", line 1589, in _log
    self.handle(record)
[2025-04-24T19:15:27.832+0000] {logging_mixin.py:188} WARNING -   File "/usr/local/lib/python3.9/logging/__init__.py", line 1599, in handle
    self.callHandlers(record)
[2025-04-24T19:15:27.833+0000] {logging_mixin.py:188} WARNING -   File "/usr/local/lib/python3.9/logging/__init__.py", line 1661, in callHandlers
    hdlr.handle(record)
[2025-04-24T19:15:27.833+0000] {logging_mixin.py:188} WARNING -   File "/usr/local/lib/python3.9/logging/__init__.py", line 952, in handle
    self.emit(record)
[2025-04-24T19:15:27.835+0000] {logging_mixin.py:188} WARNING -   File "/home/***/.local/lib/python3.9/site-packages/***/utils/log/file_task_handler.py", line 247, in emit
    self.handler.emit(record)
[2025-04-24T19:15:27.836+0000] {logging_mixin.py:188} WARNING -   File "/usr/local/lib/python3.9/logging/__init__.py", line 1187, in emit
    StreamHandler.emit(self, record)
[2025-04-24T19:15:27.838+0000] {logging_mixin.py:188} WARNING -   File "/usr/local/lib/python3.9/logging/__init__.py", line 1091, in emit
    self.handleError(record)
[2025-04-24T19:15:27.838+0000] {logging_mixin.py:188} WARNING -   File "/usr/local/lib/python3.9/logging/__init__.py", line 1004, in handleError
    sys.stderr.write('--- Logging error ---\n')
[2025-04-24T19:15:27.838+0000] {logging_mixin.py:188} WARNING -   File "/home/***/.local/lib/python3.9/site-packages/***/utils/log/logging_mixin.py", line 200, in write
    self.flush()
[2025-04-24T19:15:27.838+0000] {logging_mixin.py:188} WARNING -   File "/home/***/.local/lib/python3.9/site-packages/***/utils/log/logging_mixin.py", line 207, in flush
    self._propagate_log(buf)
[2025-04-24T19:15:27.839+0000] {logging_mixin.py:188} WARNING -   File "/home/***/.local/lib/python3.9/site-packages/***/utils/log/logging_mixin.py", line 188, in _propagate_log
    self.logger.log(self.level, remove_escape_codes(message))
[2025-04-24T19:15:27.840+0000] {logging_mixin.py:188} WARNING -   File "/usr/local/lib/python3.9/logging/__init__.py", line 1512, in log
    self._log(level, msg, args, **kwargs)
[2025-04-24T19:15:27.840+0000] {logging_mixin.py:188} WARNING -   File "/usr/local/lib/python3.9/logging/__init__.py", line 1589, in _log
    self.handle(record)
[2025-04-24T19:15:27.840+0000] {logging_mixin.py:188} WARNING -   File "/usr/local/lib/python3.9/logging/__init__.py", line 1599, in handle
    self.callHandlers(record)
[2025-04-24T19:15:27.841+0000] {logging_mixin.py:188} WARNING -   File "/usr/local/lib/python3.9/logging/__init__.py", line 1661, in callHandlers
    hdlr.handle(record)
[2025-04-24T19:15:27.841+0000] {logging_mixin.py:188} WARNING -   File "/usr/local/lib/python3.9/logging/__init__.py", line 952, in handle
    self.emit(record)
[2025-04-24T19:15:27.841+0000] {logging_mixin.py:188} WARNING -   File "/home/***/.local/lib/python3.9/site-packages/***/utils/log/file_task_handler.py", line 247, in emit
    self.handler.emit(record)
[2025-04-24T19:15:27.841+0000] {logging_mixin.py:188} WARNING -   File "/usr/local/lib/python3.9/logging/__init__.py", line 1187, in emit
    StreamHandler.emit(self, record)
[2025-04-24T19:15:27.842+0000] {logging_mixin.py:188} WARNING -   File "/usr/local/lib/python3.9/logging/__init__.py", line 1091, in emit
    self.handleError(record)
[2025-04-24T19:15:27.843+0000] {logging_mixin.py:188} WARNING -   File "/usr/local/lib/python3.9/logging/__init__.py", line 1004, in handleError
    sys.stderr.write('--- Logging error ---\n')
[2025-04-24T19:15:27.845+0000] {logging_mixin.py:188} WARNING -   File "/home/***/.local/lib/python3.9/site-packages/***/utils/log/logging_mixin.py", line 200, in write
    self.flush()
[2025-04-24T19:15:27.846+0000] {logging_mixin.py:188} WARNING -   File "/home/***/.local/lib/python3.9/site-packages/***/utils/log/logging_mixin.py", line 207, in flush
    self._propagate_log(buf)
[2025-04-24T19:15:27.846+0000] {logging_mixin.py:188} WARNING -   File "/home/***/.local/lib/python3.9/site-packages/***/utils/log/logging_mixin.py", line 188, in _propagate_log
    self.logger.log(self.level, remove_escape_codes(message))
[2025-04-24T19:15:27.846+0000] {logging_mixin.py:188} WARNING -   File "/usr/local/lib/python3.9/logging/__init__.py", line 1512, in log
    self._log(level, msg, args, **kwargs)
[2025-04-24T19:15:27.847+0000] {logging_mixin.py:188} WARNING -   File "/usr/local/lib/python3.9/logging/__init__.py", line 1589, in _log
    self.handle(record)
[2025-04-24T19:15:27.847+0000] {logging_mixin.py:188} WARNING -   File "/usr/local/lib/python3.9/logging/__init__.py", line 1599, in handle
    self.callHandlers(record)
[2025-04-24T19:15:27.847+0000] {logging_mixin.py:188} WARNING -   File "/usr/local/lib/python3.9/logging/__init__.py", line 1661, in callHandlers
    hdlr.handle(record)
[2025-04-24T19:15:27.847+0000] {logging_mixin.py:188} WARNING -   File "/usr/local/lib/python3.9/logging/__init__.py", line 952, in handle
    self.emit(record)
[2025-04-24T19:15:27.848+0000] {logging_mixin.py:188} WARNING -   File "/home/***/.local/lib/python3.9/site-packages/***/utils/log/file_task_handler.py", line 247, in emit
    self.handler.emit(record)
[2025-04-24T19:15:27.848+0000] {logging_mixin.py:188} WARNING -   File "/usr/local/lib/python3.9/logging/__init__.py", line 1187, in emit
    StreamHandler.emit(self, record)
[2025-04-24T19:15:27.848+0000] {logging_mixin.py:188} WARNING -   File "/usr/local/lib/python3.9/logging/__init__.py", line 1091, in emit
    self.handleError(record)
[2025-04-24T19:15:27.849+0000] {logging_mixin.py:188} WARNING -   File "/usr/local/lib/python3.9/logging/__init__.py", line 1004, in handleError
    sys.stderr.write('--- Logging error ---\n')
[2025-04-24T19:15:27.849+0000] {logging_mixin.py:188} WARNING -   File "/home/***/.local/lib/python3.9/site-packages/***/utils/log/logging_mixin.py", line 200, in write
    self.flush()
[2025-04-24T19:15:27.850+0000] {logging_mixin.py:188} WARNING -   File "/home/***/.local/lib/python3.9/site-packages/***/utils/log/logging_mixin.py", line 207, in flush
    self._propagate_log(buf)
[2025-04-24T19:15:27.850+0000] {logging_mixin.py:188} WARNING -   File "/home/***/.local/lib/python3.9/site-packages/***/utils/log/logging_mixin.py", line 188, in _propagate_log
    self.logger.log(self.level, remove_escape_codes(message))
[2025-04-24T19:15:27.851+0000] {logging_mixin.py:188} WARNING -   File "/usr/local/lib/python3.9/logging/__init__.py", line 1512, in log
    self._log(level, msg, args, **kwargs)
[2025-04-24T19:15:27.852+0000] {logging_mixin.py:188} WARNING -   File "/usr/local/lib/python3.9/logging/__init__.py", line 1589, in _log
    self.handle(record)
[2025-04-24T19:15:27.852+0000] {logging_mixin.py:188} WARNING -   File "/usr/local/lib/python3.9/logging/__init__.py", line 1599, in handle
    self.callHandlers(record)
[2025-04-24T19:15:27.852+0000] {logging_mixin.py:188} WARNING -   File "/usr/local/lib/python3.9/logging/__init__.py", line 1661, in callHandlers
    hdlr.handle(record)
[2025-04-24T19:15:27.853+0000] {logging_mixin.py:188} WARNING -   File "/usr/local/lib/python3.9/logging/__init__.py", line 952, in handle
    self.emit(record)
[2025-04-24T19:15:27.853+0000] {logging_mixin.py:188} WARNING -   File "/home/***/.local/lib/python3.9/site-packages/***/utils/log/file_task_handler.py", line 247, in emit
    self.handler.emit(record)
[2025-04-24T19:15:27.854+0000] {logging_mixin.py:188} WARNING -   File "/usr/local/lib/python3.9/logging/__init__.py", line 1187, in emit
    StreamHandler.emit(self, record)
[2025-04-24T19:15:27.854+0000] {logging_mixin.py:188} WARNING -   File "/usr/local/lib/python3.9/logging/__init__.py", line 1091, in emit
    self.handleError(record)
[2025-04-24T19:15:27.854+0000] {logging_mixin.py:188} WARNING -   File "/usr/local/lib/python3.9/logging/__init__.py", line 1004, in handleError
    sys.stderr.write('--- Logging error ---\n')
[2025-04-24T19:15:27.855+0000] {logging_mixin.py:188} WARNING -   File "/home/***/.local/lib/python3.9/site-packages/***/utils/log/logging_mixin.py", line 200, in write
    self.flush()
[2025-04-24T19:15:27.855+0000] {logging_mixin.py:188} WARNING -   File "/home/***/.local/lib/python3.9/site-packages/***/utils/log/logging_mixin.py", line 207, in flush
    self._propagate_log(buf)
[2025-04-24T19:15:27.856+0000] {logging_mixin.py:188} WARNING -   File "/home/***/.local/lib/python3.9/site-packages/***/utils/log/logging_mixin.py", line 188, in _propagate_log
    self.logger.log(self.level, remove_escape_codes(message))
[2025-04-24T19:15:27.857+0000] {logging_mixin.py:188} WARNING -   File "/usr/local/lib/python3.9/logging/__init__.py", line 1512, in log
    self._log(level, msg, args, **kwargs)
[2025-04-24T19:15:27.857+0000] {logging_mixin.py:188} WARNING -   File "/usr/local/lib/python3.9/logging/__init__.py", line 1589, in _log
    self.handle(record)
[2025-04-24T19:15:27.857+0000] {logging_mixin.py:188} WARNING -   File "/usr/local/lib/python3.9/logging/__init__.py", line 1599, in handle
    self.callHandlers(record)
[2025-04-24T19:15:27.858+0000] {logging_mixin.py:188} WARNING -   File "/usr/local/lib/python3.9/logging/__init__.py", line 1661, in callHandlers
    hdlr.handle(record)
[2025-04-24T19:15:27.858+0000] {logging_mixin.py:188} WARNING -   File "/usr/local/lib/python3.9/logging/__init__.py", line 952, in handle
    self.emit(record)
[2025-04-24T19:15:27.859+0000] {logging_mixin.py:188} WARNING -   File "/home/***/.local/lib/python3.9/site-packages/***/utils/log/file_task_handler.py", line 247, in emit
    self.handler.emit(record)
[2025-04-24T19:15:27.859+0000] {logging_mixin.py:188} WARNING -   File "/usr/local/lib/python3.9/logging/__init__.py", line 1187, in emit
    StreamHandler.emit(self, record)
[2025-04-24T19:15:27.859+0000] {logging_mixin.py:188} WARNING -   File "/usr/local/lib/python3.9/logging/__init__.py", line 1091, in emit
    self.handleError(record)
[2025-04-24T19:15:27.863+0000] {logging_mixin.py:188} WARNING -   File "/usr/local/lib/python3.9/logging/__init__.py", line 1004, in handleError
    sys.stderr.write('--- Logging error ---\n')
[2025-04-24T19:15:27.866+0000] {logging_mixin.py:188} WARNING -   File "/home/***/.local/lib/python3.9/site-packages/***/utils/log/logging_mixin.py", line 200, in write
    self.flush()
[2025-04-24T19:15:27.867+0000] {logging_mixin.py:188} WARNING -   File "/home/***/.local/lib/python3.9/site-packages/***/utils/log/logging_mixin.py", line 207, in flush
    self._propagate_log(buf)
[2025-04-24T19:15:27.867+0000] {logging_mixin.py:188} WARNING -   File "/home/***/.local/lib/python3.9/site-packages/***/utils/log/logging_mixin.py", line 188, in _propagate_log
    self.logger.log(self.level, remove_escape_codes(message))
[2025-04-24T19:15:27.868+0000] {logging_mixin.py:188} WARNING -   File "/usr/local/lib/python3.9/logging/__init__.py", line 1512, in log
    self._log(level, msg, args, **kwargs)
[2025-04-24T19:15:27.872+0000] {logging_mixin.py:188} WARNING -   File "/usr/local/lib/python3.9/logging/__init__.py", line 1589, in _log
    self.handle(record)
[2025-04-24T19:15:27.873+0000] {logging_mixin.py:188} WARNING -   File "/usr/local/lib/python3.9/logging/__init__.py", line 1599, in handle
    self.callHandlers(record)
[2025-04-24T19:15:27.873+0000] {logging_mixin.py:188} WARNING -   File "/usr/local/lib/python3.9/logging/__init__.py", line 1661, in callHandlers
    hdlr.handle(record)
[2025-04-24T19:15:27.874+0000] {logging_mixin.py:188} WARNING -   File "/usr/local/lib/python3.9/logging/__init__.py", line 952, in handle
    self.emit(record)
[2025-04-24T19:15:27.874+0000] {logging_mixin.py:188} WARNING -   File "/home/***/.local/lib/python3.9/site-packages/***/utils/log/file_task_handler.py", line 247, in emit
    self.handler.emit(record)
[2025-04-24T19:15:27.875+0000] {logging_mixin.py:188} WARNING -   File "/usr/local/lib/python3.9/logging/__init__.py", line 1187, in emit
    StreamHandler.emit(self, record)
[2025-04-24T19:15:27.876+0000] {logging_mixin.py:188} WARNING -   File "/usr/local/lib/python3.9/logging/__init__.py", line 1091, in emit
    self.handleError(record)
[2025-04-24T19:15:27.876+0000] {logging_mixin.py:188} WARNING -   File "/usr/local/lib/python3.9/logging/__init__.py", line 1004, in handleError
    sys.stderr.write('--- Logging error ---\n')
[2025-04-24T19:15:27.876+0000] {logging_mixin.py:188} WARNING -   File "/home/***/.local/lib/python3.9/site-packages/***/utils/log/logging_mixin.py", line 200, in write
    self.flush()
[2025-04-24T19:15:27.877+0000] {logging_mixin.py:188} WARNING -   File "/home/***/.local/lib/python3.9/site-packages/***/utils/log/logging_mixin.py", line 207, in flush
    self._propagate_log(buf)
[2025-04-24T19:15:27.877+0000] {logging_mixin.py:188} WARNING -   File "/home/***/.local/lib/python3.9/site-packages/***/utils/log/logging_mixin.py", line 188, in _propagate_log
    self.logger.log(self.level, remove_escape_codes(message))
[2025-04-24T19:15:27.878+0000] {logging_mixin.py:188} WARNING -   File "/usr/local/lib/python3.9/logging/__init__.py", line 1512, in log
    self._log(level, msg, args, **kwargs)
[2025-04-24T19:15:27.878+0000] {logging_mixin.py:188} WARNING -   File "/usr/local/lib/python3.9/logging/__init__.py", line 1589, in _log
    self.handle(record)
[2025-04-24T19:15:27.878+0000] {logging_mixin.py:188} WARNING -   File "/usr/local/lib/python3.9/logging/__init__.py", line 1599, in handle
    self.callHandlers(record)
[2025-04-24T19:15:27.879+0000] {logging_mixin.py:188} WARNING -   File "/usr/local/lib/python3.9/logging/__init__.py", line 1661, in callHandlers
    hdlr.handle(record)
[2025-04-24T19:15:27.880+0000] {logging_mixin.py:188} WARNING -   File "/usr/local/lib/python3.9/logging/__init__.py", line 952, in handle
    self.emit(record)
[2025-04-24T19:15:27.881+0000] {logging_mixin.py:188} WARNING -   File "/home/***/.local/lib/python3.9/site-packages/***/utils/log/file_task_handler.py", line 247, in emit
    self.handler.emit(record)
[2025-04-24T19:15:27.882+0000] {logging_mixin.py:188} WARNING -   File "/usr/local/lib/python3.9/logging/__init__.py", line 1187, in emit
    StreamHandler.emit(self, record)
[2025-04-24T19:15:27.882+0000] {logging_mixin.py:188} WARNING -   File "/usr/local/lib/python3.9/logging/__init__.py", line 1091, in emit
    self.handleError(record)
[2025-04-24T19:15:27.883+0000] {logging_mixin.py:188} WARNING -   File "/usr/local/lib/python3.9/logging/__init__.py", line 1004, in handleError
    sys.stderr.write('--- Logging error ---\n')
[2025-04-24T19:15:27.883+0000] {logging_mixin.py:188} WARNING -   File "/home/***/.local/lib/python3.9/site-packages/***/utils/log/logging_mixin.py", line 200, in write
    self.flush()
[2025-04-24T19:15:27.884+0000] {logging_mixin.py:188} WARNING -   File "/home/***/.local/lib/python3.9/site-packages/***/utils/log/logging_mixin.py", line 207, in flush
    self._propagate_log(buf)
[2025-04-24T19:15:27.885+0000] {logging_mixin.py:188} WARNING -   File "/home/***/.local/lib/python3.9/site-packages/***/utils/log/logging_mixin.py", line 188, in _propagate_log
    self.logger.log(self.level, remove_escape_codes(message))
[2025-04-24T19:15:27.885+0000] {logging_mixin.py:188} WARNING -   File "/usr/local/lib/python3.9/logging/__init__.py", line 1512, in log
    self._log(level, msg, args, **kwargs)
[2025-04-24T19:15:27.886+0000] {logging_mixin.py:188} WARNING -   File "/usr/local/lib/python3.9/logging/__init__.py", line 1589, in _log
    self.handle(record)
[2025-04-24T19:15:27.888+0000] {logging_mixin.py:188} WARNING -   File "/usr/local/lib/python3.9/logging/__init__.py", line 1599, in handle
    self.callHandlers(record)
[2025-04-24T19:15:27.888+0000] {logging_mixin.py:188} WARNING -   File "/usr/local/lib/python3.9/logging/__init__.py", line 1661, in callHandlers
    hdlr.handle(record)
[2025-04-24T19:15:27.889+0000] {logging_mixin.py:188} WARNING -   File "/usr/local/lib/python3.9/logging/__init__.py", line 952, in handle
    self.emit(record)
[2025-04-24T19:15:27.890+0000] {logging_mixin.py:188} WARNING -   File "/home/***/.local/lib/python3.9/site-packages/***/utils/log/file_task_handler.py", line 247, in emit
    self.handler.emit(record)
[2025-04-24T19:15:27.890+0000] {logging_mixin.py:188} WARNING -   File "/usr/local/lib/python3.9/logging/__init__.py", line 1187, in emit
    StreamHandler.emit(self, record)
[2025-04-24T19:15:27.891+0000] {logging_mixin.py:188} WARNING -   File "/usr/local/lib/python3.9/logging/__init__.py", line 1091, in emit
    self.handleError(record)
[2025-04-24T19:15:27.891+0000] {logging_mixin.py:188} WARNING -   File "/usr/local/lib/python3.9/logging/__init__.py", line 1004, in handleError
    sys.stderr.write('--- Logging error ---\n')
[2025-04-24T19:15:27.891+0000] {logging_mixin.py:188} WARNING -   File "/home/***/.local/lib/python3.9/site-packages/***/utils/log/logging_mixin.py", line 200, in write
    self.flush()
[2025-04-24T19:15:27.892+0000] {logging_mixin.py:188} WARNING -   File "/home/***/.local/lib/python3.9/site-packages/***/utils/log/logging_mixin.py", line 207, in flush
    self._propagate_log(buf)
[2025-04-24T19:15:27.892+0000] {logging_mixin.py:188} WARNING -   File "/home/***/.local/lib/python3.9/site-packages/***/utils/log/logging_mixin.py", line 188, in _propagate_log
    self.logger.log(self.level, remove_escape_codes(message))
[2025-04-24T19:15:27.892+0000] {logging_mixin.py:188} WARNING -   File "/usr/local/lib/python3.9/logging/__init__.py", line 1512, in log
    self._log(level, msg, args, **kwargs)
[2025-04-24T19:15:27.893+0000] {logging_mixin.py:188} WARNING -   File "/usr/local/lib/python3.9/logging/__init__.py", line 1589, in _log
    self.handle(record)
[2025-04-24T19:15:27.893+0000] {logging_mixin.py:188} WARNING -   File "/usr/local/lib/python3.9/logging/__init__.py", line 1599, in handle
    self.callHandlers(record)
[2025-04-24T19:15:27.894+0000] {logging_mixin.py:188} WARNING -   File "/usr/local/lib/python3.9/logging/__init__.py", line 1661, in callHandlers
    hdlr.handle(record)
[2025-04-24T19:15:27.894+0000] {logging_mixin.py:188} WARNING -   File "/usr/local/lib/python3.9/logging/__init__.py", line 952, in handle
    self.emit(record)
[2025-04-24T19:15:27.894+0000] {logging_mixin.py:188} WARNING -   File "/home/***/.local/lib/python3.9/site-packages/***/utils/log/file_task_handler.py", line 247, in emit
    self.handler.emit(record)
[2025-04-24T19:15:27.895+0000] {logging_mixin.py:188} WARNING -   File "/usr/local/lib/python3.9/logging/__init__.py", line 1187, in emit
    StreamHandler.emit(self, record)
[2025-04-24T19:15:27.895+0000] {logging_mixin.py:188} WARNING -   File "/usr/local/lib/python3.9/logging/__init__.py", line 1091, in emit
    self.handleError(record)
[2025-04-24T19:15:27.895+0000] {logging_mixin.py:188} WARNING -   File "/usr/local/lib/python3.9/logging/__init__.py", line 1004, in handleError
    sys.stderr.write('--- Logging error ---\n')
[2025-04-24T19:15:27.896+0000] {logging_mixin.py:188} WARNING -   File "/home/***/.local/lib/python3.9/site-packages/***/utils/log/logging_mixin.py", line 200, in write
    self.flush()
[2025-04-24T19:15:27.896+0000] {logging_mixin.py:188} WARNING -   File "/home/***/.local/lib/python3.9/site-packages/***/utils/log/logging_mixin.py", line 207, in flush
    self._propagate_log(buf)
[2025-04-24T19:15:27.896+0000] {logging_mixin.py:188} WARNING -   File "/home/***/.local/lib/python3.9/site-packages/***/utils/log/logging_mixin.py", line 188, in _propagate_log
    self.logger.log(self.level, remove_escape_codes(message))
[2025-04-24T19:15:27.897+0000] {logging_mixin.py:188} WARNING -   File "/usr/local/lib/python3.9/logging/__init__.py", line 1512, in log
    self._log(level, msg, args, **kwargs)
[2025-04-24T19:15:27.897+0000] {logging_mixin.py:188} WARNING -   File "/usr/local/lib/python3.9/logging/__init__.py", line 1589, in _log
    self.handle(record)
[2025-04-24T19:15:27.897+0000] {logging_mixin.py:188} WARNING -   File "/usr/local/lib/python3.9/logging/__init__.py", line 1599, in handle
    self.callHandlers(record)
[2025-04-24T19:15:27.897+0000] {logging_mixin.py:188} WARNING -   File "/usr/local/lib/python3.9/logging/__init__.py", line 1661, in callHandlers
    hdlr.handle(record)
[2025-04-24T19:15:27.898+0000] {logging_mixin.py:188} WARNING -   File "/usr/local/lib/python3.9/logging/__init__.py", line 952, in handle
    self.emit(record)
[2025-04-24T19:15:27.898+0000] {logging_mixin.py:188} WARNING -   File "/home/***/.local/lib/python3.9/site-packages/***/utils/log/file_task_handler.py", line 247, in emit
    self.handler.emit(record)
[2025-04-24T19:15:27.898+0000] {logging_mixin.py:188} WARNING -   File "/usr/local/lib/python3.9/logging/__init__.py", line 1187, in emit
    StreamHandler.emit(self, record)
[2025-04-24T19:15:27.899+0000] {logging_mixin.py:188} WARNING -   File "/usr/local/lib/python3.9/logging/__init__.py", line 1091, in emit
    self.handleError(record)
[2025-04-24T19:15:27.900+0000] {logging_mixin.py:188} WARNING -   File "/usr/local/lib/python3.9/logging/__init__.py", line 1004, in handleError
    sys.stderr.write('--- Logging error ---\n')
[2025-04-24T19:15:27.902+0000] {logging_mixin.py:188} WARNING -   File "/home/***/.local/lib/python3.9/site-packages/***/utils/log/logging_mixin.py", line 200, in write
    self.flush()
[2025-04-24T19:15:27.904+0000] {logging_mixin.py:188} WARNING -   File "/home/***/.local/lib/python3.9/site-packages/***/utils/log/logging_mixin.py", line 207, in flush
    self._propagate_log(buf)
[2025-04-24T19:15:27.905+0000] {logging_mixin.py:188} WARNING -   File "/home/***/.local/lib/python3.9/site-packages/***/utils/log/logging_mixin.py", line 188, in _propagate_log
    self.logger.log(self.level, remove_escape_codes(message))
[2025-04-24T19:15:27.907+0000] {logging_mixin.py:188} WARNING -   File "/usr/local/lib/python3.9/logging/__init__.py", line 1512, in log
    self._log(level, msg, args, **kwargs)
[2025-04-24T19:15:27.909+0000] {logging_mixin.py:188} WARNING -   File "/usr/local/lib/python3.9/logging/__init__.py", line 1589, in _log
    self.handle(record)
[2025-04-24T19:15:27.910+0000] {logging_mixin.py:188} WARNING -   File "/usr/local/lib/python3.9/logging/__init__.py", line 1599, in handle
    self.callHandlers(record)
[2025-04-24T19:15:27.910+0000] {logging_mixin.py:188} WARNING -   File "/usr/local/lib/python3.9/logging/__init__.py", line 1661, in callHandlers
    hdlr.handle(record)
[2025-04-24T19:15:27.911+0000] {logging_mixin.py:188} WARNING -   File "/usr/local/lib/python3.9/logging/__init__.py", line 952, in handle
    self.emit(record)
[2025-04-24T19:15:27.913+0000] {logging_mixin.py:188} WARNING -   File "/home/***/.local/lib/python3.9/site-packages/***/utils/log/file_task_handler.py", line 247, in emit
    self.handler.emit(record)
[2025-04-24T19:15:27.915+0000] {logging_mixin.py:188} WARNING -   File "/usr/local/lib/python3.9/logging/__init__.py", line 1187, in emit
    StreamHandler.emit(self, record)
[2025-04-24T19:15:27.916+0000] {logging_mixin.py:188} WARNING -   File "/usr/local/lib/python3.9/logging/__init__.py", line 1091, in emit
    self.handleError(record)
[2025-04-24T19:15:27.916+0000] {logging_mixin.py:188} WARNING -   File "/usr/local/lib/python3.9/logging/__init__.py", line 1004, in handleError
    sys.stderr.write('--- Logging error ---\n')
[2025-04-24T19:15:27.916+0000] {logging_mixin.py:188} WARNING -   File "/home/***/.local/lib/python3.9/site-packages/***/utils/log/logging_mixin.py", line 200, in write
    self.flush()
[2025-04-24T19:15:27.917+0000] {logging_mixin.py:188} WARNING -   File "/home/***/.local/lib/python3.9/site-packages/***/utils/log/logging_mixin.py", line 207, in flush
    self._propagate_log(buf)
[2025-04-24T19:15:27.917+0000] {logging_mixin.py:188} WARNING -   File "/home/***/.local/lib/python3.9/site-packages/***/utils/log/logging_mixin.py", line 188, in _propagate_log
    self.logger.log(self.level, remove_escape_codes(message))
[2025-04-24T19:15:27.917+0000] {logging_mixin.py:188} WARNING -   File "/usr/local/lib/python3.9/logging/__init__.py", line 1512, in log
    self._log(level, msg, args, **kwargs)
[2025-04-24T19:15:27.917+0000] {logging_mixin.py:188} WARNING -   File "/usr/local/lib/python3.9/logging/__init__.py", line 1589, in _log
    self.handle(record)
[2025-04-24T19:15:27.918+0000] {logging_mixin.py:188} WARNING -   File "/usr/local/lib/python3.9/logging/__init__.py", line 1599, in handle
    self.callHandlers(record)
[2025-04-24T19:15:27.918+0000] {logging_mixin.py:188} WARNING -   File "/usr/local/lib/python3.9/logging/__init__.py", line 1661, in callHandlers
    hdlr.handle(record)
[2025-04-24T19:15:27.918+0000] {logging_mixin.py:188} WARNING -   File "/usr/local/lib/python3.9/logging/__init__.py", line 952, in handle
    self.emit(record)
[2025-04-24T19:15:27.919+0000] {logging_mixin.py:188} WARNING -   File "/home/***/.local/lib/python3.9/site-packages/***/utils/log/file_task_handler.py", line 247, in emit
    self.handler.emit(record)
[2025-04-24T19:15:27.922+0000] {logging_mixin.py:188} WARNING -   File "/usr/local/lib/python3.9/logging/__init__.py", line 1187, in emit
    StreamHandler.emit(self, record)
[2025-04-24T19:15:27.923+0000] {logging_mixin.py:188} WARNING -   File "/usr/local/lib/python3.9/logging/__init__.py", line 1091, in emit
    self.handleError(record)
[2025-04-24T19:15:27.925+0000] {logging_mixin.py:188} WARNING -   File "/usr/local/lib/python3.9/logging/__init__.py", line 1004, in handleError
    sys.stderr.write('--- Logging error ---\n')
[2025-04-24T19:15:27.925+0000] {logging_mixin.py:188} WARNING -   File "/home/***/.local/lib/python3.9/site-packages/***/utils/log/logging_mixin.py", line 200, in write
    self.flush()
[2025-04-24T19:15:27.925+0000] {logging_mixin.py:188} WARNING -   File "/home/***/.local/lib/python3.9/site-packages/***/utils/log/logging_mixin.py", line 207, in flush
    self._propagate_log(buf)
[2025-04-24T19:15:27.926+0000] {logging_mixin.py:188} WARNING -   File "/home/***/.local/lib/python3.9/site-packages/***/utils/log/logging_mixin.py", line 188, in _propagate_log
    self.logger.log(self.level, remove_escape_codes(message))
[2025-04-24T19:15:27.926+0000] {logging_mixin.py:188} WARNING -   File "/usr/local/lib/python3.9/logging/__init__.py", line 1512, in log
    self._log(level, msg, args, **kwargs)
[2025-04-24T19:15:27.926+0000] {logging_mixin.py:188} WARNING -   File "/usr/local/lib/python3.9/logging/__init__.py", line 1589, in _log
    self.handle(record)
[2025-04-24T19:15:27.926+0000] {logging_mixin.py:188} WARNING -   File "/usr/local/lib/python3.9/logging/__init__.py", line 1599, in handle
    self.callHandlers(record)
[2025-04-24T19:15:27.927+0000] {logging_mixin.py:188} WARNING -   File "/usr/local/lib/python3.9/logging/__init__.py", line 1661, in callHandlers
    hdlr.handle(record)
[2025-04-24T19:15:27.928+0000] {logging_mixin.py:188} WARNING -   File "/usr/local/lib/python3.9/logging/__init__.py", line 952, in handle
    self.emit(record)
[2025-04-24T19:15:27.928+0000] {logging_mixin.py:188} WARNING -   File "/home/***/.local/lib/python3.9/site-packages/***/utils/log/file_task_handler.py", line 247, in emit
    self.handler.emit(record)
[2025-04-24T19:15:27.930+0000] {logging_mixin.py:188} WARNING -   File "/usr/local/lib/python3.9/logging/__init__.py", line 1187, in emit
    StreamHandler.emit(self, record)
[2025-04-24T19:15:27.932+0000] {logging_mixin.py:188} WARNING -   File "/usr/local/lib/python3.9/logging/__init__.py", line 1091, in emit
    self.handleError(record)
[2025-04-24T19:15:27.934+0000] {logging_mixin.py:188} WARNING -   File "/usr/local/lib/python3.9/logging/__init__.py", line 1004, in handleError
    sys.stderr.write('--- Logging error ---\n')
[2025-04-24T19:15:27.936+0000] {logging_mixin.py:188} WARNING -   File "/home/***/.local/lib/python3.9/site-packages/***/utils/log/logging_mixin.py", line 200, in write
    self.flush()
[2025-04-24T19:15:27.937+0000] {logging_mixin.py:188} WARNING -   File "/home/***/.local/lib/python3.9/site-packages/***/utils/log/logging_mixin.py", line 207, in flush
    self._propagate_log(buf)
[2025-04-24T19:15:27.937+0000] {logging_mixin.py:188} WARNING -   File "/home/***/.local/lib/python3.9/site-packages/***/utils/log/logging_mixin.py", line 188, in _propagate_log
    self.logger.log(self.level, remove_escape_codes(message))
[2025-04-24T19:15:27.937+0000] {logging_mixin.py:188} WARNING -   File "/usr/local/lib/python3.9/logging/__init__.py", line 1512, in log
    self._log(level, msg, args, **kwargs)
[2025-04-24T19:15:27.938+0000] {logging_mixin.py:188} WARNING -   File "/usr/local/lib/python3.9/logging/__init__.py", line 1589, in _log
    self.handle(record)
[2025-04-24T19:15:27.938+0000] {logging_mixin.py:188} WARNING -   File "/usr/local/lib/python3.9/logging/__init__.py", line 1599, in handle
    self.callHandlers(record)
[2025-04-24T19:15:27.938+0000] {logging_mixin.py:188} WARNING -   File "/usr/local/lib/python3.9/logging/__init__.py", line 1661, in callHandlers
    hdlr.handle(record)
[2025-04-24T19:15:27.939+0000] {logging_mixin.py:188} WARNING -   File "/usr/local/lib/python3.9/logging/__init__.py", line 952, in handle
    self.emit(record)
[2025-04-24T19:15:27.939+0000] {logging_mixin.py:188} WARNING -   File "/home/***/.local/lib/python3.9/site-packages/***/utils/log/file_task_handler.py", line 247, in emit
    self.handler.emit(record)
[2025-04-24T19:15:27.939+0000] {logging_mixin.py:188} WARNING -   File "/usr/local/lib/python3.9/logging/__init__.py", line 1187, in emit
    StreamHandler.emit(self, record)
[2025-04-24T19:15:27.939+0000] {logging_mixin.py:188} WARNING -   File "/usr/local/lib/python3.9/logging/__init__.py", line 1091, in emit
    self.handleError(record)
[2025-04-24T19:15:27.939+0000] {logging_mixin.py:188} WARNING -   File "/usr/local/lib/python3.9/logging/__init__.py", line 1004, in handleError
    sys.stderr.write('--- Logging error ---\n')
[2025-04-24T19:15:27.940+0000] {logging_mixin.py:188} WARNING -   File "/home/***/.local/lib/python3.9/site-packages/***/utils/log/logging_mixin.py", line 200, in write
    self.flush()
[2025-04-24T19:15:27.940+0000] {logging_mixin.py:188} WARNING -   File "/home/***/.local/lib/python3.9/site-packages/***/utils/log/logging_mixin.py", line 207, in flush
    self._propagate_log(buf)
[2025-04-24T19:15:27.940+0000] {logging_mixin.py:188} WARNING -   File "/home/***/.local/lib/python3.9/site-packages/***/utils/log/logging_mixin.py", line 188, in _propagate_log
    self.logger.log(self.level, remove_escape_codes(message))
[2025-04-24T19:15:27.941+0000] {logging_mixin.py:188} WARNING -   File "/usr/local/lib/python3.9/logging/__init__.py", line 1512, in log
    self._log(level, msg, args, **kwargs)
[2025-04-24T19:15:27.941+0000] {logging_mixin.py:188} WARNING -   File "/usr/local/lib/python3.9/logging/__init__.py", line 1589, in _log
    self.handle(record)
[2025-04-24T19:15:27.941+0000] {logging_mixin.py:188} WARNING -   File "/usr/local/lib/python3.9/logging/__init__.py", line 1599, in handle
    self.callHandlers(record)
[2025-04-24T19:15:27.942+0000] {logging_mixin.py:188} WARNING -   File "/usr/local/lib/python3.9/logging/__init__.py", line 1661, in callHandlers
    hdlr.handle(record)
[2025-04-24T19:15:27.942+0000] {logging_mixin.py:188} WARNING -   File "/usr/local/lib/python3.9/logging/__init__.py", line 952, in handle
    self.emit(record)
[2025-04-24T19:15:27.942+0000] {logging_mixin.py:188} WARNING -   File "/home/***/.local/lib/python3.9/site-packages/***/utils/log/file_task_handler.py", line 247, in emit
    self.handler.emit(record)
[2025-04-24T19:15:27.943+0000] {logging_mixin.py:188} WARNING -   File "/usr/local/lib/python3.9/logging/__init__.py", line 1187, in emit
    StreamHandler.emit(self, record)
[2025-04-24T19:15:27.944+0000] {logging_mixin.py:188} WARNING -   File "/usr/local/lib/python3.9/logging/__init__.py", line 1091, in emit
    self.handleError(record)
[2025-04-24T19:15:27.945+0000] {logging_mixin.py:188} WARNING -   File "/usr/local/lib/python3.9/logging/__init__.py", line 1004, in handleError
    sys.stderr.write('--- Logging error ---\n')
[2025-04-24T19:15:27.947+0000] {logging_mixin.py:188} WARNING -   File "/home/***/.local/lib/python3.9/site-packages/***/utils/log/logging_mixin.py", line 200, in write
    self.flush()
[2025-04-24T19:15:27.947+0000] {logging_mixin.py:188} WARNING -   File "/home/***/.local/lib/python3.9/site-packages/***/utils/log/logging_mixin.py", line 207, in flush
    self._propagate_log(buf)
[2025-04-24T19:15:27.948+0000] {logging_mixin.py:188} WARNING -   File "/home/***/.local/lib/python3.9/site-packages/***/utils/log/logging_mixin.py", line 188, in _propagate_log
    self.logger.log(self.level, remove_escape_codes(message))
[2025-04-24T19:15:27.950+0000] {logging_mixin.py:188} WARNING -   File "/usr/local/lib/python3.9/logging/__init__.py", line 1512, in log
    self._log(level, msg, args, **kwargs)
[2025-04-24T19:15:27.951+0000] {logging_mixin.py:188} WARNING -   File "/usr/local/lib/python3.9/logging/__init__.py", line 1589, in _log
    self.handle(record)
[2025-04-24T19:15:27.952+0000] {logging_mixin.py:188} WARNING -   File "/usr/local/lib/python3.9/logging/__init__.py", line 1599, in handle
    self.callHandlers(record)
[2025-04-24T19:15:27.954+0000] {logging_mixin.py:188} WARNING -   File "/usr/local/lib/python3.9/logging/__init__.py", line 1661, in callHandlers
    hdlr.handle(record)
[2025-04-24T19:15:27.956+0000] {logging_mixin.py:188} WARNING -   File "/usr/local/lib/python3.9/logging/__init__.py", line 952, in handle
    self.emit(record)
[2025-04-24T19:15:27.956+0000] {logging_mixin.py:188} WARNING -   File "/home/***/.local/lib/python3.9/site-packages/***/utils/log/file_task_handler.py", line 247, in emit
    self.handler.emit(record)
[2025-04-24T19:15:27.957+0000] {logging_mixin.py:188} WARNING -   File "/usr/local/lib/python3.9/logging/__init__.py", line 1187, in emit
    StreamHandler.emit(self, record)
[2025-04-24T19:15:27.958+0000] {logging_mixin.py:188} WARNING -   File "/usr/local/lib/python3.9/logging/__init__.py", line 1091, in emit
    self.handleError(record)
[2025-04-24T19:15:27.959+0000] {logging_mixin.py:188} WARNING -   File "/usr/local/lib/python3.9/logging/__init__.py", line 1004, in handleError
    sys.stderr.write('--- Logging error ---\n')
[2025-04-24T19:15:27.959+0000] {logging_mixin.py:188} WARNING -   File "/home/***/.local/lib/python3.9/site-packages/***/utils/log/logging_mixin.py", line 200, in write
    self.flush()
[2025-04-24T19:15:27.962+0000] {logging_mixin.py:188} WARNING -   File "/home/***/.local/lib/python3.9/site-packages/***/utils/log/logging_mixin.py", line 207, in flush
    self._propagate_log(buf)
[2025-04-24T19:15:27.963+0000] {logging_mixin.py:188} WARNING -   File "/home/***/.local/lib/python3.9/site-packages/***/utils/log/logging_mixin.py", line 188, in _propagate_log
    self.logger.log(self.level, remove_escape_codes(message))
[2025-04-24T19:15:27.963+0000] {logging_mixin.py:188} WARNING -   File "/usr/local/lib/python3.9/logging/__init__.py", line 1512, in log
    self._log(level, msg, args, **kwargs)
[2025-04-24T19:15:27.965+0000] {logging_mixin.py:188} WARNING -   File "/usr/local/lib/python3.9/logging/__init__.py", line 1589, in _log
    self.handle(record)
[2025-04-24T19:15:27.967+0000] {logging_mixin.py:188} WARNING -   File "/usr/local/lib/python3.9/logging/__init__.py", line 1599, in handle
    self.callHandlers(record)
[2025-04-24T19:15:27.969+0000] {logging_mixin.py:188} WARNING -   File "/usr/local/lib/python3.9/logging/__init__.py", line 1661, in callHandlers
    hdlr.handle(record)
[2025-04-24T19:15:27.972+0000] {logging_mixin.py:188} WARNING -   File "/usr/local/lib/python3.9/logging/__init__.py", line 952, in handle
    self.emit(record)
[2025-04-24T19:15:27.973+0000] {logging_mixin.py:188} WARNING -   File "/home/***/.local/lib/python3.9/site-packages/***/utils/log/file_task_handler.py", line 247, in emit
    self.handler.emit(record)
[2025-04-24T19:15:27.974+0000] {logging_mixin.py:188} WARNING -   File "/usr/local/lib/python3.9/logging/__init__.py", line 1187, in emit
    StreamHandler.emit(self, record)
[2025-04-24T19:15:27.975+0000] {logging_mixin.py:188} WARNING -   File "/usr/local/lib/python3.9/logging/__init__.py", line 1091, in emit
    self.handleError(record)
[2025-04-24T19:15:27.976+0000] {logging_mixin.py:188} WARNING -   File "/usr/local/lib/python3.9/logging/__init__.py", line 1004, in handleError
    sys.stderr.write('--- Logging error ---\n')
[2025-04-24T19:15:27.977+0000] {logging_mixin.py:188} WARNING -   File "/home/***/.local/lib/python3.9/site-packages/***/utils/log/logging_mixin.py", line 200, in write
    self.flush()
[2025-04-24T19:15:27.978+0000] {logging_mixin.py:188} WARNING -   File "/home/***/.local/lib/python3.9/site-packages/***/utils/log/logging_mixin.py", line 207, in flush
    self._propagate_log(buf)
[2025-04-24T19:15:27.980+0000] {logging_mixin.py:188} WARNING -   File "/home/***/.local/lib/python3.9/site-packages/***/utils/log/logging_mixin.py", line 188, in _propagate_log
    self.logger.log(self.level, remove_escape_codes(message))
[2025-04-24T19:15:27.982+0000] {logging_mixin.py:188} WARNING -   File "/usr/local/lib/python3.9/logging/__init__.py", line 1512, in log
    self._log(level, msg, args, **kwargs)
[2025-04-24T19:15:27.984+0000] {logging_mixin.py:188} WARNING -   File "/usr/local/lib/python3.9/logging/__init__.py", line 1589, in _log
    self.handle(record)
[2025-04-24T19:15:27.985+0000] {logging_mixin.py:188} WARNING -   File "/usr/local/lib/python3.9/logging/__init__.py", line 1599, in handle
    self.callHandlers(record)
[2025-04-24T19:15:27.986+0000] {logging_mixin.py:188} WARNING -   File "/usr/local/lib/python3.9/logging/__init__.py", line 1661, in callHandlers
    hdlr.handle(record)
[2025-04-24T19:15:27.990+0000] {logging_mixin.py:188} WARNING -   File "/usr/local/lib/python3.9/logging/__init__.py", line 952, in handle
    self.emit(record)
[2025-04-24T19:15:27.991+0000] {logging_mixin.py:188} WARNING -   File "/home/***/.local/lib/python3.9/site-packages/***/utils/log/file_task_handler.py", line 247, in emit
    self.handler.emit(record)
[2025-04-24T19:15:27.992+0000] {logging_mixin.py:188} WARNING -   File "/usr/local/lib/python3.9/logging/__init__.py", line 1187, in emit
    StreamHandler.emit(self, record)
[2025-04-24T19:15:27.993+0000] {logging_mixin.py:188} WARNING -   File "/usr/local/lib/python3.9/logging/__init__.py", line 1091, in emit
    self.handleError(record)
[2025-04-24T19:15:27.995+0000] {logging_mixin.py:188} WARNING -   File "/usr/local/lib/python3.9/logging/__init__.py", line 1004, in handleError
    sys.stderr.write('--- Logging error ---\n')
[2025-04-24T19:15:27.995+0000] {logging_mixin.py:188} WARNING -   File "/home/***/.local/lib/python3.9/site-packages/***/utils/log/logging_mixin.py", line 200, in write
    self.flush()
[2025-04-24T19:15:27.996+0000] {logging_mixin.py:188} WARNING -   File "/home/***/.local/lib/python3.9/site-packages/***/utils/log/logging_mixin.py", line 207, in flush
    self._propagate_log(buf)
[2025-04-24T19:15:27.997+0000] {logging_mixin.py:188} WARNING -   File "/home/***/.local/lib/python3.9/site-packages/***/utils/log/logging_mixin.py", line 188, in _propagate_log
    self.logger.log(self.level, remove_escape_codes(message))
[2025-04-24T19:15:27.998+0000] {logging_mixin.py:188} WARNING -   File "/usr/local/lib/python3.9/logging/__init__.py", line 1512, in log
    self._log(level, msg, args, **kwargs)
[2025-04-24T19:15:27.999+0000] {logging_mixin.py:188} WARNING -   File "/usr/local/lib/python3.9/logging/__init__.py", line 1589, in _log
    self.handle(record)
[2025-04-24T19:15:28.018+0000] {logging_mixin.py:188} WARNING -   File "/usr/local/lib/python3.9/logging/__init__.py", line 1599, in handle
    self.callHandlers(record)
[2025-04-24T19:15:28.019+0000] {logging_mixin.py:188} WARNING -   File "/usr/local/lib/python3.9/logging/__init__.py", line 1661, in callHandlers
    hdlr.handle(record)
[2025-04-24T19:15:28.021+0000] {logging_mixin.py:188} WARNING -   File "/usr/local/lib/python3.9/logging/__init__.py", line 952, in handle
    self.emit(record)
[2025-04-24T19:15:28.024+0000] {logging_mixin.py:188} WARNING -   File "/home/***/.local/lib/python3.9/site-packages/***/utils/log/file_task_handler.py", line 247, in emit
    self.handler.emit(record)
[2025-04-24T19:15:28.024+0000] {logging_mixin.py:188} WARNING -   File "/usr/local/lib/python3.9/logging/__init__.py", line 1187, in emit
    StreamHandler.emit(self, record)
[2025-04-24T19:15:28.026+0000] {logging_mixin.py:188} WARNING -   File "/usr/local/lib/python3.9/logging/__init__.py", line 1091, in emit
    self.handleError(record)
[2025-04-24T19:15:28.027+0000] {logging_mixin.py:188} WARNING -   File "/usr/local/lib/python3.9/logging/__init__.py", line 1004, in handleError
    sys.stderr.write('--- Logging error ---\n')
[2025-04-24T19:15:28.030+0000] {logging_mixin.py:188} WARNING -   File "/home/***/.local/lib/python3.9/site-packages/***/utils/log/logging_mixin.py", line 200, in write
    self.flush()
[2025-04-24T19:15:28.033+0000] {logging_mixin.py:188} WARNING -   File "/home/***/.local/lib/python3.9/site-packages/***/utils/log/logging_mixin.py", line 207, in flush
    self._propagate_log(buf)
[2025-04-24T19:15:28.035+0000] {logging_mixin.py:188} WARNING -   File "/home/***/.local/lib/python3.9/site-packages/***/utils/log/logging_mixin.py", line 188, in _propagate_log
    self.logger.log(self.level, remove_escape_codes(message))
[2025-04-24T19:15:28.042+0000] {logging_mixin.py:188} WARNING -   File "/usr/local/lib/python3.9/logging/__init__.py", line 1512, in log
    self._log(level, msg, args, **kwargs)
[2025-04-24T19:15:28.048+0000] {logging_mixin.py:188} WARNING -   File "/usr/local/lib/python3.9/logging/__init__.py", line 1589, in _log
    self.handle(record)
[2025-04-24T19:15:28.049+0000] {logging_mixin.py:188} WARNING -   File "/usr/local/lib/python3.9/logging/__init__.py", line 1599, in handle
    self.callHandlers(record)
[2025-04-24T19:15:28.049+0000] {logging_mixin.py:188} WARNING -   File "/usr/local/lib/python3.9/logging/__init__.py", line 1661, in callHandlers
    hdlr.handle(record)
[2025-04-24T19:15:28.050+0000] {logging_mixin.py:188} WARNING -   File "/usr/local/lib/python3.9/logging/__init__.py", line 952, in handle
    self.emit(record)
[2025-04-24T19:15:28.055+0000] {logging_mixin.py:188} WARNING -   File "/home/***/.local/lib/python3.9/site-packages/***/utils/log/file_task_handler.py", line 247, in emit
    self.handler.emit(record)
[2025-04-24T19:15:28.056+0000] {logging_mixin.py:188} WARNING -   File "/usr/local/lib/python3.9/logging/__init__.py", line 1187, in emit
    StreamHandler.emit(self, record)
[2025-04-24T19:15:28.057+0000] {logging_mixin.py:188} WARNING -   File "/usr/local/lib/python3.9/logging/__init__.py", line 1091, in emit
    self.handleError(record)
[2025-04-24T19:15:28.057+0000] {logging_mixin.py:188} WARNING -   File "/usr/local/lib/python3.9/logging/__init__.py", line 1004, in handleError
    sys.stderr.write('--- Logging error ---\n')
[2025-04-24T19:15:28.060+0000] {logging_mixin.py:188} WARNING -   File "/home/***/.local/lib/python3.9/site-packages/***/utils/log/logging_mixin.py", line 200, in write
    self.flush()
[2025-04-24T19:15:28.061+0000] {logging_mixin.py:188} WARNING -   File "/home/***/.local/lib/python3.9/site-packages/***/utils/log/logging_mixin.py", line 207, in flush
    self._propagate_log(buf)
[2025-04-24T19:15:28.065+0000] {logging_mixin.py:188} WARNING -   File "/home/***/.local/lib/python3.9/site-packages/***/utils/log/logging_mixin.py", line 188, in _propagate_log
    self.logger.log(self.level, remove_escape_codes(message))
[2025-04-24T19:15:28.067+0000] {logging_mixin.py:188} WARNING -   File "/usr/local/lib/python3.9/logging/__init__.py", line 1512, in log
    self._log(level, msg, args, **kwargs)
[2025-04-24T19:15:28.072+0000] {logging_mixin.py:188} WARNING -   File "/usr/local/lib/python3.9/logging/__init__.py", line 1589, in _log
    self.handle(record)
[2025-04-24T19:15:28.072+0000] {logging_mixin.py:188} WARNING -   File "/usr/local/lib/python3.9/logging/__init__.py", line 1599, in handle
    self.callHandlers(record)
[2025-04-24T19:15:28.073+0000] {logging_mixin.py:188} WARNING -   File "/usr/local/lib/python3.9/logging/__init__.py", line 1661, in callHandlers
    hdlr.handle(record)
[2025-04-24T19:15:28.073+0000] {logging_mixin.py:188} WARNING -   File "/usr/local/lib/python3.9/logging/__init__.py", line 952, in handle
    self.emit(record)
[2025-04-24T19:15:28.074+0000] {logging_mixin.py:188} WARNING -   File "/home/***/.local/lib/python3.9/site-packages/***/utils/log/file_task_handler.py", line 247, in emit
    self.handler.emit(record)
[2025-04-24T19:15:28.077+0000] {logging_mixin.py:188} WARNING -   File "/usr/local/lib/python3.9/logging/__init__.py", line 1187, in emit
    StreamHandler.emit(self, record)
[2025-04-24T19:15:28.077+0000] {logging_mixin.py:188} WARNING -   File "/usr/local/lib/python3.9/logging/__init__.py", line 1091, in emit
    self.handleError(record)
[2025-04-24T19:15:28.081+0000] {logging_mixin.py:188} WARNING -   File "/usr/local/lib/python3.9/logging/__init__.py", line 1004, in handleError
    sys.stderr.write('--- Logging error ---\n')
[2025-04-24T19:15:28.088+0000] {logging_mixin.py:188} WARNING -   File "/home/***/.local/lib/python3.9/site-packages/***/utils/log/logging_mixin.py", line 200, in write
    self.flush()
[2025-04-24T19:15:28.090+0000] {logging_mixin.py:188} WARNING -   File "/home/***/.local/lib/python3.9/site-packages/***/utils/log/logging_mixin.py", line 207, in flush
    self._propagate_log(buf)
[2025-04-24T19:15:28.091+0000] {logging_mixin.py:188} WARNING -   File "/home/***/.local/lib/python3.9/site-packages/***/utils/log/logging_mixin.py", line 188, in _propagate_log
    self.logger.log(self.level, remove_escape_codes(message))
[2025-04-24T19:15:28.092+0000] {logging_mixin.py:188} WARNING -   File "/usr/local/lib/python3.9/logging/__init__.py", line 1512, in log
    self._log(level, msg, args, **kwargs)
[2025-04-24T19:15:28.100+0000] {logging_mixin.py:188} WARNING -   File "/usr/local/lib/python3.9/logging/__init__.py", line 1589, in _log
    self.handle(record)
[2025-04-24T19:15:28.101+0000] {logging_mixin.py:188} WARNING -   File "/usr/local/lib/python3.9/logging/__init__.py", line 1599, in handle
    self.callHandlers(record)
[2025-04-24T19:15:28.101+0000] {logging_mixin.py:188} WARNING -   File "/usr/local/lib/python3.9/logging/__init__.py", line 1661, in callHandlers
    hdlr.handle(record)
[2025-04-24T19:15:28.102+0000] {logging_mixin.py:188} WARNING -   File "/usr/local/lib/python3.9/logging/__init__.py", line 952, in handle
    self.emit(record)
[2025-04-24T19:15:28.102+0000] {logging_mixin.py:188} WARNING -   File "/home/***/.local/lib/python3.9/site-packages/***/utils/log/file_task_handler.py", line 247, in emit
    self.handler.emit(record)
[2025-04-24T19:15:28.105+0000] {logging_mixin.py:188} WARNING -   File "/usr/local/lib/python3.9/logging/__init__.py", line 1187, in emit
    StreamHandler.emit(self, record)
[2025-04-24T19:15:28.112+0000] {logging_mixin.py:188} WARNING -   File "/usr/local/lib/python3.9/logging/__init__.py", line 1091, in emit
    self.handleError(record)
[2025-04-24T19:15:28.114+0000] {logging_mixin.py:188} WARNING -   File "/usr/local/lib/python3.9/logging/__init__.py", line 1004, in handleError
    sys.stderr.write('--- Logging error ---\n')
[2025-04-24T19:15:28.116+0000] {logging_mixin.py:188} WARNING -   File "/home/***/.local/lib/python3.9/site-packages/***/utils/log/logging_mixin.py", line 200, in write
    self.flush()
[2025-04-24T19:15:28.117+0000] {logging_mixin.py:188} WARNING -   File "/home/***/.local/lib/python3.9/site-packages/***/utils/log/logging_mixin.py", line 207, in flush
    self._propagate_log(buf)
[2025-04-24T19:15:28.120+0000] {logging_mixin.py:188} WARNING -   File "/home/***/.local/lib/python3.9/site-packages/***/utils/log/logging_mixin.py", line 188, in _propagate_log
    self.logger.log(self.level, remove_escape_codes(message))
[2025-04-24T19:15:28.133+0000] {logging_mixin.py:188} WARNING -   File "/usr/local/lib/python3.9/logging/__init__.py", line 1512, in log
    self._log(level, msg, args, **kwargs)
[2025-04-24T19:15:28.136+0000] {logging_mixin.py:188} WARNING -   File "/usr/local/lib/python3.9/logging/__init__.py", line 1589, in _log
    self.handle(record)
[2025-04-24T19:15:28.137+0000] {logging_mixin.py:188} WARNING -   File "/usr/local/lib/python3.9/logging/__init__.py", line 1599, in handle
    self.callHandlers(record)
[2025-04-24T19:15:28.138+0000] {logging_mixin.py:188} WARNING -   File "/usr/local/lib/python3.9/logging/__init__.py", line 1661, in callHandlers
    hdlr.handle(record)
[2025-04-24T19:15:28.139+0000] {logging_mixin.py:188} WARNING -   File "/usr/local/lib/python3.9/logging/__init__.py", line 952, in handle
    self.emit(record)
[2025-04-24T19:15:28.140+0000] {logging_mixin.py:188} WARNING -   File "/home/***/.local/lib/python3.9/site-packages/***/utils/log/file_task_handler.py", line 247, in emit
    self.handler.emit(record)
[2025-04-24T19:15:28.141+0000] {logging_mixin.py:188} WARNING -   File "/usr/local/lib/python3.9/logging/__init__.py", line 1187, in emit
    StreamHandler.emit(self, record)
[2025-04-24T19:15:28.143+0000] {logging_mixin.py:188} WARNING -   File "/usr/local/lib/python3.9/logging/__init__.py", line 1091, in emit
    self.handleError(record)
[2025-04-24T19:15:28.144+0000] {logging_mixin.py:188} WARNING -   File "/usr/local/lib/python3.9/logging/__init__.py", line 1004, in handleError
    sys.stderr.write('--- Logging error ---\n')
[2025-04-24T19:15:28.145+0000] {logging_mixin.py:188} WARNING -   File "/home/***/.local/lib/python3.9/site-packages/***/utils/log/logging_mixin.py", line 200, in write
    self.flush()
[2025-04-24T19:15:28.145+0000] {logging_mixin.py:188} WARNING -   File "/home/***/.local/lib/python3.9/site-packages/***/utils/log/logging_mixin.py", line 207, in flush
    self._propagate_log(buf)
[2025-04-24T19:15:28.145+0000] {logging_mixin.py:188} WARNING -   File "/home/***/.local/lib/python3.9/site-packages/***/utils/log/logging_mixin.py", line 188, in _propagate_log
    self.logger.log(self.level, remove_escape_codes(message))
[2025-04-24T19:15:28.146+0000] {logging_mixin.py:188} WARNING -   File "/usr/local/lib/python3.9/logging/__init__.py", line 1512, in log
    self._log(level, msg, args, **kwargs)
[2025-04-24T19:15:28.146+0000] {logging_mixin.py:188} WARNING -   File "/usr/local/lib/python3.9/logging/__init__.py", line 1589, in _log
    self.handle(record)
[2025-04-24T19:15:28.147+0000] {logging_mixin.py:188} WARNING -   File "/usr/local/lib/python3.9/logging/__init__.py", line 1599, in handle
    self.callHandlers(record)
[2025-04-24T19:15:28.149+0000] {logging_mixin.py:188} WARNING -   File "/usr/local/lib/python3.9/logging/__init__.py", line 1661, in callHandlers
    hdlr.handle(record)
[2025-04-24T19:15:28.150+0000] {logging_mixin.py:188} WARNING -   File "/usr/local/lib/python3.9/logging/__init__.py", line 952, in handle
    self.emit(record)
[2025-04-24T19:15:28.152+0000] {logging_mixin.py:188} WARNING -   File "/home/***/.local/lib/python3.9/site-packages/***/utils/log/file_task_handler.py", line 247, in emit
    self.handler.emit(record)
[2025-04-24T19:15:28.153+0000] {logging_mixin.py:188} WARNING -   File "/usr/local/lib/python3.9/logging/__init__.py", line 1187, in emit
    StreamHandler.emit(self, record)
[2025-04-24T19:15:28.156+0000] {logging_mixin.py:188} WARNING -   File "/usr/local/lib/python3.9/logging/__init__.py", line 1091, in emit
    self.handleError(record)
[2025-04-24T19:15:28.156+0000] {logging_mixin.py:188} WARNING -   File "/usr/local/lib/python3.9/logging/__init__.py", line 1004, in handleError
    sys.stderr.write('--- Logging error ---\n')
[2025-04-24T19:15:28.159+0000] {logging_mixin.py:188} WARNING -   File "/home/***/.local/lib/python3.9/site-packages/***/utils/log/logging_mixin.py", line 200, in write
    self.flush()
[2025-04-24T19:15:28.161+0000] {logging_mixin.py:188} WARNING -   File "/home/***/.local/lib/python3.9/site-packages/***/utils/log/logging_mixin.py", line 207, in flush
    self._propagate_log(buf)
[2025-04-24T19:15:28.166+0000] {logging_mixin.py:188} WARNING -   File "/home/***/.local/lib/python3.9/site-packages/***/utils/log/logging_mixin.py", line 188, in _propagate_log
    self.logger.log(self.level, remove_escape_codes(message))
[2025-04-24T19:15:28.167+0000] {logging_mixin.py:188} WARNING -   File "/usr/local/lib/python3.9/logging/__init__.py", line 1512, in log
    self._log(level, msg, args, **kwargs)
[2025-04-24T19:15:28.168+0000] {logging_mixin.py:188} WARNING -   File "/usr/local/lib/python3.9/logging/__init__.py", line 1589, in _log
    self.handle(record)
[2025-04-24T19:15:28.169+0000] {logging_mixin.py:188} WARNING -   File "/usr/local/lib/python3.9/logging/__init__.py", line 1599, in handle
    self.callHandlers(record)
[2025-04-24T19:15:28.171+0000] {logging_mixin.py:188} WARNING -   File "/usr/local/lib/python3.9/logging/__init__.py", line 1661, in callHandlers
    hdlr.handle(record)
[2025-04-24T19:15:28.172+0000] {logging_mixin.py:188} WARNING -   File "/usr/local/lib/python3.9/logging/__init__.py", line 952, in handle
    self.emit(record)
[2025-04-24T19:15:28.175+0000] {logging_mixin.py:188} WARNING -   File "/home/***/.local/lib/python3.9/site-packages/***/utils/log/file_task_handler.py", line 247, in emit
    self.handler.emit(record)
[2025-04-24T19:15:28.176+0000] {logging_mixin.py:188} WARNING -   File "/usr/local/lib/python3.9/logging/__init__.py", line 1187, in emit
    StreamHandler.emit(self, record)
[2025-04-24T19:15:28.178+0000] {logging_mixin.py:188} WARNING -   File "/usr/local/lib/python3.9/logging/__init__.py", line 1091, in emit
    self.handleError(record)
[2025-04-24T19:15:28.179+0000] {logging_mixin.py:188} WARNING -   File "/usr/local/lib/python3.9/logging/__init__.py", line 1004, in handleError
    sys.stderr.write('--- Logging error ---\n')
[2025-04-24T19:15:28.180+0000] {logging_mixin.py:188} WARNING -   File "/home/***/.local/lib/python3.9/site-packages/***/utils/log/logging_mixin.py", line 200, in write
    self.flush()
[2025-04-24T19:15:28.181+0000] {logging_mixin.py:188} WARNING -   File "/home/***/.local/lib/python3.9/site-packages/***/utils/log/logging_mixin.py", line 207, in flush
    self._propagate_log(buf)
[2025-04-24T19:15:28.182+0000] {logging_mixin.py:188} WARNING -   File "/home/***/.local/lib/python3.9/site-packages/***/utils/log/logging_mixin.py", line 188, in _propagate_log
    self.logger.log(self.level, remove_escape_codes(message))
[2025-04-24T19:15:28.184+0000] {logging_mixin.py:188} WARNING -   File "/usr/local/lib/python3.9/logging/__init__.py", line 1512, in log
    self._log(level, msg, args, **kwargs)
[2025-04-24T19:15:28.190+0000] {logging_mixin.py:188} WARNING -   File "/usr/local/lib/python3.9/logging/__init__.py", line 1589, in _log
    self.handle(record)
[2025-04-24T19:15:28.190+0000] {logging_mixin.py:188} WARNING -   File "/usr/local/lib/python3.9/logging/__init__.py", line 1599, in handle
    self.callHandlers(record)
[2025-04-24T19:15:28.191+0000] {logging_mixin.py:188} WARNING -   File "/usr/local/lib/python3.9/logging/__init__.py", line 1661, in callHandlers
    hdlr.handle(record)
[2025-04-24T19:15:28.192+0000] {logging_mixin.py:188} WARNING -   File "/usr/local/lib/python3.9/logging/__init__.py", line 952, in handle
    self.emit(record)
[2025-04-24T19:15:28.194+0000] {logging_mixin.py:188} WARNING -   File "/home/***/.local/lib/python3.9/site-packages/***/utils/log/file_task_handler.py", line 247, in emit
    self.handler.emit(record)
[2025-04-24T19:15:28.199+0000] {logging_mixin.py:188} WARNING -   File "/usr/local/lib/python3.9/logging/__init__.py", line 1187, in emit
    StreamHandler.emit(self, record)
[2025-04-24T19:15:28.201+0000] {logging_mixin.py:188} WARNING -   File "/usr/local/lib/python3.9/logging/__init__.py", line 1091, in emit
    self.handleError(record)
[2025-04-24T19:15:28.228+0000] {logging_mixin.py:188} WARNING -   File "/usr/local/lib/python3.9/logging/__init__.py", line 1004, in handleError
    sys.stderr.write('--- Logging error ---\n')
[2025-04-24T19:15:28.251+0000] {logging_mixin.py:188} WARNING -   File "/home/***/.local/lib/python3.9/site-packages/***/utils/log/logging_mixin.py", line 200, in write
    self.flush()
[2025-04-24T19:15:28.268+0000] {logging_mixin.py:188} WARNING -   File "/home/***/.local/lib/python3.9/site-packages/***/utils/log/logging_mixin.py", line 207, in flush
    self._propagate_log(buf)
[2025-04-24T19:15:28.291+0000] {logging_mixin.py:188} WARNING -   File "/home/***/.local/lib/python3.9/site-packages/***/utils/log/logging_mixin.py", line 188, in _propagate_log
    self.logger.log(self.level, remove_escape_codes(message))
[2025-04-24T19:15:28.307+0000] {logging_mixin.py:188} WARNING -   File "/usr/local/lib/python3.9/logging/__init__.py", line 1512, in log
    self._log(level, msg, args, **kwargs)
[2025-04-24T19:15:28.315+0000] {logging_mixin.py:188} WARNING -   File "/usr/local/lib/python3.9/logging/__init__.py", line 1589, in _log
    self.handle(record)
[2025-04-24T19:15:28.354+0000] {logging_mixin.py:188} WARNING -   File "/usr/local/lib/python3.9/logging/__init__.py", line 1599, in handle
    self.callHandlers(record)
[2025-04-24T19:15:28.360+0000] {logging_mixin.py:188} WARNING -   File "/usr/local/lib/python3.9/logging/__init__.py", line 1661, in callHandlers
    hdlr.handle(record)
[2025-04-24T19:15:28.367+0000] {logging_mixin.py:188} WARNING -   File "/usr/local/lib/python3.9/logging/__init__.py", line 952, in handle
    self.emit(record)
[2025-04-24T19:15:28.370+0000] {logging_mixin.py:188} WARNING -   File "/home/***/.local/lib/python3.9/site-packages/***/utils/log/file_task_handler.py", line 247, in emit
    self.handler.emit(record)
[2025-04-24T19:15:28.373+0000] {logging_mixin.py:188} WARNING -   File "/usr/local/lib/python3.9/logging/__init__.py", line 1187, in emit
    StreamHandler.emit(self, record)
[2025-04-24T19:15:28.382+0000] {logging_mixin.py:188} WARNING -   File "/usr/local/lib/python3.9/logging/__init__.py", line 1091, in emit
    self.handleError(record)
[2025-04-24T19:15:28.384+0000] {logging_mixin.py:188} WARNING -   File "/usr/local/lib/python3.9/logging/__init__.py", line 1004, in handleError
    sys.stderr.write('--- Logging error ---\n')
[2025-04-24T19:15:28.385+0000] {logging_mixin.py:188} WARNING -   File "/home/***/.local/lib/python3.9/site-packages/***/utils/log/logging_mixin.py", line 200, in write
    self.flush()
[2025-04-24T19:15:28.386+0000] {logging_mixin.py:188} WARNING -   File "/home/***/.local/lib/python3.9/site-packages/***/utils/log/logging_mixin.py", line 207, in flush
    self._propagate_log(buf)
[2025-04-24T19:15:28.390+0000] {logging_mixin.py:188} WARNING -   File "/home/***/.local/lib/python3.9/site-packages/***/utils/log/logging_mixin.py", line 188, in _propagate_log
    self.logger.log(self.level, remove_escape_codes(message))
[2025-04-24T19:15:28.391+0000] {logging_mixin.py:188} WARNING -   File "/usr/local/lib/python3.9/logging/__init__.py", line 1512, in log
    self._log(level, msg, args, **kwargs)
[2025-04-24T19:15:28.392+0000] {logging_mixin.py:188} WARNING -   File "/usr/local/lib/python3.9/logging/__init__.py", line 1589, in _log
    self.handle(record)
[2025-04-24T19:15:28.392+0000] {logging_mixin.py:188} WARNING -   File "/usr/local/lib/python3.9/logging/__init__.py", line 1599, in handle
    self.callHandlers(record)
[2025-04-24T19:15:28.392+0000] {logging_mixin.py:188} WARNING -   File "/usr/local/lib/python3.9/logging/__init__.py", line 1661, in callHandlers
    hdlr.handle(record)
[2025-04-24T19:15:28.393+0000] {logging_mixin.py:188} WARNING -   File "/usr/local/lib/python3.9/logging/__init__.py", line 952, in handle
    self.emit(record)
[2025-04-24T19:15:28.393+0000] {logging_mixin.py:188} WARNING -   File "/home/***/.local/lib/python3.9/site-packages/***/utils/log/file_task_handler.py", line 247, in emit
    self.handler.emit(record)
[2025-04-24T19:15:28.393+0000] {logging_mixin.py:188} WARNING -   File "/usr/local/lib/python3.9/logging/__init__.py", line 1187, in emit
    StreamHandler.emit(self, record)
[2025-04-24T19:15:28.394+0000] {logging_mixin.py:188} WARNING -   File "/usr/local/lib/python3.9/logging/__init__.py", line 1091, in emit
    self.handleError(record)
[2025-04-24T19:15:28.394+0000] {logging_mixin.py:188} WARNING -   File "/usr/local/lib/python3.9/logging/__init__.py", line 1004, in handleError
    sys.stderr.write('--- Logging error ---\n')
[2025-04-24T19:15:28.394+0000] {logging_mixin.py:188} WARNING -   File "/home/***/.local/lib/python3.9/site-packages/***/utils/log/logging_mixin.py", line 200, in write
    self.flush()
[2025-04-24T19:15:28.394+0000] {logging_mixin.py:188} WARNING -   File "/home/***/.local/lib/python3.9/site-packages/***/utils/log/logging_mixin.py", line 207, in flush
    self._propagate_log(buf)
[2025-04-24T19:15:28.395+0000] {logging_mixin.py:188} WARNING -   File "/home/***/.local/lib/python3.9/site-packages/***/utils/log/logging_mixin.py", line 188, in _propagate_log
    self.logger.log(self.level, remove_escape_codes(message))
[2025-04-24T19:15:28.395+0000] {logging_mixin.py:188} WARNING -   File "/usr/local/lib/python3.9/logging/__init__.py", line 1512, in log
    self._log(level, msg, args, **kwargs)
[2025-04-24T19:15:28.396+0000] {logging_mixin.py:188} WARNING -   File "/usr/local/lib/python3.9/logging/__init__.py", line 1589, in _log
    self.handle(record)
[2025-04-24T19:15:28.396+0000] {logging_mixin.py:188} WARNING -   File "/usr/local/lib/python3.9/logging/__init__.py", line 1599, in handle
    self.callHandlers(record)
[2025-04-24T19:15:28.396+0000] {logging_mixin.py:188} WARNING -   File "/usr/local/lib/python3.9/logging/__init__.py", line 1661, in callHandlers
    hdlr.handle(record)
[2025-04-24T19:15:28.396+0000] {logging_mixin.py:188} WARNING -   File "/usr/local/lib/python3.9/logging/__init__.py", line 952, in handle
    self.emit(record)
[2025-04-24T19:15:28.396+0000] {logging_mixin.py:188} WARNING -   File "/home/***/.local/lib/python3.9/site-packages/***/utils/log/file_task_handler.py", line 247, in emit
    self.handler.emit(record)
[2025-04-24T19:15:28.397+0000] {logging_mixin.py:188} WARNING -   File "/usr/local/lib/python3.9/logging/__init__.py", line 1187, in emit
    StreamHandler.emit(self, record)
[2025-04-24T19:15:28.397+0000] {logging_mixin.py:188} WARNING -   File "/usr/local/lib/python3.9/logging/__init__.py", line 1091, in emit
    self.handleError(record)
[2025-04-24T19:15:28.397+0000] {logging_mixin.py:188} WARNING -   File "/usr/local/lib/python3.9/logging/__init__.py", line 1004, in handleError
    sys.stderr.write('--- Logging error ---\n')
[2025-04-24T19:15:28.397+0000] {logging_mixin.py:188} WARNING -   File "/home/***/.local/lib/python3.9/site-packages/***/utils/log/logging_mixin.py", line 200, in write
    self.flush()
[2025-04-24T19:15:28.398+0000] {logging_mixin.py:188} WARNING -   File "/home/***/.local/lib/python3.9/site-packages/***/utils/log/logging_mixin.py", line 207, in flush
    self._propagate_log(buf)
[2025-04-24T19:15:28.398+0000] {logging_mixin.py:188} WARNING -   File "/home/***/.local/lib/python3.9/site-packages/***/utils/log/logging_mixin.py", line 188, in _propagate_log
    self.logger.log(self.level, remove_escape_codes(message))
[2025-04-24T19:15:28.398+0000] {logging_mixin.py:188} WARNING -   File "/usr/local/lib/python3.9/logging/__init__.py", line 1512, in log
    self._log(level, msg, args, **kwargs)
[2025-04-24T19:15:28.398+0000] {logging_mixin.py:188} WARNING -   File "/usr/local/lib/python3.9/logging/__init__.py", line 1589, in _log
    self.handle(record)
[2025-04-24T19:15:28.399+0000] {logging_mixin.py:188} WARNING -   File "/usr/local/lib/python3.9/logging/__init__.py", line 1599, in handle
    self.callHandlers(record)
[2025-04-24T19:15:28.404+0000] {logging_mixin.py:188} WARNING -   File "/usr/local/lib/python3.9/logging/__init__.py", line 1661, in callHandlers
    hdlr.handle(record)
[2025-04-24T19:15:28.404+0000] {logging_mixin.py:188} WARNING -   File "/usr/local/lib/python3.9/logging/__init__.py", line 952, in handle
    self.emit(record)
[2025-04-24T19:15:28.406+0000] {logging_mixin.py:188} WARNING -   File "/home/***/.local/lib/python3.9/site-packages/***/utils/log/file_task_handler.py", line 247, in emit
    self.handler.emit(record)
