[2025-04-24T19:15:23.768+0000] {taskinstance.py:1956} INFO - Dependencies all met for dep_context=non-requeueable deps ti=<TaskInstance: mbta_kafka_consumer_dag.run_kafka_consumer scheduled__2025-04-24T19:10:00+00:00 [queued]>
[2025-04-24T19:15:23.776+0000] {taskinstance.py:1956} INFO - Dependencies all met for dep_context=requeueable deps ti=<TaskInstance: mbta_kafka_consumer_dag.run_kafka_consumer scheduled__2025-04-24T19:10:00+00:00 [queued]>
[2025-04-24T19:15:23.776+0000] {taskinstance.py:2170} INFO - Starting attempt 1 of 2
[2025-04-24T19:15:23.792+0000] {taskinstance.py:2191} INFO - Executing <Task(PythonOperator): run_kafka_consumer> on 2025-04-24 19:10:00+00:00
[2025-04-24T19:15:23.804+0000] {standard_task_runner.py:60} INFO - Started process 196 to run task
[2025-04-24T19:15:23.813+0000] {standard_task_runner.py:87} INFO - Running: ['***', 'tasks', 'run', 'mbta_kafka_consumer_dag', 'run_kafka_consumer', 'scheduled__2025-04-24T19:10:00+00:00', '--job-id', '1124', '--raw', '--subdir', 'DAGS_FOLDER/mbta_kafka_consumer_dag.py', '--cfg-path', '/tmp/tmpjrmxibdf']
[2025-04-24T19:15:23.816+0000] {standard_task_runner.py:88} INFO - Job 1124: Subtask run_kafka_consumer
[2025-04-24T19:15:23.968+0000] {task_command.py:423} INFO - Running <TaskInstance: mbta_kafka_consumer_dag.run_kafka_consumer scheduled__2025-04-24T19:10:00+00:00 [running]> on host 48040ae9642e
[2025-04-24T19:15:24.200+0000] {taskinstance.py:2480} INFO - Exporting env vars: AIRFLOW_CTX_DAG_OWNER='***' AIRFLOW_CTX_DAG_ID='mbta_kafka_consumer_dag' AIRFLOW_CTX_TASK_ID='run_kafka_consumer' AIRFLOW_CTX_EXECUTION_DATE='2025-04-24T19:10:00+00:00' AIRFLOW_CTX_TRY_NUMBER='1' AIRFLOW_CTX_DAG_RUN_ID='scheduled__2025-04-24T19:10:00+00:00'
[2025-04-24T19:15:24.202+0000] {connection.py:370} INFO - Snowflake Connector for Python Version: 3.6.0, Python Version: 3.9.18, Platform: Linux-6.10.14-linuxkit-aarch64-with-glibc2.36
[2025-04-24T19:15:24.203+0000] {connection.py:1171} INFO - This connection is in OCSP Fail Open Mode. TLS Certificates would be checked for validity and revocation status. Any other Certificate Revocation related exceptions or OCSP Responder failures would be disregarded in favor of connectivity.
[2025-04-24T19:15:25.175+0000] {mbta_kafka_consumer.py:52} INFO - âœ… Connected to Snowflake successfully.
[2025-04-24T19:15:25.178+0000] {mbta_kafka_consumer.py:266} INFO - ðŸš€ Starting MBTA Kafka Consumer...
[2025-04-24T19:15:25.186+0000] {conn.py:395} INFO - <BrokerConnection client_id=kafka-python-2.1.5, node_id=bootstrap-0 host=kafka:9092 <connecting> [IPv4 ('172.19.0.3', 9092)]>: connecting to kafka:9092 [('172.19.0.3', 9092) IPv4]
[2025-04-24T19:15:25.188+0000] {conn.py:428} ERROR - <BrokerConnection client_id=kafka-python-2.1.5, node_id=bootstrap-0 host=kafka:9092 <connecting> [IPv4 ('172.19.0.3', 9092)]>: Connect attempt returned error 111. Disconnecting.
[2025-04-24T19:15:25.189+0000] {conn.py:936} ERROR - <BrokerConnection client_id=kafka-python-2.1.5, node_id=bootstrap-0 host=kafka:9092 <connecting> [IPv4 ('172.19.0.3', 9092)]>: Closing connection. KafkaConnectionError: 111 ECONNREFUSED
[2025-04-24T19:15:25.191+0000] {client_async.py:1048} WARNING - No node available during check_version; sleeping 0.04 secs
[2025-04-24T19:15:25.232+0000] {conn.py:395} INFO - <BrokerConnection client_id=kafka-python-2.1.5, node_id=bootstrap-0 host=kafka:9092 <connecting> [IPv4 ('172.19.0.3', 9092)]>: connecting to kafka:9092 [('172.19.0.3', 9092) IPv4]
[2025-04-24T19:15:25.233+0000] {conn.py:428} ERROR - <BrokerConnection client_id=kafka-python-2.1.5, node_id=bootstrap-0 host=kafka:9092 <connecting> [IPv4 ('172.19.0.3', 9092)]>: Connect attempt returned error 111. Disconnecting.
[2025-04-24T19:15:25.234+0000] {conn.py:936} ERROR - <BrokerConnection client_id=kafka-python-2.1.5, node_id=bootstrap-0 host=kafka:9092 <connecting> [IPv4 ('172.19.0.3', 9092)]>: Closing connection. KafkaConnectionError: 111 ECONNREFUSED
[2025-04-24T19:15:25.235+0000] {client_async.py:1048} WARNING - No node available during check_version; sleeping 0.09 secs
[2025-04-24T19:15:25.364+0000] {conn.py:395} INFO - <BrokerConnection client_id=kafka-python-2.1.5, node_id=bootstrap-0 host=kafka:9092 <connecting> [IPv4 ('172.19.0.3', 9092)]>: connecting to kafka:9092 [('172.19.0.3', 9092) IPv4]
[2025-04-24T19:15:25.372+0000] {conn.py:428} ERROR - <BrokerConnection client_id=kafka-python-2.1.5, node_id=bootstrap-0 host=kafka:9092 <connecting> [IPv4 ('172.19.0.3', 9092)]>: Connect attempt returned error 111. Disconnecting.
[2025-04-24T19:15:25.375+0000] {conn.py:936} ERROR - <BrokerConnection client_id=kafka-python-2.1.5, node_id=bootstrap-0 host=kafka:9092 <connecting> [IPv4 ('172.19.0.3', 9092)]>: Closing connection. KafkaConnectionError: 111 ECONNREFUSED
[2025-04-24T19:15:25.376+0000] {client_async.py:1048} WARNING - No node available during check_version; sleeping 0.17 secs
[2025-04-24T19:15:25.561+0000] {conn.py:395} INFO - <BrokerConnection client_id=kafka-python-2.1.5, node_id=bootstrap-0 host=kafka:9092 <connecting> [IPv4 ('172.19.0.3', 9092)]>: connecting to kafka:9092 [('172.19.0.3', 9092) IPv4]
[2025-04-24T19:15:25.563+0000] {conn.py:428} ERROR - <BrokerConnection client_id=kafka-python-2.1.5, node_id=bootstrap-0 host=kafka:9092 <connecting> [IPv4 ('172.19.0.3', 9092)]>: Connect attempt returned error 111. Disconnecting.
[2025-04-24T19:15:25.564+0000] {conn.py:936} ERROR - <BrokerConnection client_id=kafka-python-2.1.5, node_id=bootstrap-0 host=kafka:9092 <connecting> [IPv4 ('172.19.0.3', 9092)]>: Closing connection. KafkaConnectionError: 111 ECONNREFUSED
[2025-04-24T19:15:25.565+0000] {client_async.py:1048} WARNING - No node available during check_version; sleeping 0.33 secs
[2025-04-24T19:15:25.895+0000] {conn.py:395} INFO - <BrokerConnection client_id=kafka-python-2.1.5, node_id=bootstrap-0 host=kafka:9092 <connecting> [IPv4 ('172.19.0.3', 9092)]>: connecting to kafka:9092 [('172.19.0.3', 9092) IPv4]
[2025-04-24T19:15:25.897+0000] {conn.py:428} ERROR - <BrokerConnection client_id=kafka-python-2.1.5, node_id=bootstrap-0 host=kafka:9092 <connecting> [IPv4 ('172.19.0.3', 9092)]>: Connect attempt returned error 111. Disconnecting.
[2025-04-24T19:15:25.898+0000] {conn.py:936} ERROR - <BrokerConnection client_id=kafka-python-2.1.5, node_id=bootstrap-0 host=kafka:9092 <connecting> [IPv4 ('172.19.0.3', 9092)]>: Closing connection. KafkaConnectionError: 111 ECONNREFUSED
[2025-04-24T19:15:25.900+0000] {client_async.py:1048} WARNING - No node available during check_version; sleeping 0.87 secs
[2025-04-24T19:15:26.801+0000] {conn.py:395} INFO - <BrokerConnection client_id=kafka-python-2.1.5, node_id=bootstrap-0 host=kafka:9092 <connecting> [IPv4 ('172.19.0.3', 9092)]>: connecting to kafka:9092 [('172.19.0.3', 9092) IPv4]
[2025-04-24T19:15:26.812+0000] {conn.py:428} ERROR - <BrokerConnection client_id=kafka-python-2.1.5, node_id=bootstrap-0 host=kafka:9092 <connecting> [IPv4 ('172.19.0.3', 9092)]>: Connect attempt returned error 111. Disconnecting.
[2025-04-24T19:15:26.814+0000] {conn.py:936} ERROR - <BrokerConnection client_id=kafka-python-2.1.5, node_id=bootstrap-0 host=kafka:9092 <connecting> [IPv4 ('172.19.0.3', 9092)]>: Closing connection. KafkaConnectionError: 111 ECONNREFUSED
[2025-04-24T19:15:26.819+0000] {client_async.py:1048} WARNING - No node available during check_version; sleeping 0.36 secs
[2025-04-24T19:15:27.191+0000] {taskinstance.py:2698} ERROR - Task failed with exception
Traceback (most recent call last):
  File "/home/airflow/.local/lib/python3.9/site-packages/airflow/models/taskinstance.py", line 433, in _execute_task
    result = execute_callable(context=context, **execute_callable_kwargs)
  File "/home/airflow/.local/lib/python3.9/site-packages/airflow/operators/python.py", line 199, in execute
    return_value = self.execute_callable()
  File "/home/airflow/.local/lib/python3.9/site-packages/airflow/operators/python.py", line 216, in execute_callable
    return self.python_callable(*self.op_args, **self.op_kwargs)
  File "/opt/airflow/dags/mbta_kafka_consumer.py", line 267, in consume_messages
    consumer = KafkaConsumer(
  File "/home/airflow/.local/lib/python3.9/site-packages/kafka/consumer/group.py", line 383, in __init__
    self._client = self.config['kafka_client'](metrics=self._metrics, **self.config)
  File "/home/airflow/.local/lib/python3.9/site-packages/kafka/client_async.py", line 262, in __init__
    self.config['api_version'] = self.check_version()
  File "/home/airflow/.local/lib/python3.9/site-packages/kafka/client_async.py", line 1073, in check_version
    raise Errors.NoBrokersAvailable()
kafka.errors.NoBrokersAvailable: NoBrokersAvailable
[2025-04-24T19:15:27.196+0000] {logging_mixin.py:188} WARNING - --- Logging error ---
[2025-04-24T19:15:27.199+0000] {logging_mixin.py:188} WARNING - --- Logging error ---
[2025-04-24T19:15:27.202+0000] {logging_mixin.py:188} WARNING - --- Logging error ---
[2025-04-24T19:15:27.206+0000] {logging_mixin.py:188} WARNING - --- Logging error ---
[2025-04-24T19:15:27.208+0000] {logging_mixin.py:188} WARNING - --- Logging error ---
[2025-04-24T19:15:27.210+0000] {logging_mixin.py:188} WARNING - --- Logging error ---
[2025-04-24T19:15:27.211+0000] {logging_mixin.py:188} WARNING - --- Logging error ---
[2025-04-24T19:15:27.215+0000] {logging_mixin.py:188} WARNING - --- Logging error ---
[2025-04-24T19:15:27.216+0000] {logging_mixin.py:188} WARNING - --- Logging error ---
[2025-04-24T19:15:27.218+0000] {logging_mixin.py:188} WARNING - --- Logging error ---
[2025-04-24T19:15:27.219+0000] {logging_mixin.py:188} WARNING - --- Logging error ---
[2025-04-24T19:15:27.221+0000] {logging_mixin.py:188} WARNING - --- Logging error ---
[2025-04-24T19:15:27.224+0000] {logging_mixin.py:188} WARNING - --- Logging error ---
[2025-04-24T19:15:27.225+0000] {logging_mixin.py:188} WARNING - --- Logging error ---
[2025-04-24T19:15:27.225+0000] {logging_mixin.py:188} WARNING - --- Logging error ---
[2025-04-24T19:15:27.225+0000] {logging_mixin.py:188} WARNING - --- Logging error ---
[2025-04-24T19:15:27.226+0000] {logging_mixin.py:188} WARNING - --- Logging error ---
[2025-04-24T19:15:27.226+0000] {logging_mixin.py:188} WARNING - --- Logging error ---
[2025-04-24T19:15:27.227+0000] {logging_mixin.py:188} WARNING - --- Logging error ---
[2025-04-24T19:15:27.227+0000] {logging_mixin.py:188} WARNING - --- Logging error ---
[2025-04-24T19:15:27.228+0000] {logging_mixin.py:188} WARNING - --- Logging error ---
[2025-04-24T19:15:27.228+0000] {logging_mixin.py:188} WARNING - --- Logging error ---
[2025-04-24T19:15:27.229+0000] {logging_mixin.py:188} WARNING - --- Logging error ---
[2025-04-24T19:15:27.230+0000] {logging_mixin.py:188} WARNING - --- Logging error ---
[2025-04-24T19:15:27.230+0000] {logging_mixin.py:188} WARNING - --- Logging error ---
[2025-04-24T19:15:27.232+0000] {logging_mixin.py:188} WARNING - --- Logging error ---
[2025-04-24T19:15:27.234+0000] {logging_mixin.py:188} WARNING - --- Logging error ---
[2025-04-24T19:15:27.235+0000] {logging_mixin.py:188} WARNING - --- Logging error ---
[2025-04-24T19:15:27.237+0000] {logging_mixin.py:188} WARNING - --- Logging error ---
[2025-04-24T19:15:27.239+0000] {logging_mixin.py:188} WARNING - --- Logging error ---
[2025-04-24T19:15:27.241+0000] {logging_mixin.py:188} WARNING - --- Logging error ---
[2025-04-24T19:15:27.242+0000] {logging_mixin.py:188} WARNING - --- Logging error ---
[2025-04-24T19:15:27.366+0000] {logging_mixin.py:188} WARNING - --- Logging error ---
[2025-04-24T19:15:27.387+0000] {logging_mixin.py:188} WARNING - Chained exceptions have been truncated to avoid stack overflow in traceback formatting:
[2025-04-24T19:15:27.394+0000] {logging_mixin.py:188} WARNING - Traceback (most recent call last):
[2025-04-24T19:15:27.395+0000] {logging_mixin.py:188} WARNING -   File "/usr/local/lib/python3.9/logging/__init__.py", line 1087, in emit
    self.flush()
[2025-04-24T19:15:27.396+0000] {logging_mixin.py:188} WARNING -   File "/usr/local/lib/python3.9/logging/__init__.py", line 1067, in flush
    self.stream.flush()
[2025-04-24T19:15:27.399+0000] {logging_mixin.py:188} WARNING - OSError: <unprintable OSError object>
[2025-04-24T19:15:27.401+0000] {logging_mixin.py:188} WARNING - 
During handling of the above exception, another exception occurred:
[2025-04-24T19:15:27.414+0000] {logging_mixin.py:188} WARNING - Traceback (most recent call last):
[2025-04-24T19:15:27.416+0000] {logging_mixin.py:188} WARNING -   File "/usr/local/lib/python3.9/logging/__init__.py", line 1087, in emit
    self.flush()
[2025-04-24T19:15:27.420+0000] {logging_mixin.py:188} WARNING -   File "/usr/local/lib/python3.9/logging/__init__.py", line 1067, in flush
    self.stream.flush()
[2025-04-24T19:15:27.424+0000] {logging_mixin.py:188} WARNING - OSError: [Errno 28] No space left on device
[2025-04-24T19:15:27.428+0000] {logging_mixin.py:188} WARNING - 
During handling of the above exception, another exception occurred:
[2025-04-24T19:15:27.431+0000] {logging_mixin.py:188} WARNING - Traceback (most recent call last):
[2025-04-24T19:15:27.433+0000] {logging_mixin.py:188} WARNING -   File "/usr/local/lib/python3.9/logging/__init__.py", line 1087, in emit
    self.flush()
[2025-04-24T19:15:27.437+0000] {logging_mixin.py:188} WARNING -   File "/usr/local/lib/python3.9/logging/__init__.py", line 1067, in flush
    self.stream.flush()
[2025-04-24T19:15:27.438+0000] {logging_mixin.py:188} WARNING - OSError: [Errno 28] No space left on device
[2025-04-24T19:15:27.440+0000] {logging_mixin.py:188} WARNING - 
During handling of the above exception, another exception occurred:
[2025-04-24T19:15:27.442+0000] {logging_mixin.py:188} WARNING - Traceback (most recent call last):
[2025-04-24T19:15:27.445+0000] {logging_mixin.py:188} WARNING -   File "/usr/local/lib/python3.9/logging/__init__.py", line 1087, in emit
    self.flush()
[2025-04-24T19:15:27.450+0000] {logging_mixin.py:188} WARNING -   File "/usr/local/lib/python3.9/logging/__init__.py", line 1067, in flush
    self.stream.flush()
[2025-04-24T19:15:27.451+0000] {logging_mixin.py:188} WARNING - OSError: [Errno 28] No space left on device
[2025-04-24T19:15:27.453+0000] {logging_mixin.py:188} WARNING - 
During handling of the above exception, another exception occurred:
[2025-04-24T19:15:27.454+0000] {logging_mixin.py:188} WARNING - Traceback (most recent call last):
[2025-04-24T19:15:27.455+0000] {logging_mixin.py:188} WARNING -   File "/usr/local/lib/python3.9/logging/__init__.py", line 1087, in emit
    self.flush()
[2025-04-24T19:15:27.456+0000] {logging_mixin.py:188} WARNING -   File "/usr/local/lib/python3.9/logging/__init__.py", line 1067, in flush
    self.stream.flush()
[2025-04-24T19:15:27.458+0000] {logging_mixin.py:188} WARNING - OSError: [Errno 28] No space left on device
[2025-04-24T19:15:27.464+0000] {logging_mixin.py:188} WARNING - 
During handling of the above exception, another exception occurred:
[2025-04-24T19:15:27.465+0000] {logging_mixin.py:188} WARNING - Traceback (most recent call last):
[2025-04-24T19:15:27.466+0000] {logging_mixin.py:188} WARNING -   File "/usr/local/lib/python3.9/logging/__init__.py", line 1087, in emit
    self.flush()
[2025-04-24T19:15:27.469+0000] {logging_mixin.py:188} WARNING -   File "/usr/local/lib/python3.9/logging/__init__.py", line 1067, in flush
    self.stream.flush()
[2025-04-24T19:15:27.470+0000] {logging_mixin.py:188} WARNING - OSError: [Errno 28] No space left on device
[2025-04-24T19:15:27.471+0000] {logging_mixin.py:188} WARNING - 
During handling of the above exception, another exception occurred:
[2025-04-24T19:15:27.471+0000] {logging_mixin.py:188} WARNING - Traceback (most recent call last):
[2025-04-24T19:15:27.473+0000] {logging_mixin.py:188} WARNING -   File "/usr/local/lib/python3.9/logging/__init__.py", line 1087, in emit
    self.flush()
[2025-04-24T19:15:27.474+0000] {logging_mixin.py:188} WARNING -   File "/usr/local/lib/python3.9/logging/__init__.py", line 1067, in flush
    self.stream.flush()
[2025-04-24T19:15:27.476+0000] {logging_mixin.py:188} WARNING - OSError: [Errno 28] No space left on device
[2025-04-24T19:15:27.477+0000] {logging_mixin.py:188} WARNING - 
During handling of the above exception, another exception occurred:
[2025-04-24T19:15:27.478+0000] {logging_mixin.py:188} WARNING - Traceback (most recent call last):
[2025-04-24T19:15:27.478+0000] {logging_mixin.py:188} WARNING -   File "/usr/local/lib/python3.9/logging/__init__.py", line 1087, in emit
    self.flush()
[2025-04-24T19:15:27.480+0000] {logging_mixin.py:188} WARNING -   File "/usr/local/lib/python3.9/logging/__init__.py", line 1067, in flush
    self.stream.flush()
[2025-04-24T19:15:27.480+0000] {logging_mixin.py:188} WARNING - OSError: [Errno 28] No space left on device
[2025-04-24T19:15:27.481+0000] {logging_mixin.py:188} WARNING - 
During handling of the above exception, another exception occurred:
[2025-04-24T19:15:27.481+0000] {logging_mixin.py:188} WARNING - Traceback (most recent call last):
[2025-04-24T19:15:27.482+0000] {logging_mixin.py:188} WARNING -   File "/usr/local/lib/python3.9/logging/__init__.py", line 1087, in emit
    self.flush()
[2025-04-24T19:15:27.485+0000] {logging_mixin.py:188} WARNING -   File "/usr/local/lib/python3.9/logging/__init__.py", line 1067, in flush
    self.stream.flush()
[2025-04-24T19:15:27.486+0000] {logging_mixin.py:188} WARNING - OSError: [Errno 28] No space left on device
[2025-04-24T19:15:27.487+0000] {logging_mixin.py:188} WARNING - 
During handling of the above exception, another exception occurred:
[2025-04-24T19:15:27.489+0000] {logging_mixin.py:188} WARNING - Traceback (most recent call last):
[2025-04-24T19:15:27.490+0000] {logging_mixin.py:188} WARNING -   File "/usr/local/lib/python3.9/logging/__init__.py", line 1087, in emit
    self.flush()
[2025-04-24T19:15:27.494+0000] {logging_mixin.py:188} WARNING -   File "/usr/local/lib/python3.9/logging/__init__.py", line 1067, in flush
    self.stream.flush()
[2025-04-24T19:15:27.495+0000] {logging_mixin.py:188} WARNING - OSError: [Errno 28] No space left on device
[2025-04-24T19:15:27.497+0000] {logging_mixin.py:188} WARNING - 
During handling of the above exception, another exception occurred:
[2025-04-24T19:15:27.508+0000] {logging_mixin.py:188} WARNING - Traceback (most recent call last):
[2025-04-24T19:15:27.511+0000] {logging_mixin.py:188} WARNING -   File "/usr/local/lib/python3.9/logging/__init__.py", line 1087, in emit
    self.flush()
[2025-04-24T19:15:27.513+0000] {logging_mixin.py:188} WARNING -   File "/usr/local/lib/python3.9/logging/__init__.py", line 1067, in flush
    self.stream.flush()
[2025-04-24T19:15:27.514+0000] {logging_mixin.py:188} WARNING - OSError: [Errno 28] No space left on device
[2025-04-24T19:15:27.517+0000] {logging_mixin.py:188} WARNING - 
During handling of the above exception, another exception occurred:
[2025-04-24T19:15:27.518+0000] {logging_mixin.py:188} WARNING - Traceback (most recent call last):
[2025-04-24T19:15:27.519+0000] {logging_mixin.py:188} WARNING -   File "/usr/local/lib/python3.9/logging/__init__.py", line 1087, in emit
    self.flush()
[2025-04-24T19:15:27.521+0000] {logging_mixin.py:188} WARNING -   File "/usr/local/lib/python3.9/logging/__init__.py", line 1067, in flush
    self.stream.flush()
[2025-04-24T19:15:27.522+0000] {logging_mixin.py:188} WARNING - OSError: [Errno 28] No space left on device
[2025-04-24T19:15:27.523+0000] {logging_mixin.py:188} WARNING - 
During handling of the above exception, another exception occurred:
[2025-04-24T19:15:27.523+0000] {logging_mixin.py:188} WARNING - Traceback (most recent call last):
[2025-04-24T19:15:27.523+0000] {logging_mixin.py:188} WARNING -   File "/usr/local/lib/python3.9/logging/__init__.py", line 1087, in emit
    self.flush()
[2025-04-24T19:15:27.525+0000] {logging_mixin.py:188} WARNING -   File "/usr/local/lib/python3.9/logging/__init__.py", line 1067, in flush
    self.stream.flush()
[2025-04-24T19:15:27.525+0000] {logging_mixin.py:188} WARNING - OSError: [Errno 28] No space left on device
[2025-04-24T19:15:27.527+0000] {logging_mixin.py:188} WARNING - 
During handling of the above exception, another exception occurred:
[2025-04-24T19:15:27.528+0000] {logging_mixin.py:188} WARNING - Traceback (most recent call last):
[2025-04-24T19:15:27.528+0000] {logging_mixin.py:188} WARNING -   File "/usr/local/lib/python3.9/logging/__init__.py", line 1087, in emit
    self.flush()
[2025-04-24T19:15:27.528+0000] {logging_mixin.py:188} WARNING -   File "/usr/local/lib/python3.9/logging/__init__.py", line 1067, in flush
    self.stream.flush()
[2025-04-24T19:15:27.529+0000] {logging_mixin.py:188} WARNING - OSError: [Errno 28] No space left on device
[2025-04-24T19:15:27.530+0000] {logging_mixin.py:188} WARNING - 
During handling of the above exception, another exception occurred:
[2025-04-24T19:15:27.530+0000] {logging_mixin.py:188} WARNING - Traceback (most recent call last):
[2025-04-24T19:15:27.531+0000] {logging_mixin.py:188} WARNING -   File "/usr/local/lib/python3.9/logging/__init__.py", line 1087, in emit
    self.flush()
[2025-04-24T19:15:27.533+0000] {logging_mixin.py:188} WARNING -   File "/usr/local/lib/python3.9/logging/__init__.py", line 1067, in flush
    self.stream.flush()
[2025-04-24T19:15:27.533+0000] {logging_mixin.py:188} WARNING - OSError: [Errno 28] No space left on device
[2025-04-24T19:15:27.534+0000] {logging_mixin.py:188} WARNING - 
During handling of the above exception, another exception occurred:
[2025-04-24T19:15:27.535+0000] {logging_mixin.py:188} WARNING - Traceback (most recent call last):
[2025-04-24T19:15:27.535+0000] {logging_mixin.py:188} WARNING -   File "/usr/local/lib/python3.9/logging/__init__.py", line 1087, in emit
    self.flush()
[2025-04-24T19:15:27.536+0000] {logging_mixin.py:188} WARNING -   File "/usr/local/lib/python3.9/logging/__init__.py", line 1067, in flush
    self.stream.flush()
[2025-04-24T19:15:27.537+0000] {logging_mixin.py:188} WARNING - OSError: [Errno 28] No space left on device
[2025-04-24T19:15:27.537+0000] {logging_mixin.py:188} WARNING - 
During handling of the above exception, another exception occurred:
[2025-04-24T19:15:27.538+0000] {logging_mixin.py:188} WARNING - Traceback (most recent call last):
[2025-04-24T19:15:27.538+0000] {logging_mixin.py:188} WARNING -   File "/usr/local/lib/python3.9/logging/__init__.py", line 1087, in emit
    self.flush()
[2025-04-24T19:15:27.538+0000] {logging_mixin.py:188} WARNING -   File "/usr/local/lib/python3.9/logging/__init__.py", line 1067, in flush
    self.stream.flush()
[2025-04-24T19:15:27.539+0000] {logging_mixin.py:188} WARNING - OSError: [Errno 28] No space left on device
[2025-04-24T19:15:27.540+0000] {logging_mixin.py:188} WARNING - 
During handling of the above exception, another exception occurred:
[2025-04-24T19:15:27.540+0000] {logging_mixin.py:188} WARNING - Traceback (most recent call last):
[2025-04-24T19:15:27.541+0000] {logging_mixin.py:188} WARNING -   File "/usr/local/lib/python3.9/logging/__init__.py", line 1087, in emit
    self.flush()
[2025-04-24T19:15:27.542+0000] {logging_mixin.py:188} WARNING -   File "/usr/local/lib/python3.9/logging/__init__.py", line 1067, in flush
    self.stream.flush()
[2025-04-24T19:15:27.543+0000] {logging_mixin.py:188} WARNING - OSError: [Errno 28] No space left on device
[2025-04-24T19:15:27.543+0000] {logging_mixin.py:188} WARNING - 
During handling of the above exception, another exception occurred:
[2025-04-24T19:15:27.545+0000] {logging_mixin.py:188} WARNING - Traceback (most recent call last):
[2025-04-24T19:15:27.546+0000] {logging_mixin.py:188} WARNING -   File "/usr/local/lib/python3.9/logging/__init__.py", line 1087, in emit
    self.flush()
[2025-04-24T19:15:27.546+0000] {logging_mixin.py:188} WARNING -   File "/usr/local/lib/python3.9/logging/__init__.py", line 1067, in flush
    self.stream.flush()
[2025-04-24T19:15:27.547+0000] {logging_mixin.py:188} WARNING - OSError: [Errno 28] No space left on device
[2025-04-24T19:15:27.548+0000] {logging_mixin.py:188} WARNING - 
During handling of the above exception, another exception occurred:
[2025-04-24T19:15:27.548+0000] {logging_mixin.py:188} WARNING - Traceback (most recent call last):
[2025-04-24T19:15:27.549+0000] {logging_mixin.py:188} WARNING -   File "/usr/local/lib/python3.9/logging/__init__.py", line 1087, in emit
    self.flush()
[2025-04-24T19:15:27.550+0000] {logging_mixin.py:188} WARNING -   File "/usr/local/lib/python3.9/logging/__init__.py", line 1067, in flush
    self.stream.flush()
[2025-04-24T19:15:27.550+0000] {logging_mixin.py:188} WARNING - OSError: [Errno 28] No space left on device
[2025-04-24T19:15:27.551+0000] {logging_mixin.py:188} WARNING - 
During handling of the above exception, another exception occurred:
[2025-04-24T19:15:27.552+0000] {logging_mixin.py:188} WARNING - Traceback (most recent call last):
[2025-04-24T19:15:27.553+0000] {logging_mixin.py:188} WARNING -   File "/usr/local/lib/python3.9/logging/__init__.py", line 1087, in emit
    self.flush()
[2025-04-24T19:15:27.553+0000] {logging_mixin.py:188} WARNING -   File "/usr/local/lib/python3.9/logging/__init__.py", line 1067, in flush
    self.stream.flush()
[2025-04-24T19:15:27.554+0000] {logging_mixin.py:188} WARNING - OSError: [Errno 28] No space left on device
[2025-04-24T19:15:27.554+0000] {logging_mixin.py:188} WARNING - 
During handling of the above exception, another exception occurred:
[2025-04-24T19:15:27.555+0000] {logging_mixin.py:188} WARNING - Traceback (most recent call last):
[2025-04-24T19:15:27.558+0000] {logging_mixin.py:188} WARNING -   File "/usr/local/lib/python3.9/logging/__init__.py", line 1087, in emit
    self.flush()
[2025-04-24T19:15:27.559+0000] {logging_mixin.py:188} WARNING -   File "/usr/local/lib/python3.9/logging/__init__.py", line 1067, in flush
    self.stream.flush()
[2025-04-24T19:15:27.560+0000] {logging_mixin.py:188} WARNING - OSError: [Errno 28] No space left on device
[2025-04-24T19:15:27.562+0000] {logging_mixin.py:188} WARNING - 
During handling of the above exception, another exception occurred:
[2025-04-24T19:15:27.562+0000] {logging_mixin.py:188} WARNING - Traceback (most recent call last):
[2025-04-24T19:15:27.563+0000] {logging_mixin.py:188} WARNING -   File "/usr/local/lib/python3.9/logging/__init__.py", line 1087, in emit
    self.flush()
[2025-04-24T19:15:27.563+0000] {logging_mixin.py:188} WARNING -   File "/usr/local/lib/python3.9/logging/__init__.py", line 1067, in flush
    self.stream.flush()
[2025-04-24T19:15:27.564+0000] {logging_mixin.py:188} WARNING - OSError: [Errno 28] No space left on device
[2025-04-24T19:15:27.565+0000] {logging_mixin.py:188} WARNING - 
During handling of the above exception, another exception occurred:
[2025-04-24T19:15:27.567+0000] {logging_mixin.py:188} WARNING - Traceback (most recent call last):
[2025-04-24T19:15:27.569+0000] {logging_mixin.py:188} WARNING -   File "/usr/local/lib/python3.9/logging/__init__.py", line 1087, in emit
    self.flush()
[2025-04-24T19:15:27.570+0000] {logging_mixin.py:188} WARNING -   File "/usr/local/lib/python3.9/logging/__init__.py", line 1067, in flush
    self.stream.flush()
[2025-04-24T19:15:27.571+0000] {logging_mixin.py:188} WARNING - OSError: [Errno 28] No space left on device
[2025-04-24T19:15:27.572+0000] {logging_mixin.py:188} WARNING - 
During handling of the above exception, another exception occurred:
[2025-04-24T19:15:27.579+0000] {logging_mixin.py:188} WARNING - Traceback (most recent call last):
[2025-04-24T19:15:27.580+0000] {logging_mixin.py:188} WARNING -   File "/usr/local/lib/python3.9/logging/__init__.py", line 1087, in emit
    self.flush()
[2025-04-24T19:15:27.584+0000] {logging_mixin.py:188} WARNING -   File "/usr/local/lib/python3.9/logging/__init__.py", line 1067, in flush
    self.stream.flush()
[2025-04-24T19:15:27.585+0000] {logging_mixin.py:188} WARNING - OSError: [Errno 28] No space left on device
[2025-04-24T19:15:27.585+0000] {logging_mixin.py:188} WARNING - 
During handling of the above exception, another exception occurred:
[2025-04-24T19:15:27.586+0000] {logging_mixin.py:188} WARNING - Traceback (most recent call last):
[2025-04-24T19:15:27.586+0000] {logging_mixin.py:188} WARNING -   File "/usr/local/lib/python3.9/logging/__init__.py", line 1087, in emit
    self.flush()
[2025-04-24T19:15:27.586+0000] {logging_mixin.py:188} WARNING -   File "/usr/local/lib/python3.9/logging/__init__.py", line 1067, in flush
    self.stream.flush()
[2025-04-24T19:15:27.588+0000] {logging_mixin.py:188} WARNING - OSError: [Errno 28] No space left on device
[2025-04-24T19:15:27.589+0000] {logging_mixin.py:188} WARNING - 
During handling of the above exception, another exception occurred:
[2025-04-24T19:15:27.592+0000] {logging_mixin.py:188} WARNING - Traceback (most recent call last):
[2025-04-24T19:15:27.593+0000] {logging_mixin.py:188} WARNING -   File "/usr/local/lib/python3.9/logging/__init__.py", line 1087, in emit
    self.flush()
[2025-04-24T19:15:27.596+0000] {logging_mixin.py:188} WARNING -   File "/usr/local/lib/python3.9/logging/__init__.py", line 1067, in flush
    self.stream.flush()
[2025-04-24T19:15:27.598+0000] {logging_mixin.py:188} WARNING - OSError: [Errno 28] No space left on device
[2025-04-24T19:15:27.598+0000] {logging_mixin.py:188} WARNING - 
During handling of the above exception, another exception occurred:
[2025-04-24T19:15:27.599+0000] {logging_mixin.py:188} WARNING - Traceback (most recent call last):
[2025-04-24T19:15:27.600+0000] {logging_mixin.py:188} WARNING -   File "/usr/local/lib/python3.9/logging/__init__.py", line 1087, in emit
    self.flush()
[2025-04-24T19:15:27.602+0000] {logging_mixin.py:188} WARNING -   File "/usr/local/lib/python3.9/logging/__init__.py", line 1067, in flush
    self.stream.flush()
[2025-04-24T19:15:27.602+0000] {logging_mixin.py:188} WARNING - OSError: [Errno 28] No space left on device
[2025-04-24T19:15:27.603+0000] {logging_mixin.py:188} WARNING - 
During handling of the above exception, another exception occurred:
[2025-04-24T19:15:27.604+0000] {logging_mixin.py:188} WARNING - Traceback (most recent call last):
[2025-04-24T19:15:27.605+0000] {logging_mixin.py:188} WARNING -   File "/usr/local/lib/python3.9/logging/__init__.py", line 1087, in emit
    self.flush()
[2025-04-24T19:15:27.605+0000] {logging_mixin.py:188} WARNING -   File "/usr/local/lib/python3.9/logging/__init__.py", line 1067, in flush
    self.stream.flush()
[2025-04-24T19:15:27.605+0000] {logging_mixin.py:188} WARNING - OSError: [Errno 28] No space left on device
[2025-04-24T19:15:27.606+0000] {logging_mixin.py:188} WARNING - 
During handling of the above exception, another exception occurred:
[2025-04-24T19:15:27.606+0000] {logging_mixin.py:188} WARNING - Traceback (most recent call last):
[2025-04-24T19:15:27.606+0000] {logging_mixin.py:188} WARNING -   File "/usr/local/lib/python3.9/logging/__init__.py", line 1087, in emit
    self.flush()
[2025-04-24T19:15:27.607+0000] {logging_mixin.py:188} WARNING -   File "/usr/local/lib/python3.9/logging/__init__.py", line 1067, in flush
    self.stream.flush()
[2025-04-24T19:15:27.607+0000] {logging_mixin.py:188} WARNING - OSError: [Errno 28] No space left on device
[2025-04-24T19:15:27.607+0000] {logging_mixin.py:188} WARNING - 
During handling of the above exception, another exception occurred:
[2025-04-24T19:15:27.608+0000] {logging_mixin.py:188} WARNING - Traceback (most recent call last):
[2025-04-24T19:15:27.608+0000] {logging_mixin.py:188} WARNING -   File "/usr/local/lib/python3.9/logging/__init__.py", line 1087, in emit
    self.flush()
[2025-04-24T19:15:27.609+0000] {logging_mixin.py:188} WARNING -   File "/usr/local/lib/python3.9/logging/__init__.py", line 1067, in flush
    self.stream.flush()
[2025-04-24T19:15:27.609+0000] {logging_mixin.py:188} WARNING - OSError: [Errno 28] No space left on device
[2025-04-24T19:15:27.609+0000] {logging_mixin.py:188} WARNING - 
During handling of the above exception, another exception occurred:
[2025-04-24T19:15:27.610+0000] {logging_mixin.py:188} WARNING - Traceback (most recent call last):
[2025-04-24T19:15:27.610+0000] {logging_mixin.py:188} WARNING -   File "/usr/local/lib/python3.9/logging/__init__.py", line 1087, in emit
    self.flush()
[2025-04-24T19:15:27.610+0000] {logging_mixin.py:188} WARNING -   File "/usr/local/lib/python3.9/logging/__init__.py", line 1067, in flush
    self.stream.flush()
[2025-04-24T19:15:27.610+0000] {logging_mixin.py:188} WARNING - OSError: [Errno 28] No space left on device
[2025-04-24T19:15:27.611+0000] {logging_mixin.py:188} WARNING - 
During handling of the above exception, another exception occurred:
[2025-04-24T19:15:27.613+0000] {logging_mixin.py:188} WARNING - Traceback (most recent call last):
[2025-04-24T19:15:27.613+0000] {logging_mixin.py:188} WARNING -   File "/usr/local/lib/python3.9/logging/__init__.py", line 1087, in emit
    self.flush()
[2025-04-24T19:15:27.614+0000] {logging_mixin.py:188} WARNING -   File "/usr/local/lib/python3.9/logging/__init__.py", line 1067, in flush
    self.stream.flush()
[2025-04-24T19:15:27.614+0000] {logging_mixin.py:188} WARNING - OSError: [Errno 28] No space left on device
[2025-04-24T19:15:27.615+0000] {logging_mixin.py:188} WARNING - 
During handling of the above exception, another exception occurred:
[2025-04-24T19:15:27.616+0000] {logging_mixin.py:188} WARNING - Traceback (most recent call last):
[2025-04-24T19:15:27.617+0000] {logging_mixin.py:188} WARNING -   File "/usr/local/lib/python3.9/logging/__init__.py", line 1087, in emit
    self.flush()
[2025-04-24T19:15:27.618+0000] {logging_mixin.py:188} WARNING -   File "/usr/local/lib/python3.9/logging/__init__.py", line 1067, in flush
    self.stream.flush()
[2025-04-24T19:15:27.619+0000] {logging_mixin.py:188} WARNING - OSError: [Errno 28] No space left on device
[2025-04-24T19:15:27.620+0000] {logging_mixin.py:188} WARNING - 
During handling of the above exception, another exception occurred:
[2025-04-24T19:15:27.622+0000] {logging_mixin.py:188} WARNING - Traceback (most recent call last):
[2025-04-24T19:15:27.623+0000] {logging_mixin.py:188} WARNING -   File "/usr/local/lib/python3.9/logging/__init__.py", line 1087, in emit
    self.flush()
[2025-04-24T19:15:27.646+0000] {logging_mixin.py:188} WARNING -   File "/usr/local/lib/python3.9/logging/__init__.py", line 1067, in flush
    self.stream.flush()
[2025-04-24T19:15:27.649+0000] {logging_mixin.py:188} WARNING - OSError: [Errno 28] No space left on device
[2025-04-24T19:15:27.655+0000] {logging_mixin.py:188} WARNING - 
During handling of the above exception, another exception occurred:
[2025-04-24T19:15:27.657+0000] {logging_mixin.py:188} WARNING - Traceback (most recent call last):
[2025-04-24T19:15:27.658+0000] {logging_mixin.py:188} WARNING -   File "/usr/local/lib/python3.9/logging/__init__.py", line 1087, in emit
    self.flush()
[2025-04-24T19:15:27.661+0000] {logging_mixin.py:188} WARNING -   File "/usr/local/lib/python3.9/logging/__init__.py", line 1067, in flush
    self.stream.flush()
[2025-04-24T19:15:27.662+0000] {logging_mixin.py:188} WARNING - OSError: [Errno 28] No space left on device
[2025-04-24T19:15:27.663+0000] {logging_mixin.py:188} WARNING - 
During handling of the above exception, another exception occurred:
[2025-04-24T19:15:27.663+0000] {logging_mixin.py:188} WARNING - Traceback (most recent call last):
[2025-04-24T19:15:27.663+0000] {logging_mixin.py:188} WARNING -   File "/usr/local/lib/python3.9/logging/__init__.py", line 1087, in emit
    self.flush()
[2025-04-24T19:15:27.664+0000] {logging_mixin.py:188} WARNING -   File "/usr/local/lib/python3.9/logging/__init__.py", line 1067, in flush
    self.stream.flush()
[2025-04-24T19:15:27.664+0000] {logging_mixin.py:188} WARNING - OSError: [Errno 28] No space left on device
[2025-04-24T19:15:27.667+0000] {logging_mixin.py:188} WARNING - 
During handling of the above exception, another exception occurred:
[2025-04-24T19:15:27.712+0000] {logging_mixin.py:188} WARNING - Traceback (most recent call last):
[2025-04-24T19:15:27.751+0000] {logging_mixin.py:188} WARNING -   File "/usr/local/lib/python3.9/logging/__init__.py", line 1087, in emit
    self.flush()
[2025-04-24T19:15:27.758+0000] {logging_mixin.py:188} WARNING -   File "/usr/local/lib/python3.9/logging/__init__.py", line 1067, in flush
    self.stream.flush()
[2025-04-24T19:15:27.763+0000] {logging_mixin.py:188} WARNING - OSError: [Errno 28] No space left on device
[2025-04-24T19:15:27.766+0000] {logging_mixin.py:188} WARNING - 
During handling of the above exception, another exception occurred:
[2025-04-24T19:15:27.768+0000] {logging_mixin.py:188} WARNING - Traceback (most recent call last):
[2025-04-24T19:15:27.768+0000] {logging_mixin.py:188} WARNING -   File "/usr/local/lib/python3.9/logging/__init__.py", line 1087, in emit
    self.flush()
[2025-04-24T19:15:27.769+0000] {logging_mixin.py:188} WARNING -   File "/usr/local/lib/python3.9/logging/__init__.py", line 1067, in flush
    self.stream.flush()
[2025-04-24T19:15:27.770+0000] {logging_mixin.py:188} WARNING - OSError: [Errno 28] No space left on device
[2025-04-24T19:15:27.771+0000] {logging_mixin.py:188} WARNING - 
During handling of the above exception, another exception occurred:
[2025-04-24T19:15:27.772+0000] {logging_mixin.py:188} WARNING - Traceback (most recent call last):
[2025-04-24T19:15:27.779+0000] {logging_mixin.py:188} WARNING -   File "/usr/local/lib/python3.9/logging/__init__.py", line 1087, in emit
    self.flush()
[2025-04-24T19:15:27.782+0000] {logging_mixin.py:188} WARNING -   File "/usr/local/lib/python3.9/logging/__init__.py", line 1067, in flush
    self.stream.flush()
[2025-04-24T19:15:27.783+0000] {logging_mixin.py:188} WARNING - OSError: [Errno 28] No space left on device
[2025-04-24T19:15:27.784+0000] {logging_mixin.py:188} WARNING - 
During handling of the above exception, another exception occurred:
[2025-04-24T19:15:27.784+0000] {logging_mixin.py:188} WARNING - Traceback (most recent call last):
[2025-04-24T19:15:27.786+0000] {logging_mixin.py:188} WARNING -   File "/usr/local/lib/python3.9/logging/__init__.py", line 1087, in emit
    self.flush()
[2025-04-24T19:15:27.787+0000] {logging_mixin.py:188} WARNING -   File "/usr/local/lib/python3.9/logging/__init__.py", line 1067, in flush
    self.stream.flush()
[2025-04-24T19:15:27.787+0000] {logging_mixin.py:188} WARNING - OSError: [Errno 28] No space left on device
[2025-04-24T19:15:27.790+0000] {logging_mixin.py:188} WARNING - 
During handling of the above exception, another exception occurred:
[2025-04-24T19:15:27.792+0000] {logging_mixin.py:188} WARNING - Traceback (most recent call last):
[2025-04-24T19:15:27.793+0000] {logging_mixin.py:188} WARNING -   File "/usr/local/lib/python3.9/logging/__init__.py", line 1087, in emit
    self.flush()
[2025-04-24T19:15:27.794+0000] {logging_mixin.py:188} WARNING -   File "/usr/local/lib/python3.9/logging/__init__.py", line 1067, in flush
    self.stream.flush()
[2025-04-24T19:15:27.795+0000] {logging_mixin.py:188} WARNING - OSError: [Errno 28] No space left on device
[2025-04-24T19:15:27.795+0000] {logging_mixin.py:188} WARNING - Call stack:
[2025-04-24T19:15:27.816+0000] {logging_mixin.py:188} WARNING -   File "/home/***/.local/bin/***", line 8, in <module>
    sys.exit(main())
[2025-04-24T19:15:27.819+0000] {logging_mixin.py:188} WARNING -   File "/home/***/.local/lib/python3.9/site-packages/***/__main__.py", line 57, in main
    args.func(args)
[2025-04-24T19:15:27.819+0000] {logging_mixin.py:188} WARNING -   File "/home/***/.local/lib/python3.9/site-packages/***/cli/cli_config.py", line 49, in command
    return func(*args, **kwargs)
[2025-04-24T19:15:27.819+0000] {logging_mixin.py:188} WARNING -   File "/home/***/.local/lib/python3.9/site-packages/***/utils/cli.py", line 114, in wrapper
    return f(*args, **kwargs)
[2025-04-24T19:15:27.824+0000] {logging_mixin.py:188} WARNING -   File "/home/***/.local/lib/python3.9/site-packages/***/utils/providers_configuration_loader.py", line 55, in wrapped_function
    return func(*args, **kwargs)
[2025-04-24T19:15:27.824+0000] {logging_mixin.py:188} WARNING -   File "/home/***/.local/lib/python3.9/site-packages/***/cli/commands/scheduler_command.py", line 67, in scheduler
    run_command_with_daemon_option(
[2025-04-24T19:15:27.825+0000] {logging_mixin.py:188} WARNING -   File "/home/***/.local/lib/python3.9/site-packages/***/cli/commands/daemon_utils.py", line 86, in run_command_with_daemon_option
    callback()
[2025-04-24T19:15:27.826+0000] {logging_mixin.py:188} WARNING -   File "/home/***/.local/lib/python3.9/site-packages/***/cli/commands/scheduler_command.py", line 70, in <lambda>
    callback=lambda: _run_scheduler_job(args),
[2025-04-24T19:15:27.826+0000] {logging_mixin.py:188} WARNING -   File "/home/***/.local/lib/python3.9/site-packages/***/cli/commands/scheduler_command.py", line 52, in _run_scheduler_job
    run_job(job=job_runner.job, execute_callable=job_runner._execute)
[2025-04-24T19:15:27.828+0000] {logging_mixin.py:188} WARNING -   File "/home/***/.local/lib/python3.9/site-packages/***/utils/session.py", line 79, in wrapper
    return func(*args, session=session, **kwargs)
[2025-04-24T19:15:27.828+0000] {logging_mixin.py:188} WARNING -   File "/home/***/.local/lib/python3.9/site-packages/***/jobs/job.py", line 393, in run_job
    return execute_job(job, execute_callable=execute_callable)
[2025-04-24T19:15:27.828+0000] {logging_mixin.py:188} WARNING -   File "/home/***/.local/lib/python3.9/site-packages/***/jobs/job.py", line 422, in execute_job
    ret = execute_callable()
[2025-04-24T19:15:27.829+0000] {logging_mixin.py:188} WARNING -   File "/home/***/.local/lib/python3.9/site-packages/***/jobs/scheduler_job_runner.py", line 846, in _execute
    self.job.executor.start()
[2025-04-24T19:15:27.830+0000] {logging_mixin.py:188} WARNING -   File "/home/***/.local/lib/python3.9/site-packages/***/executors/local_executor.py", line 372, in start
    self.impl.start()
[2025-04-24T19:15:27.831+0000] {logging_mixin.py:188} WARNING -   File "/home/***/.local/lib/python3.9/site-packages/***/executors/local_executor.py", line 311, in start
    worker.start()
[2025-04-24T19:15:27.832+0000] {logging_mixin.py:188} WARNING -   File "/usr/local/lib/python3.9/multiprocessing/process.py", line 121, in start
    self._popen = self._Popen(self)
[2025-04-24T19:15:27.833+0000] {logging_mixin.py:188} WARNING -   File "/usr/local/lib/python3.9/multiprocessing/context.py", line 224, in _Popen
    return _default_context.get_context().Process._Popen(process_obj)
[2025-04-24T19:15:27.833+0000] {logging_mixin.py:188} WARNING -   File "/usr/local/lib/python3.9/multiprocessing/context.py", line 277, in _Popen
    return Popen(process_obj)
[2025-04-24T19:15:27.833+0000] {logging_mixin.py:188} WARNING -   File "/usr/local/lib/python3.9/multiprocessing/popen_fork.py", line 19, in __init__
    self._launch(process_obj)
[2025-04-24T19:15:27.835+0000] {logging_mixin.py:188} WARNING -   File "/usr/local/lib/python3.9/multiprocessing/popen_fork.py", line 71, in _launch
    code = process_obj._bootstrap(parent_sentinel=child_r)
[2025-04-24T19:15:27.836+0000] {logging_mixin.py:188} WARNING -   File "/usr/local/lib/python3.9/multiprocessing/process.py", line 315, in _bootstrap
    self.run()
[2025-04-24T19:15:27.838+0000] {logging_mixin.py:188} WARNING -   File "/home/***/.local/lib/python3.9/site-packages/***/executors/local_executor.py", line 77, in run
    return super().run()
[2025-04-24T19:15:27.838+0000] {logging_mixin.py:188} WARNING -   File "/usr/local/lib/python3.9/multiprocessing/process.py", line 108, in run
    self._target(*self._args, **self._kwargs)
[2025-04-24T19:15:27.839+0000] {logging_mixin.py:188} WARNING -   File "/home/***/.local/lib/python3.9/site-packages/***/executors/local_executor.py", line 201, in do_work
    self.execute_work(key=key, command=command)
[2025-04-24T19:15:27.839+0000] {logging_mixin.py:188} WARNING -   File "/home/***/.local/lib/python3.9/site-packages/***/executors/local_executor.py", line 94, in execute_work
    state = self._execute_work_in_fork(command)
[2025-04-24T19:15:27.840+0000] {logging_mixin.py:188} WARNING -   File "/home/***/.local/lib/python3.9/site-packages/***/executors/local_executor.py", line 134, in _execute_work_in_fork
    args.func(args)
[2025-04-24T19:15:27.841+0000] {logging_mixin.py:188} WARNING -   File "/home/***/.local/lib/python3.9/site-packages/***/cli/cli_config.py", line 49, in command
    return func(*args, **kwargs)
[2025-04-24T19:15:27.841+0000] {logging_mixin.py:188} WARNING -   File "/home/***/.local/lib/python3.9/site-packages/***/utils/cli.py", line 114, in wrapper
    return f(*args, **kwargs)
[2025-04-24T19:15:27.841+0000] {logging_mixin.py:188} WARNING -   File "/home/***/.local/lib/python3.9/site-packages/***/cli/commands/task_command.py", line 438, in task_run
    task_return_code = _run_task_by_selected_method(args, _dag, ti)
[2025-04-24T19:15:27.842+0000] {logging_mixin.py:188} WARNING -   File "/home/***/.local/lib/python3.9/site-packages/***/cli/commands/task_command.py", line 216, in _run_task_by_selected_method
    return _run_task_by_local_task_job(args, ti)
[2025-04-24T19:15:27.843+0000] {logging_mixin.py:188} WARNING -   File "/home/***/.local/lib/python3.9/site-packages/***/cli/commands/task_command.py", line 278, in _run_task_by_local_task_job
    ret = run_job(job=job_runner.job, execute_callable=job_runner._execute)
[2025-04-24T19:15:27.844+0000] {logging_mixin.py:188} WARNING -   File "/home/***/.local/lib/python3.9/site-packages/***/utils/session.py", line 79, in wrapper
    return func(*args, session=session, **kwargs)
[2025-04-24T19:15:27.845+0000] {logging_mixin.py:188} WARNING -   File "/home/***/.local/lib/python3.9/site-packages/***/jobs/job.py", line 393, in run_job
    return execute_job(job, execute_callable=execute_callable)
[2025-04-24T19:15:27.846+0000] {logging_mixin.py:188} WARNING -   File "/home/***/.local/lib/python3.9/site-packages/***/jobs/job.py", line 422, in execute_job
    ret = execute_callable()
[2025-04-24T19:15:27.846+0000] {logging_mixin.py:188} WARNING -   File "/home/***/.local/lib/python3.9/site-packages/***/jobs/local_task_job_runner.py", line 165, in _execute
    self.task_runner.start()
[2025-04-24T19:15:27.847+0000] {logging_mixin.py:188} WARNING -   File "/home/***/.local/lib/python3.9/site-packages/***/task/task_runner/standard_task_runner.py", line 48, in start
    self.process = self._start_by_fork()
[2025-04-24T19:15:27.847+0000] {logging_mixin.py:188} WARNING -   File "/home/***/.local/lib/python3.9/site-packages/***/task/task_runner/standard_task_runner.py", line 100, in _start_by_fork
    ret = args.func(args, dag=self.dag)
[2025-04-24T19:15:27.847+0000] {logging_mixin.py:188} WARNING -   File "/home/***/.local/lib/python3.9/site-packages/***/cli/cli_config.py", line 49, in command
    return func(*args, **kwargs)
[2025-04-24T19:15:27.847+0000] {logging_mixin.py:188} WARNING -   File "/home/***/.local/lib/python3.9/site-packages/***/utils/cli.py", line 114, in wrapper
    return f(*args, **kwargs)
[2025-04-24T19:15:27.848+0000] {logging_mixin.py:188} WARNING -   File "/home/***/.local/lib/python3.9/site-packages/***/cli/commands/task_command.py", line 438, in task_run
    task_return_code = _run_task_by_selected_method(args, _dag, ti)
[2025-04-24T19:15:27.848+0000] {logging_mixin.py:188} WARNING -   File "/home/***/.local/lib/python3.9/site-packages/***/cli/commands/task_command.py", line 218, in _run_task_by_selected_method
    return _run_raw_task(args, ti)
[2025-04-24T19:15:27.848+0000] {logging_mixin.py:188} WARNING -   File "/home/***/.local/lib/python3.9/site-packages/***/cli/commands/task_command.py", line 297, in _run_raw_task
    return ti._run_raw_task(
[2025-04-24T19:15:27.848+0000] {logging_mixin.py:188} WARNING -   File "/home/***/.local/lib/python3.9/site-packages/***/utils/session.py", line 79, in wrapper
    return func(*args, session=session, **kwargs)
[2025-04-24T19:15:27.849+0000] {logging_mixin.py:188} WARNING -   File "/home/***/.local/lib/python3.9/site-packages/***/models/taskinstance.py", line 2390, in _run_raw_task
    self.handle_failure(e, test_mode, context, session=session)
[2025-04-24T19:15:27.849+0000] {logging_mixin.py:188} WARNING -   File "/home/***/.local/lib/python3.9/site-packages/***/utils/session.py", line 76, in wrapper
    return func(*args, **kwargs)
[2025-04-24T19:15:27.849+0000] {logging_mixin.py:188} WARNING -   File "/home/***/.local/lib/python3.9/site-packages/***/models/taskinstance.py", line 2794, in handle_failure
    _handle_failure(
[2025-04-24T19:15:27.850+0000] {logging_mixin.py:188} WARNING -   File "/home/***/.local/lib/python3.9/site-packages/***/models/taskinstance.py", line 808, in _handle_failure
    failure_context = TaskInstance.fetch_handle_failure_context(
[2025-04-24T19:15:27.850+0000] {logging_mixin.py:188} WARNING -   File "/home/***/.local/lib/python3.9/site-packages/***/api_internal/internal_api_call.py", line 114, in wrapper
    return func(*args, **kwargs)
[2025-04-24T19:15:27.851+0000] {logging_mixin.py:188} WARNING -   File "/home/***/.local/lib/python3.9/site-packages/***/utils/session.py", line 76, in wrapper
    return func(*args, **kwargs)
[2025-04-24T19:15:27.851+0000] {logging_mixin.py:188} WARNING -   File "/home/***/.local/lib/python3.9/site-packages/***/models/taskinstance.py", line 2698, in fetch_handle_failure_context
    cls.logger().error("Task failed with exception", exc_info=(type(error), error, tb))
[2025-04-24T19:15:27.852+0000] {logging_mixin.py:188} WARNING -   File "/usr/local/lib/python3.9/logging/__init__.py", line 1475, in error
    self._log(ERROR, msg, args, **kwargs)
[2025-04-24T19:15:27.852+0000] {logging_mixin.py:188} WARNING -   File "/usr/local/lib/python3.9/logging/__init__.py", line 1589, in _log
    self.handle(record)
[2025-04-24T19:15:27.852+0000] {logging_mixin.py:188} WARNING -   File "/usr/local/lib/python3.9/logging/__init__.py", line 1599, in handle
    self.callHandlers(record)
[2025-04-24T19:15:27.853+0000] {logging_mixin.py:188} WARNING -   File "/usr/local/lib/python3.9/logging/__init__.py", line 1661, in callHandlers
    hdlr.handle(record)
[2025-04-24T19:15:27.853+0000] {logging_mixin.py:188} WARNING -   File "/usr/local/lib/python3.9/logging/__init__.py", line 952, in handle
    self.emit(record)
[2025-04-24T19:15:27.854+0000] {logging_mixin.py:188} WARNING -   File "/home/***/.local/lib/python3.9/site-packages/***/utils/log/file_task_handler.py", line 247, in emit
    self.handler.emit(record)
[2025-04-24T19:15:27.854+0000] {logging_mixin.py:188} WARNING -   File "/usr/local/lib/python3.9/logging/__init__.py", line 1187, in emit
    StreamHandler.emit(self, record)
[2025-04-24T19:15:27.854+0000] {logging_mixin.py:188} WARNING -   File "/usr/local/lib/python3.9/logging/__init__.py", line 1091, in emit
    self.handleError(record)
[2025-04-24T19:15:27.855+0000] {logging_mixin.py:188} WARNING -   File "/usr/local/lib/python3.9/logging/__init__.py", line 1004, in handleError
    sys.stderr.write('--- Logging error ---\n')
[2025-04-24T19:15:27.855+0000] {logging_mixin.py:188} WARNING -   File "/home/***/.local/lib/python3.9/site-packages/***/utils/log/logging_mixin.py", line 200, in write
    self.flush()
[2025-04-24T19:15:27.855+0000] {logging_mixin.py:188} WARNING -   File "/home/***/.local/lib/python3.9/site-packages/***/utils/log/logging_mixin.py", line 207, in flush
    self._propagate_log(buf)
[2025-04-24T19:15:27.855+0000] {logging_mixin.py:188} WARNING -   File "/home/***/.local/lib/python3.9/site-packages/***/utils/log/logging_mixin.py", line 188, in _propagate_log
    self.logger.log(self.level, remove_escape_codes(message))
[2025-04-24T19:15:27.856+0000] {logging_mixin.py:188} WARNING -   File "/usr/local/lib/python3.9/logging/__init__.py", line 1512, in log
    self._log(level, msg, args, **kwargs)
[2025-04-24T19:15:27.856+0000] {logging_mixin.py:188} WARNING -   File "/usr/local/lib/python3.9/logging/__init__.py", line 1589, in _log
    self.handle(record)
[2025-04-24T19:15:27.856+0000] {logging_mixin.py:188} WARNING -   File "/usr/local/lib/python3.9/logging/__init__.py", line 1599, in handle
    self.callHandlers(record)
[2025-04-24T19:15:27.856+0000] {logging_mixin.py:188} WARNING -   File "/usr/local/lib/python3.9/logging/__init__.py", line 1661, in callHandlers
    hdlr.handle(record)
[2025-04-24T19:15:27.857+0000] {logging_mixin.py:188} WARNING -   File "/usr/local/lib/python3.9/logging/__init__.py", line 952, in handle
    self.emit(record)
[2025-04-24T19:15:27.857+0000] {logging_mixin.py:188} WARNING -   File "/home/***/.local/lib/python3.9/site-packages/***/utils/log/file_task_handler.py", line 247, in emit
    self.handler.emit(record)
[2025-04-24T19:15:27.857+0000] {logging_mixin.py:188} WARNING -   File "/usr/local/lib/python3.9/logging/__init__.py", line 1187, in emit
    StreamHandler.emit(self, record)
[2025-04-24T19:15:27.857+0000] {logging_mixin.py:188} WARNING -   File "/usr/local/lib/python3.9/logging/__init__.py", line 1091, in emit
    self.handleError(record)
[2025-04-24T19:15:27.858+0000] {logging_mixin.py:188} WARNING -   File "/usr/local/lib/python3.9/logging/__init__.py", line 1004, in handleError
    sys.stderr.write('--- Logging error ---\n')
[2025-04-24T19:15:27.858+0000] {logging_mixin.py:188} WARNING -   File "/home/***/.local/lib/python3.9/site-packages/***/utils/log/logging_mixin.py", line 200, in write
    self.flush()
[2025-04-24T19:15:27.858+0000] {logging_mixin.py:188} WARNING -   File "/home/***/.local/lib/python3.9/site-packages/***/utils/log/logging_mixin.py", line 207, in flush
    self._propagate_log(buf)
[2025-04-24T19:15:27.858+0000] {logging_mixin.py:188} WARNING -   File "/home/***/.local/lib/python3.9/site-packages/***/utils/log/logging_mixin.py", line 188, in _propagate_log
    self.logger.log(self.level, remove_escape_codes(message))
[2025-04-24T19:15:27.859+0000] {logging_mixin.py:188} WARNING -   File "/usr/local/lib/python3.9/logging/__init__.py", line 1512, in log
    self._log(level, msg, args, **kwargs)
[2025-04-24T19:15:27.859+0000] {logging_mixin.py:188} WARNING -   File "/usr/local/lib/python3.9/logging/__init__.py", line 1589, in _log
    self.handle(record)
[2025-04-24T19:15:27.859+0000] {logging_mixin.py:188} WARNING -   File "/usr/local/lib/python3.9/logging/__init__.py", line 1599, in handle
    self.callHandlers(record)
[2025-04-24T19:15:27.860+0000] {logging_mixin.py:188} WARNING -   File "/usr/local/lib/python3.9/logging/__init__.py", line 1661, in callHandlers
    hdlr.handle(record)
[2025-04-24T19:15:27.864+0000] {logging_mixin.py:188} WARNING -   File "/usr/local/lib/python3.9/logging/__init__.py", line 952, in handle
    self.emit(record)
[2025-04-24T19:15:27.865+0000] {logging_mixin.py:188} WARNING -   File "/home/***/.local/lib/python3.9/site-packages/***/utils/log/file_task_handler.py", line 247, in emit
    self.handler.emit(record)
[2025-04-24T19:15:27.866+0000] {logging_mixin.py:188} WARNING -   File "/usr/local/lib/python3.9/logging/__init__.py", line 1187, in emit
    StreamHandler.emit(self, record)
[2025-04-24T19:15:27.866+0000] {logging_mixin.py:188} WARNING -   File "/usr/local/lib/python3.9/logging/__init__.py", line 1091, in emit
    self.handleError(record)
[2025-04-24T19:15:27.867+0000] {logging_mixin.py:188} WARNING -   File "/usr/local/lib/python3.9/logging/__init__.py", line 1004, in handleError
    sys.stderr.write('--- Logging error ---\n')
[2025-04-24T19:15:27.867+0000] {logging_mixin.py:188} WARNING -   File "/home/***/.local/lib/python3.9/site-packages/***/utils/log/logging_mixin.py", line 200, in write
    self.flush()
[2025-04-24T19:15:27.868+0000] {logging_mixin.py:188} WARNING -   File "/home/***/.local/lib/python3.9/site-packages/***/utils/log/logging_mixin.py", line 207, in flush
    self._propagate_log(buf)
[2025-04-24T19:15:27.868+0000] {logging_mixin.py:188} WARNING -   File "/home/***/.local/lib/python3.9/site-packages/***/utils/log/logging_mixin.py", line 188, in _propagate_log
    self.logger.log(self.level, remove_escape_codes(message))
[2025-04-24T19:15:27.872+0000] {logging_mixin.py:188} WARNING -   File "/usr/local/lib/python3.9/logging/__init__.py", line 1512, in log
    self._log(level, msg, args, **kwargs)
[2025-04-24T19:15:27.873+0000] {logging_mixin.py:188} WARNING -   File "/usr/local/lib/python3.9/logging/__init__.py", line 1589, in _log
    self.handle(record)
[2025-04-24T19:15:27.873+0000] {logging_mixin.py:188} WARNING -   File "/usr/local/lib/python3.9/logging/__init__.py", line 1599, in handle
    self.callHandlers(record)
[2025-04-24T19:15:27.874+0000] {logging_mixin.py:188} WARNING -   File "/usr/local/lib/python3.9/logging/__init__.py", line 1661, in callHandlers
    hdlr.handle(record)
[2025-04-24T19:15:27.874+0000] {logging_mixin.py:188} WARNING -   File "/usr/local/lib/python3.9/logging/__init__.py", line 952, in handle
    self.emit(record)
[2025-04-24T19:15:27.875+0000] {logging_mixin.py:188} WARNING -   File "/home/***/.local/lib/python3.9/site-packages/***/utils/log/file_task_handler.py", line 247, in emit
    self.handler.emit(record)
[2025-04-24T19:15:27.876+0000] {logging_mixin.py:188} WARNING -   File "/usr/local/lib/python3.9/logging/__init__.py", line 1187, in emit
    StreamHandler.emit(self, record)
[2025-04-24T19:15:27.877+0000] {logging_mixin.py:188} WARNING -   File "/usr/local/lib/python3.9/logging/__init__.py", line 1091, in emit
    self.handleError(record)
[2025-04-24T19:15:27.878+0000] {logging_mixin.py:188} WARNING -   File "/usr/local/lib/python3.9/logging/__init__.py", line 1004, in handleError
    sys.stderr.write('--- Logging error ---\n')
[2025-04-24T19:15:27.879+0000] {logging_mixin.py:188} WARNING -   File "/home/***/.local/lib/python3.9/site-packages/***/utils/log/logging_mixin.py", line 200, in write
    self.flush()
[2025-04-24T19:15:27.879+0000] {logging_mixin.py:188} WARNING -   File "/home/***/.local/lib/python3.9/site-packages/***/utils/log/logging_mixin.py", line 207, in flush
    self._propagate_log(buf)
[2025-04-24T19:15:27.880+0000] {logging_mixin.py:188} WARNING -   File "/home/***/.local/lib/python3.9/site-packages/***/utils/log/logging_mixin.py", line 188, in _propagate_log
    self.logger.log(self.level, remove_escape_codes(message))
[2025-04-24T19:15:27.880+0000] {logging_mixin.py:188} WARNING -   File "/usr/local/lib/python3.9/logging/__init__.py", line 1512, in log
    self._log(level, msg, args, **kwargs)
[2025-04-24T19:15:27.881+0000] {logging_mixin.py:188} WARNING -   File "/usr/local/lib/python3.9/logging/__init__.py", line 1589, in _log
    self.handle(record)
[2025-04-24T19:15:27.882+0000] {logging_mixin.py:188} WARNING -   File "/usr/local/lib/python3.9/logging/__init__.py", line 1599, in handle
    self.callHandlers(record)
[2025-04-24T19:15:27.882+0000] {logging_mixin.py:188} WARNING -   File "/usr/local/lib/python3.9/logging/__init__.py", line 1661, in callHandlers
    hdlr.handle(record)
[2025-04-24T19:15:27.883+0000] {logging_mixin.py:188} WARNING -   File "/usr/local/lib/python3.9/logging/__init__.py", line 952, in handle
    self.emit(record)
[2025-04-24T19:15:27.883+0000] {logging_mixin.py:188} WARNING -   File "/home/***/.local/lib/python3.9/site-packages/***/utils/log/file_task_handler.py", line 247, in emit
    self.handler.emit(record)
[2025-04-24T19:15:27.884+0000] {logging_mixin.py:188} WARNING -   File "/usr/local/lib/python3.9/logging/__init__.py", line 1187, in emit
    StreamHandler.emit(self, record)
[2025-04-24T19:15:27.885+0000] {logging_mixin.py:188} WARNING -   File "/usr/local/lib/python3.9/logging/__init__.py", line 1091, in emit
    self.handleError(record)
[2025-04-24T19:15:27.885+0000] {logging_mixin.py:188} WARNING -   File "/usr/local/lib/python3.9/logging/__init__.py", line 1004, in handleError
    sys.stderr.write('--- Logging error ---\n')
[2025-04-24T19:15:27.886+0000] {logging_mixin.py:188} WARNING -   File "/home/***/.local/lib/python3.9/site-packages/***/utils/log/logging_mixin.py", line 200, in write
    self.flush()
[2025-04-24T19:15:27.887+0000] {logging_mixin.py:188} WARNING -   File "/home/***/.local/lib/python3.9/site-packages/***/utils/log/logging_mixin.py", line 207, in flush
    self._propagate_log(buf)
[2025-04-24T19:15:27.888+0000] {logging_mixin.py:188} WARNING -   File "/home/***/.local/lib/python3.9/site-packages/***/utils/log/logging_mixin.py", line 188, in _propagate_log
    self.logger.log(self.level, remove_escape_codes(message))
[2025-04-24T19:15:27.889+0000] {logging_mixin.py:188} WARNING -   File "/usr/local/lib/python3.9/logging/__init__.py", line 1512, in log
    self._log(level, msg, args, **kwargs)
[2025-04-24T19:15:27.890+0000] {logging_mixin.py:188} WARNING -   File "/usr/local/lib/python3.9/logging/__init__.py", line 1589, in _log
    self.handle(record)
[2025-04-24T19:15:27.891+0000] {logging_mixin.py:188} WARNING -   File "/usr/local/lib/python3.9/logging/__init__.py", line 1599, in handle
    self.callHandlers(record)
[2025-04-24T19:15:27.891+0000] {logging_mixin.py:188} WARNING -   File "/usr/local/lib/python3.9/logging/__init__.py", line 1661, in callHandlers
    hdlr.handle(record)
[2025-04-24T19:15:27.892+0000] {logging_mixin.py:188} WARNING -   File "/usr/local/lib/python3.9/logging/__init__.py", line 952, in handle
    self.emit(record)
[2025-04-24T19:15:27.892+0000] {logging_mixin.py:188} WARNING -   File "/home/***/.local/lib/python3.9/site-packages/***/utils/log/file_task_handler.py", line 247, in emit
    self.handler.emit(record)
[2025-04-24T19:15:27.893+0000] {logging_mixin.py:188} WARNING -   File "/usr/local/lib/python3.9/logging/__init__.py", line 1187, in emit
    StreamHandler.emit(self, record)
[2025-04-24T19:15:27.894+0000] {logging_mixin.py:188} WARNING -   File "/usr/local/lib/python3.9/logging/__init__.py", line 1091, in emit
    self.handleError(record)
[2025-04-24T19:15:27.894+0000] {logging_mixin.py:188} WARNING -   File "/usr/local/lib/python3.9/logging/__init__.py", line 1004, in handleError
    sys.stderr.write('--- Logging error ---\n')
[2025-04-24T19:15:27.894+0000] {logging_mixin.py:188} WARNING -   File "/home/***/.local/lib/python3.9/site-packages/***/utils/log/logging_mixin.py", line 200, in write
    self.flush()
[2025-04-24T19:15:27.895+0000] {logging_mixin.py:188} WARNING -   File "/home/***/.local/lib/python3.9/site-packages/***/utils/log/logging_mixin.py", line 207, in flush
    self._propagate_log(buf)
[2025-04-24T19:15:27.896+0000] {logging_mixin.py:188} WARNING -   File "/home/***/.local/lib/python3.9/site-packages/***/utils/log/logging_mixin.py", line 188, in _propagate_log
    self.logger.log(self.level, remove_escape_codes(message))
[2025-04-24T19:15:27.896+0000] {logging_mixin.py:188} WARNING -   File "/usr/local/lib/python3.9/logging/__init__.py", line 1512, in log
    self._log(level, msg, args, **kwargs)
[2025-04-24T19:15:27.896+0000] {logging_mixin.py:188} WARNING -   File "/usr/local/lib/python3.9/logging/__init__.py", line 1589, in _log
    self.handle(record)
[2025-04-24T19:15:27.897+0000] {logging_mixin.py:188} WARNING -   File "/usr/local/lib/python3.9/logging/__init__.py", line 1599, in handle
    self.callHandlers(record)
[2025-04-24T19:15:27.897+0000] {logging_mixin.py:188} WARNING -   File "/usr/local/lib/python3.9/logging/__init__.py", line 1661, in callHandlers
    hdlr.handle(record)
[2025-04-24T19:15:27.897+0000] {logging_mixin.py:188} WARNING -   File "/usr/local/lib/python3.9/logging/__init__.py", line 952, in handle
    self.emit(record)
[2025-04-24T19:15:27.898+0000] {logging_mixin.py:188} WARNING -   File "/home/***/.local/lib/python3.9/site-packages/***/utils/log/file_task_handler.py", line 247, in emit
    self.handler.emit(record)
[2025-04-24T19:15:27.898+0000] {logging_mixin.py:188} WARNING -   File "/usr/local/lib/python3.9/logging/__init__.py", line 1187, in emit
    StreamHandler.emit(self, record)
[2025-04-24T19:15:27.898+0000] {logging_mixin.py:188} WARNING -   File "/usr/local/lib/python3.9/logging/__init__.py", line 1091, in emit
    self.handleError(record)
[2025-04-24T19:15:27.898+0000] {logging_mixin.py:188} WARNING -   File "/usr/local/lib/python3.9/logging/__init__.py", line 1004, in handleError
    sys.stderr.write('--- Logging error ---\n')
[2025-04-24T19:15:27.901+0000] {logging_mixin.py:188} WARNING -   File "/home/***/.local/lib/python3.9/site-packages/***/utils/log/logging_mixin.py", line 200, in write
    self.flush()
[2025-04-24T19:15:27.903+0000] {logging_mixin.py:188} WARNING -   File "/home/***/.local/lib/python3.9/site-packages/***/utils/log/logging_mixin.py", line 207, in flush
    self._propagate_log(buf)
[2025-04-24T19:15:27.905+0000] {logging_mixin.py:188} WARNING -   File "/home/***/.local/lib/python3.9/site-packages/***/utils/log/logging_mixin.py", line 188, in _propagate_log
    self.logger.log(self.level, remove_escape_codes(message))
[2025-04-24T19:15:27.906+0000] {logging_mixin.py:188} WARNING -   File "/usr/local/lib/python3.9/logging/__init__.py", line 1512, in log
    self._log(level, msg, args, **kwargs)
[2025-04-24T19:15:27.908+0000] {logging_mixin.py:188} WARNING -   File "/usr/local/lib/python3.9/logging/__init__.py", line 1589, in _log
    self.handle(record)
[2025-04-24T19:15:27.909+0000] {logging_mixin.py:188} WARNING -   File "/usr/local/lib/python3.9/logging/__init__.py", line 1599, in handle
    self.callHandlers(record)
[2025-04-24T19:15:27.910+0000] {logging_mixin.py:188} WARNING -   File "/usr/local/lib/python3.9/logging/__init__.py", line 1661, in callHandlers
    hdlr.handle(record)
[2025-04-24T19:15:27.911+0000] {logging_mixin.py:188} WARNING -   File "/usr/local/lib/python3.9/logging/__init__.py", line 952, in handle
    self.emit(record)
[2025-04-24T19:15:27.912+0000] {logging_mixin.py:188} WARNING -   File "/home/***/.local/lib/python3.9/site-packages/***/utils/log/file_task_handler.py", line 247, in emit
    self.handler.emit(record)
[2025-04-24T19:15:27.915+0000] {logging_mixin.py:188} WARNING -   File "/usr/local/lib/python3.9/logging/__init__.py", line 1187, in emit
    StreamHandler.emit(self, record)
[2025-04-24T19:15:27.916+0000] {logging_mixin.py:188} WARNING -   File "/usr/local/lib/python3.9/logging/__init__.py", line 1091, in emit
    self.handleError(record)
[2025-04-24T19:15:27.916+0000] {logging_mixin.py:188} WARNING -   File "/usr/local/lib/python3.9/logging/__init__.py", line 1004, in handleError
    sys.stderr.write('--- Logging error ---\n')
[2025-04-24T19:15:27.917+0000] {logging_mixin.py:188} WARNING -   File "/home/***/.local/lib/python3.9/site-packages/***/utils/log/logging_mixin.py", line 200, in write
    self.flush()
[2025-04-24T19:15:27.917+0000] {logging_mixin.py:188} WARNING -   File "/home/***/.local/lib/python3.9/site-packages/***/utils/log/logging_mixin.py", line 207, in flush
    self._propagate_log(buf)
[2025-04-24T19:15:27.917+0000] {logging_mixin.py:188} WARNING -   File "/home/***/.local/lib/python3.9/site-packages/***/utils/log/logging_mixin.py", line 188, in _propagate_log
    self.logger.log(self.level, remove_escape_codes(message))
[2025-04-24T19:15:27.917+0000] {logging_mixin.py:188} WARNING -   File "/usr/local/lib/python3.9/logging/__init__.py", line 1512, in log
    self._log(level, msg, args, **kwargs)
[2025-04-24T19:15:27.918+0000] {logging_mixin.py:188} WARNING -   File "/usr/local/lib/python3.9/logging/__init__.py", line 1589, in _log
    self.handle(record)
[2025-04-24T19:15:27.918+0000] {logging_mixin.py:188} WARNING -   File "/usr/local/lib/python3.9/logging/__init__.py", line 1599, in handle
    self.callHandlers(record)
[2025-04-24T19:15:27.919+0000] {logging_mixin.py:188} WARNING -   File "/usr/local/lib/python3.9/logging/__init__.py", line 1661, in callHandlers
    hdlr.handle(record)
[2025-04-24T19:15:27.924+0000] {logging_mixin.py:188} WARNING -   File "/usr/local/lib/python3.9/logging/__init__.py", line 952, in handle
    self.emit(record)
[2025-04-24T19:15:27.925+0000] {logging_mixin.py:188} WARNING -   File "/home/***/.local/lib/python3.9/site-packages/***/utils/log/file_task_handler.py", line 247, in emit
    self.handler.emit(record)
[2025-04-24T19:15:27.925+0000] {logging_mixin.py:188} WARNING -   File "/usr/local/lib/python3.9/logging/__init__.py", line 1187, in emit
    StreamHandler.emit(self, record)
[2025-04-24T19:15:27.926+0000] {logging_mixin.py:188} WARNING -   File "/usr/local/lib/python3.9/logging/__init__.py", line 1091, in emit
    self.handleError(record)
[2025-04-24T19:15:27.926+0000] {logging_mixin.py:188} WARNING -   File "/usr/local/lib/python3.9/logging/__init__.py", line 1004, in handleError
    sys.stderr.write('--- Logging error ---\n')
[2025-04-24T19:15:27.926+0000] {logging_mixin.py:188} WARNING -   File "/home/***/.local/lib/python3.9/site-packages/***/utils/log/logging_mixin.py", line 200, in write
    self.flush()
[2025-04-24T19:15:27.927+0000] {logging_mixin.py:188} WARNING -   File "/home/***/.local/lib/python3.9/site-packages/***/utils/log/logging_mixin.py", line 207, in flush
    self._propagate_log(buf)
[2025-04-24T19:15:27.929+0000] {logging_mixin.py:188} WARNING -   File "/home/***/.local/lib/python3.9/site-packages/***/utils/log/logging_mixin.py", line 188, in _propagate_log
    self.logger.log(self.level, remove_escape_codes(message))
[2025-04-24T19:15:27.931+0000] {logging_mixin.py:188} WARNING -   File "/usr/local/lib/python3.9/logging/__init__.py", line 1512, in log
    self._log(level, msg, args, **kwargs)
[2025-04-24T19:15:27.933+0000] {logging_mixin.py:188} WARNING -   File "/usr/local/lib/python3.9/logging/__init__.py", line 1589, in _log
    self.handle(record)
[2025-04-24T19:15:27.935+0000] {logging_mixin.py:188} WARNING -   File "/usr/local/lib/python3.9/logging/__init__.py", line 1599, in handle
    self.callHandlers(record)
[2025-04-24T19:15:27.936+0000] {logging_mixin.py:188} WARNING -   File "/usr/local/lib/python3.9/logging/__init__.py", line 1661, in callHandlers
    hdlr.handle(record)
[2025-04-24T19:15:27.937+0000] {logging_mixin.py:188} WARNING -   File "/usr/local/lib/python3.9/logging/__init__.py", line 952, in handle
    self.emit(record)
[2025-04-24T19:15:27.937+0000] {logging_mixin.py:188} WARNING -   File "/home/***/.local/lib/python3.9/site-packages/***/utils/log/file_task_handler.py", line 247, in emit
    self.handler.emit(record)
[2025-04-24T19:15:27.938+0000] {logging_mixin.py:188} WARNING -   File "/usr/local/lib/python3.9/logging/__init__.py", line 1187, in emit
    StreamHandler.emit(self, record)
[2025-04-24T19:15:27.938+0000] {logging_mixin.py:188} WARNING -   File "/usr/local/lib/python3.9/logging/__init__.py", line 1091, in emit
    self.handleError(record)
[2025-04-24T19:15:27.938+0000] {logging_mixin.py:188} WARNING -   File "/usr/local/lib/python3.9/logging/__init__.py", line 1004, in handleError
    sys.stderr.write('--- Logging error ---\n')
[2025-04-24T19:15:27.939+0000] {logging_mixin.py:188} WARNING -   File "/home/***/.local/lib/python3.9/site-packages/***/utils/log/logging_mixin.py", line 200, in write
    self.flush()
[2025-04-24T19:15:27.939+0000] {logging_mixin.py:188} WARNING -   File "/home/***/.local/lib/python3.9/site-packages/***/utils/log/logging_mixin.py", line 207, in flush
    self._propagate_log(buf)
[2025-04-24T19:15:27.940+0000] {logging_mixin.py:188} WARNING -   File "/home/***/.local/lib/python3.9/site-packages/***/utils/log/logging_mixin.py", line 188, in _propagate_log
    self.logger.log(self.level, remove_escape_codes(message))
[2025-04-24T19:15:27.940+0000] {logging_mixin.py:188} WARNING -   File "/usr/local/lib/python3.9/logging/__init__.py", line 1512, in log
    self._log(level, msg, args, **kwargs)
[2025-04-24T19:15:27.941+0000] {logging_mixin.py:188} WARNING -   File "/usr/local/lib/python3.9/logging/__init__.py", line 1589, in _log
    self.handle(record)
[2025-04-24T19:15:27.941+0000] {logging_mixin.py:188} WARNING -   File "/usr/local/lib/python3.9/logging/__init__.py", line 1599, in handle
    self.callHandlers(record)
[2025-04-24T19:15:27.942+0000] {logging_mixin.py:188} WARNING -   File "/usr/local/lib/python3.9/logging/__init__.py", line 1661, in callHandlers
    hdlr.handle(record)
[2025-04-24T19:15:27.943+0000] {logging_mixin.py:188} WARNING -   File "/usr/local/lib/python3.9/logging/__init__.py", line 952, in handle
    self.emit(record)
[2025-04-24T19:15:27.944+0000] {logging_mixin.py:188} WARNING -   File "/home/***/.local/lib/python3.9/site-packages/***/utils/log/file_task_handler.py", line 247, in emit
    self.handler.emit(record)
[2025-04-24T19:15:27.946+0000] {logging_mixin.py:188} WARNING -   File "/usr/local/lib/python3.9/logging/__init__.py", line 1187, in emit
    StreamHandler.emit(self, record)
[2025-04-24T19:15:27.948+0000] {logging_mixin.py:188} WARNING -   File "/usr/local/lib/python3.9/logging/__init__.py", line 1091, in emit
    self.handleError(record)
[2025-04-24T19:15:27.948+0000] {logging_mixin.py:188} WARNING -   File "/usr/local/lib/python3.9/logging/__init__.py", line 1004, in handleError
    sys.stderr.write('--- Logging error ---\n')
[2025-04-24T19:15:27.950+0000] {logging_mixin.py:188} WARNING -   File "/home/***/.local/lib/python3.9/site-packages/***/utils/log/logging_mixin.py", line 200, in write
    self.flush()
[2025-04-24T19:15:27.951+0000] {logging_mixin.py:188} WARNING -   File "/home/***/.local/lib/python3.9/site-packages/***/utils/log/logging_mixin.py", line 207, in flush
    self._propagate_log(buf)
[2025-04-24T19:15:27.951+0000] {logging_mixin.py:188} WARNING -   File "/home/***/.local/lib/python3.9/site-packages/***/utils/log/logging_mixin.py", line 188, in _propagate_log
    self.logger.log(self.level, remove_escape_codes(message))
[2025-04-24T19:15:27.955+0000] {logging_mixin.py:188} WARNING -   File "/usr/local/lib/python3.9/logging/__init__.py", line 1512, in log
    self._log(level, msg, args, **kwargs)
[2025-04-24T19:15:27.956+0000] {logging_mixin.py:188} WARNING -   File "/usr/local/lib/python3.9/logging/__init__.py", line 1589, in _log
    self.handle(record)
[2025-04-24T19:15:27.957+0000] {logging_mixin.py:188} WARNING -   File "/usr/local/lib/python3.9/logging/__init__.py", line 1599, in handle
    self.callHandlers(record)
[2025-04-24T19:15:27.958+0000] {logging_mixin.py:188} WARNING -   File "/usr/local/lib/python3.9/logging/__init__.py", line 1661, in callHandlers
    hdlr.handle(record)
[2025-04-24T19:15:27.958+0000] {logging_mixin.py:188} WARNING -   File "/usr/local/lib/python3.9/logging/__init__.py", line 952, in handle
    self.emit(record)
[2025-04-24T19:15:27.959+0000] {logging_mixin.py:188} WARNING -   File "/home/***/.local/lib/python3.9/site-packages/***/utils/log/file_task_handler.py", line 247, in emit
    self.handler.emit(record)
[2025-04-24T19:15:27.959+0000] {logging_mixin.py:188} WARNING -   File "/usr/local/lib/python3.9/logging/__init__.py", line 1187, in emit
    StreamHandler.emit(self, record)
[2025-04-24T19:15:27.962+0000] {logging_mixin.py:188} WARNING -   File "/usr/local/lib/python3.9/logging/__init__.py", line 1091, in emit
    self.handleError(record)
[2025-04-24T19:15:27.965+0000] {logging_mixin.py:188} WARNING -   File "/usr/local/lib/python3.9/logging/__init__.py", line 1004, in handleError
    sys.stderr.write('--- Logging error ---\n')
[2025-04-24T19:15:27.969+0000] {logging_mixin.py:188} WARNING -   File "/home/***/.local/lib/python3.9/site-packages/***/utils/log/logging_mixin.py", line 200, in write
    self.flush()
[2025-04-24T19:15:27.972+0000] {logging_mixin.py:188} WARNING -   File "/home/***/.local/lib/python3.9/site-packages/***/utils/log/logging_mixin.py", line 207, in flush
    self._propagate_log(buf)
[2025-04-24T19:15:27.973+0000] {logging_mixin.py:188} WARNING -   File "/home/***/.local/lib/python3.9/site-packages/***/utils/log/logging_mixin.py", line 188, in _propagate_log
    self.logger.log(self.level, remove_escape_codes(message))
[2025-04-24T19:15:27.974+0000] {logging_mixin.py:188} WARNING -   File "/usr/local/lib/python3.9/logging/__init__.py", line 1512, in log
    self._log(level, msg, args, **kwargs)
[2025-04-24T19:15:27.975+0000] {logging_mixin.py:188} WARNING -   File "/usr/local/lib/python3.9/logging/__init__.py", line 1589, in _log
    self.handle(record)
[2025-04-24T19:15:27.976+0000] {logging_mixin.py:188} WARNING -   File "/usr/local/lib/python3.9/logging/__init__.py", line 1599, in handle
    self.callHandlers(record)
[2025-04-24T19:15:27.976+0000] {logging_mixin.py:188} WARNING -   File "/usr/local/lib/python3.9/logging/__init__.py", line 1661, in callHandlers
    hdlr.handle(record)
[2025-04-24T19:15:27.976+0000] {logging_mixin.py:188} WARNING -   File "/usr/local/lib/python3.9/logging/__init__.py", line 952, in handle
    self.emit(record)
[2025-04-24T19:15:27.977+0000] {logging_mixin.py:188} WARNING -   File "/home/***/.local/lib/python3.9/site-packages/***/utils/log/file_task_handler.py", line 247, in emit
    self.handler.emit(record)
[2025-04-24T19:15:27.979+0000] {logging_mixin.py:188} WARNING -   File "/usr/local/lib/python3.9/logging/__init__.py", line 1187, in emit
    StreamHandler.emit(self, record)
[2025-04-24T19:15:27.981+0000] {logging_mixin.py:188} WARNING -   File "/usr/local/lib/python3.9/logging/__init__.py", line 1091, in emit
    self.handleError(record)
[2025-04-24T19:15:27.982+0000] {logging_mixin.py:188} WARNING -   File "/usr/local/lib/python3.9/logging/__init__.py", line 1004, in handleError
    sys.stderr.write('--- Logging error ---\n')
[2025-04-24T19:15:27.984+0000] {logging_mixin.py:188} WARNING -   File "/home/***/.local/lib/python3.9/site-packages/***/utils/log/logging_mixin.py", line 200, in write
    self.flush()
[2025-04-24T19:15:27.986+0000] {logging_mixin.py:188} WARNING -   File "/home/***/.local/lib/python3.9/site-packages/***/utils/log/logging_mixin.py", line 207, in flush
    self._propagate_log(buf)
[2025-04-24T19:15:27.991+0000] {logging_mixin.py:188} WARNING -   File "/home/***/.local/lib/python3.9/site-packages/***/utils/log/logging_mixin.py", line 188, in _propagate_log
    self.logger.log(self.level, remove_escape_codes(message))
[2025-04-24T19:15:27.993+0000] {logging_mixin.py:188} WARNING -   File "/usr/local/lib/python3.9/logging/__init__.py", line 1512, in log
    self._log(level, msg, args, **kwargs)
[2025-04-24T19:15:27.994+0000] {logging_mixin.py:188} WARNING -   File "/usr/local/lib/python3.9/logging/__init__.py", line 1589, in _log
    self.handle(record)
[2025-04-24T19:15:27.995+0000] {logging_mixin.py:188} WARNING -   File "/usr/local/lib/python3.9/logging/__init__.py", line 1599, in handle
    self.callHandlers(record)
[2025-04-24T19:15:27.996+0000] {logging_mixin.py:188} WARNING -   File "/usr/local/lib/python3.9/logging/__init__.py", line 1661, in callHandlers
    hdlr.handle(record)
[2025-04-24T19:15:27.997+0000] {logging_mixin.py:188} WARNING -   File "/usr/local/lib/python3.9/logging/__init__.py", line 952, in handle
    self.emit(record)
[2025-04-24T19:15:27.998+0000] {logging_mixin.py:188} WARNING -   File "/home/***/.local/lib/python3.9/site-packages/***/utils/log/file_task_handler.py", line 247, in emit
    self.handler.emit(record)
[2025-04-24T19:15:28.013+0000] {logging_mixin.py:188} WARNING -   File "/usr/local/lib/python3.9/logging/__init__.py", line 1187, in emit
    StreamHandler.emit(self, record)
[2025-04-24T19:15:28.017+0000] {logging_mixin.py:188} WARNING -   File "/usr/local/lib/python3.9/logging/__init__.py", line 1091, in emit
    self.handleError(record)
[2025-04-24T19:15:28.018+0000] {logging_mixin.py:188} WARNING -   File "/usr/local/lib/python3.9/logging/__init__.py", line 1004, in handleError
    sys.stderr.write('--- Logging error ---\n')
[2025-04-24T19:15:28.020+0000] {logging_mixin.py:188} WARNING -   File "/home/***/.local/lib/python3.9/site-packages/***/utils/log/logging_mixin.py", line 200, in write
    self.flush()
[2025-04-24T19:15:28.022+0000] {logging_mixin.py:188} WARNING -   File "/home/***/.local/lib/python3.9/site-packages/***/utils/log/logging_mixin.py", line 207, in flush
    self._propagate_log(buf)
[2025-04-24T19:15:28.024+0000] {logging_mixin.py:188} WARNING -   File "/home/***/.local/lib/python3.9/site-packages/***/utils/log/logging_mixin.py", line 188, in _propagate_log
    self.logger.log(self.level, remove_escape_codes(message))
[2025-04-24T19:15:28.026+0000] {logging_mixin.py:188} WARNING -   File "/usr/local/lib/python3.9/logging/__init__.py", line 1512, in log
    self._log(level, msg, args, **kwargs)
[2025-04-24T19:15:28.027+0000] {logging_mixin.py:188} WARNING -   File "/usr/local/lib/python3.9/logging/__init__.py", line 1589, in _log
    self.handle(record)
[2025-04-24T19:15:28.027+0000] {logging_mixin.py:188} WARNING -   File "/usr/local/lib/python3.9/logging/__init__.py", line 1599, in handle
    self.callHandlers(record)
[2025-04-24T19:15:28.029+0000] {logging_mixin.py:188} WARNING -   File "/usr/local/lib/python3.9/logging/__init__.py", line 1661, in callHandlers
    hdlr.handle(record)
[2025-04-24T19:15:28.031+0000] {logging_mixin.py:188} WARNING -   File "/usr/local/lib/python3.9/logging/__init__.py", line 952, in handle
    self.emit(record)
[2025-04-24T19:15:28.033+0000] {logging_mixin.py:188} WARNING -   File "/home/***/.local/lib/python3.9/site-packages/***/utils/log/file_task_handler.py", line 247, in emit
    self.handler.emit(record)
[2025-04-24T19:15:28.033+0000] {logging_mixin.py:188} WARNING -   File "/usr/local/lib/python3.9/logging/__init__.py", line 1187, in emit
    StreamHandler.emit(self, record)
[2025-04-24T19:15:28.034+0000] {logging_mixin.py:188} WARNING -   File "/usr/local/lib/python3.9/logging/__init__.py", line 1091, in emit
    self.handleError(record)
[2025-04-24T19:15:28.034+0000] {logging_mixin.py:188} WARNING -   File "/usr/local/lib/python3.9/logging/__init__.py", line 1004, in handleError
    sys.stderr.write('--- Logging error ---\n')
[2025-04-24T19:15:28.035+0000] {logging_mixin.py:188} WARNING -   File "/home/***/.local/lib/python3.9/site-packages/***/utils/log/logging_mixin.py", line 200, in write
    self.flush()
[2025-04-24T19:15:28.040+0000] {logging_mixin.py:188} WARNING -   File "/home/***/.local/lib/python3.9/site-packages/***/utils/log/logging_mixin.py", line 207, in flush
    self._propagate_log(buf)
[2025-04-24T19:15:28.043+0000] {logging_mixin.py:188} WARNING -   File "/home/***/.local/lib/python3.9/site-packages/***/utils/log/logging_mixin.py", line 188, in _propagate_log
    self.logger.log(self.level, remove_escape_codes(message))
[2025-04-24T19:15:28.047+0000] {logging_mixin.py:188} WARNING -   File "/usr/local/lib/python3.9/logging/__init__.py", line 1512, in log
    self._log(level, msg, args, **kwargs)
[2025-04-24T19:15:28.048+0000] {logging_mixin.py:188} WARNING -   File "/usr/local/lib/python3.9/logging/__init__.py", line 1589, in _log
    self.handle(record)
[2025-04-24T19:15:28.049+0000] {logging_mixin.py:188} WARNING -   File "/usr/local/lib/python3.9/logging/__init__.py", line 1599, in handle
    self.callHandlers(record)
[2025-04-24T19:15:28.049+0000] {logging_mixin.py:188} WARNING -   File "/usr/local/lib/python3.9/logging/__init__.py", line 1661, in callHandlers
    hdlr.handle(record)
[2025-04-24T19:15:28.050+0000] {logging_mixin.py:188} WARNING -   File "/usr/local/lib/python3.9/logging/__init__.py", line 952, in handle
    self.emit(record)
[2025-04-24T19:15:28.051+0000] {logging_mixin.py:188} WARNING -   File "/home/***/.local/lib/python3.9/site-packages/***/utils/log/file_task_handler.py", line 247, in emit
    self.handler.emit(record)
[2025-04-24T19:15:28.053+0000] {logging_mixin.py:188} WARNING -   File "/usr/local/lib/python3.9/logging/__init__.py", line 1187, in emit
    StreamHandler.emit(self, record)
[2025-04-24T19:15:28.056+0000] {logging_mixin.py:188} WARNING -   File "/usr/local/lib/python3.9/logging/__init__.py", line 1091, in emit
    self.handleError(record)
[2025-04-24T19:15:28.056+0000] {logging_mixin.py:188} WARNING -   File "/usr/local/lib/python3.9/logging/__init__.py", line 1004, in handleError
    sys.stderr.write('--- Logging error ---\n')
[2025-04-24T19:15:28.057+0000] {logging_mixin.py:188} WARNING -   File "/home/***/.local/lib/python3.9/site-packages/***/utils/log/logging_mixin.py", line 200, in write
    self.flush()
[2025-04-24T19:15:28.057+0000] {logging_mixin.py:188} WARNING -   File "/home/***/.local/lib/python3.9/site-packages/***/utils/log/logging_mixin.py", line 207, in flush
    self._propagate_log(buf)
[2025-04-24T19:15:28.058+0000] {logging_mixin.py:188} WARNING -   File "/home/***/.local/lib/python3.9/site-packages/***/utils/log/logging_mixin.py", line 188, in _propagate_log
    self.logger.log(self.level, remove_escape_codes(message))
[2025-04-24T19:15:28.060+0000] {logging_mixin.py:188} WARNING -   File "/usr/local/lib/python3.9/logging/__init__.py", line 1512, in log
    self._log(level, msg, args, **kwargs)
[2025-04-24T19:15:28.061+0000] {logging_mixin.py:188} WARNING -   File "/usr/local/lib/python3.9/logging/__init__.py", line 1589, in _log
    self.handle(record)
[2025-04-24T19:15:28.064+0000] {logging_mixin.py:188} WARNING -   File "/usr/local/lib/python3.9/logging/__init__.py", line 1599, in handle
    self.callHandlers(record)
[2025-04-24T19:15:28.066+0000] {logging_mixin.py:188} WARNING -   File "/usr/local/lib/python3.9/logging/__init__.py", line 1661, in callHandlers
    hdlr.handle(record)
[2025-04-24T19:15:28.071+0000] {logging_mixin.py:188} WARNING -   File "/usr/local/lib/python3.9/logging/__init__.py", line 952, in handle
    self.emit(record)
[2025-04-24T19:15:28.072+0000] {logging_mixin.py:188} WARNING -   File "/home/***/.local/lib/python3.9/site-packages/***/utils/log/file_task_handler.py", line 247, in emit
    self.handler.emit(record)
[2025-04-24T19:15:28.073+0000] {logging_mixin.py:188} WARNING -   File "/usr/local/lib/python3.9/logging/__init__.py", line 1187, in emit
    StreamHandler.emit(self, record)
[2025-04-24T19:15:28.075+0000] {logging_mixin.py:188} WARNING -   File "/usr/local/lib/python3.9/logging/__init__.py", line 1091, in emit
    self.handleError(record)
[2025-04-24T19:15:28.076+0000] {logging_mixin.py:188} WARNING -   File "/usr/local/lib/python3.9/logging/__init__.py", line 1004, in handleError
    sys.stderr.write('--- Logging error ---\n')
[2025-04-24T19:15:28.077+0000] {logging_mixin.py:188} WARNING -   File "/home/***/.local/lib/python3.9/site-packages/***/utils/log/logging_mixin.py", line 200, in write
    self.flush()
[2025-04-24T19:15:28.078+0000] {logging_mixin.py:188} WARNING -   File "/home/***/.local/lib/python3.9/site-packages/***/utils/log/logging_mixin.py", line 207, in flush
    self._propagate_log(buf)
[2025-04-24T19:15:28.082+0000] {logging_mixin.py:188} WARNING -   File "/home/***/.local/lib/python3.9/site-packages/***/utils/log/logging_mixin.py", line 188, in _propagate_log
    self.logger.log(self.level, remove_escape_codes(message))
[2025-04-24T19:15:28.085+0000] {logging_mixin.py:188} WARNING -   File "/usr/local/lib/python3.9/logging/__init__.py", line 1512, in log
    self._log(level, msg, args, **kwargs)
[2025-04-24T19:15:28.086+0000] {logging_mixin.py:188} WARNING -   File "/usr/local/lib/python3.9/logging/__init__.py", line 1589, in _log
    self.handle(record)
[2025-04-24T19:15:28.088+0000] {logging_mixin.py:188} WARNING -   File "/usr/local/lib/python3.9/logging/__init__.py", line 1599, in handle
    self.callHandlers(record)
[2025-04-24T19:15:28.090+0000] {logging_mixin.py:188} WARNING -   File "/usr/local/lib/python3.9/logging/__init__.py", line 1661, in callHandlers
    hdlr.handle(record)
[2025-04-24T19:15:28.091+0000] {logging_mixin.py:188} WARNING -   File "/usr/local/lib/python3.9/logging/__init__.py", line 952, in handle
    self.emit(record)
[2025-04-24T19:15:28.093+0000] {logging_mixin.py:188} WARNING -   File "/home/***/.local/lib/python3.9/site-packages/***/utils/log/file_task_handler.py", line 247, in emit
    self.handler.emit(record)
[2025-04-24T19:15:28.099+0000] {logging_mixin.py:188} WARNING -   File "/usr/local/lib/python3.9/logging/__init__.py", line 1187, in emit
    StreamHandler.emit(self, record)
[2025-04-24T19:15:28.100+0000] {logging_mixin.py:188} WARNING -   File "/usr/local/lib/python3.9/logging/__init__.py", line 1091, in emit
    self.handleError(record)
[2025-04-24T19:15:28.102+0000] {logging_mixin.py:188} WARNING -   File "/usr/local/lib/python3.9/logging/__init__.py", line 1004, in handleError
    sys.stderr.write('--- Logging error ---\n')
[2025-04-24T19:15:28.109+0000] {logging_mixin.py:188} WARNING -   File "/home/***/.local/lib/python3.9/site-packages/***/utils/log/logging_mixin.py", line 200, in write
    self.flush()
[2025-04-24T19:15:28.112+0000] {logging_mixin.py:188} WARNING -   File "/home/***/.local/lib/python3.9/site-packages/***/utils/log/logging_mixin.py", line 207, in flush
    self._propagate_log(buf)
[2025-04-24T19:15:28.116+0000] {logging_mixin.py:188} WARNING -   File "/home/***/.local/lib/python3.9/site-packages/***/utils/log/logging_mixin.py", line 188, in _propagate_log
    self.logger.log(self.level, remove_escape_codes(message))
[2025-04-24T19:15:28.118+0000] {logging_mixin.py:188} WARNING -   File "/usr/local/lib/python3.9/logging/__init__.py", line 1512, in log
    self._log(level, msg, args, **kwargs)
[2025-04-24T19:15:28.120+0000] {logging_mixin.py:188} WARNING -   File "/usr/local/lib/python3.9/logging/__init__.py", line 1589, in _log
    self.handle(record)
[2025-04-24T19:15:28.134+0000] {logging_mixin.py:188} WARNING -   File "/usr/local/lib/python3.9/logging/__init__.py", line 1599, in handle
    self.callHandlers(record)
[2025-04-24T19:15:28.136+0000] {logging_mixin.py:188} WARNING -   File "/usr/local/lib/python3.9/logging/__init__.py", line 1661, in callHandlers
    hdlr.handle(record)
[2025-04-24T19:15:28.137+0000] {logging_mixin.py:188} WARNING -   File "/usr/local/lib/python3.9/logging/__init__.py", line 952, in handle
    self.emit(record)
[2025-04-24T19:15:28.137+0000] {logging_mixin.py:188} WARNING -   File "/home/***/.local/lib/python3.9/site-packages/***/utils/log/file_task_handler.py", line 247, in emit
    self.handler.emit(record)
[2025-04-24T19:15:28.137+0000] {logging_mixin.py:188} WARNING -   File "/usr/local/lib/python3.9/logging/__init__.py", line 1187, in emit
    StreamHandler.emit(self, record)
[2025-04-24T19:15:28.138+0000] {logging_mixin.py:188} WARNING -   File "/usr/local/lib/python3.9/logging/__init__.py", line 1091, in emit
    self.handleError(record)
[2025-04-24T19:15:28.138+0000] {logging_mixin.py:188} WARNING -   File "/usr/local/lib/python3.9/logging/__init__.py", line 1004, in handleError
    sys.stderr.write('--- Logging error ---\n')
[2025-04-24T19:15:28.138+0000] {logging_mixin.py:188} WARNING -   File "/home/***/.local/lib/python3.9/site-packages/***/utils/log/logging_mixin.py", line 200, in write
    self.flush()
[2025-04-24T19:15:28.139+0000] {logging_mixin.py:188} WARNING -   File "/home/***/.local/lib/python3.9/site-packages/***/utils/log/logging_mixin.py", line 207, in flush
    self._propagate_log(buf)
[2025-04-24T19:15:28.139+0000] {logging_mixin.py:188} WARNING -   File "/home/***/.local/lib/python3.9/site-packages/***/utils/log/logging_mixin.py", line 188, in _propagate_log
    self.logger.log(self.level, remove_escape_codes(message))
[2025-04-24T19:15:28.140+0000] {logging_mixin.py:188} WARNING -   File "/usr/local/lib/python3.9/logging/__init__.py", line 1512, in log
    self._log(level, msg, args, **kwargs)
[2025-04-24T19:15:28.141+0000] {logging_mixin.py:188} WARNING -   File "/usr/local/lib/python3.9/logging/__init__.py", line 1589, in _log
    self.handle(record)
[2025-04-24T19:15:28.141+0000] {logging_mixin.py:188} WARNING -   File "/usr/local/lib/python3.9/logging/__init__.py", line 1599, in handle
    self.callHandlers(record)
[2025-04-24T19:15:28.142+0000] {logging_mixin.py:188} WARNING -   File "/usr/local/lib/python3.9/logging/__init__.py", line 1661, in callHandlers
    hdlr.handle(record)
[2025-04-24T19:15:28.142+0000] {logging_mixin.py:188} WARNING -   File "/usr/local/lib/python3.9/logging/__init__.py", line 952, in handle
    self.emit(record)
[2025-04-24T19:15:28.143+0000] {logging_mixin.py:188} WARNING -   File "/home/***/.local/lib/python3.9/site-packages/***/utils/log/file_task_handler.py", line 247, in emit
    self.handler.emit(record)
[2025-04-24T19:15:28.143+0000] {logging_mixin.py:188} WARNING -   File "/usr/local/lib/python3.9/logging/__init__.py", line 1187, in emit
    StreamHandler.emit(self, record)
[2025-04-24T19:15:28.144+0000] {logging_mixin.py:188} WARNING -   File "/usr/local/lib/python3.9/logging/__init__.py", line 1091, in emit
    self.handleError(record)
[2025-04-24T19:15:28.144+0000] {logging_mixin.py:188} WARNING -   File "/usr/local/lib/python3.9/logging/__init__.py", line 1004, in handleError
    sys.stderr.write('--- Logging error ---\n')
[2025-04-24T19:15:28.145+0000] {logging_mixin.py:188} WARNING -   File "/home/***/.local/lib/python3.9/site-packages/***/utils/log/logging_mixin.py", line 200, in write
    self.flush()
[2025-04-24T19:15:28.146+0000] {logging_mixin.py:188} WARNING -   File "/home/***/.local/lib/python3.9/site-packages/***/utils/log/logging_mixin.py", line 207, in flush
    self._propagate_log(buf)
[2025-04-24T19:15:28.148+0000] {logging_mixin.py:188} WARNING -   File "/home/***/.local/lib/python3.9/site-packages/***/utils/log/logging_mixin.py", line 188, in _propagate_log
    self.logger.log(self.level, remove_escape_codes(message))
[2025-04-24T19:15:28.149+0000] {logging_mixin.py:188} WARNING -   File "/usr/local/lib/python3.9/logging/__init__.py", line 1512, in log
    self._log(level, msg, args, **kwargs)
[2025-04-24T19:15:28.150+0000] {logging_mixin.py:188} WARNING -   File "/usr/local/lib/python3.9/logging/__init__.py", line 1589, in _log
    self.handle(record)
[2025-04-24T19:15:28.152+0000] {logging_mixin.py:188} WARNING -   File "/usr/local/lib/python3.9/logging/__init__.py", line 1599, in handle
    self.callHandlers(record)
[2025-04-24T19:15:28.155+0000] {logging_mixin.py:188} WARNING -   File "/usr/local/lib/python3.9/logging/__init__.py", line 1661, in callHandlers
    hdlr.handle(record)
[2025-04-24T19:15:28.156+0000] {logging_mixin.py:188} WARNING -   File "/usr/local/lib/python3.9/logging/__init__.py", line 952, in handle
    self.emit(record)
[2025-04-24T19:15:28.159+0000] {logging_mixin.py:188} WARNING -   File "/home/***/.local/lib/python3.9/site-packages/***/utils/log/file_task_handler.py", line 247, in emit
    self.handler.emit(record)
[2025-04-24T19:15:28.162+0000] {logging_mixin.py:188} WARNING -   File "/usr/local/lib/python3.9/logging/__init__.py", line 1187, in emit
    StreamHandler.emit(self, record)
[2025-04-24T19:15:28.164+0000] {logging_mixin.py:188} WARNING -   File "/usr/local/lib/python3.9/logging/__init__.py", line 1091, in emit
    self.handleError(record)
[2025-04-24T19:15:28.167+0000] {logging_mixin.py:188} WARNING -   File "/usr/local/lib/python3.9/logging/__init__.py", line 1004, in handleError
    sys.stderr.write('--- Logging error ---\n')
[2025-04-24T19:15:28.168+0000] {logging_mixin.py:188} WARNING -   File "/home/***/.local/lib/python3.9/site-packages/***/utils/log/logging_mixin.py", line 200, in write
    self.flush()
[2025-04-24T19:15:28.172+0000] {logging_mixin.py:188} WARNING -   File "/home/***/.local/lib/python3.9/site-packages/***/utils/log/logging_mixin.py", line 207, in flush
    self._propagate_log(buf)
[2025-04-24T19:15:28.172+0000] {logging_mixin.py:188} WARNING -   File "/home/***/.local/lib/python3.9/site-packages/***/utils/log/logging_mixin.py", line 188, in _propagate_log
    self.logger.log(self.level, remove_escape_codes(message))
[2025-04-24T19:15:28.173+0000] {logging_mixin.py:188} WARNING -   File "/usr/local/lib/python3.9/logging/__init__.py", line 1512, in log
    self._log(level, msg, args, **kwargs)
[2025-04-24T19:15:28.175+0000] {logging_mixin.py:188} WARNING -   File "/usr/local/lib/python3.9/logging/__init__.py", line 1589, in _log
    self.handle(record)
[2025-04-24T19:15:28.176+0000] {logging_mixin.py:188} WARNING -   File "/usr/local/lib/python3.9/logging/__init__.py", line 1599, in handle
    self.callHandlers(record)
[2025-04-24T19:15:28.178+0000] {logging_mixin.py:188} WARNING -   File "/usr/local/lib/python3.9/logging/__init__.py", line 1661, in callHandlers
    hdlr.handle(record)
[2025-04-24T19:15:28.179+0000] {logging_mixin.py:188} WARNING -   File "/usr/local/lib/python3.9/logging/__init__.py", line 952, in handle
    self.emit(record)
[2025-04-24T19:15:28.181+0000] {logging_mixin.py:188} WARNING -   File "/home/***/.local/lib/python3.9/site-packages/***/utils/log/file_task_handler.py", line 247, in emit
    self.handler.emit(record)
[2025-04-24T19:15:28.183+0000] {logging_mixin.py:188} WARNING -   File "/usr/local/lib/python3.9/logging/__init__.py", line 1187, in emit
    StreamHandler.emit(self, record)
[2025-04-24T19:15:28.186+0000] {logging_mixin.py:188} WARNING -   File "/usr/local/lib/python3.9/logging/__init__.py", line 1091, in emit
    self.handleError(record)
[2025-04-24T19:15:28.188+0000] {logging_mixin.py:188} WARNING -   File "/usr/local/lib/python3.9/logging/__init__.py", line 1004, in handleError
    sys.stderr.write('--- Logging error ---\n')
[2025-04-24T19:15:28.189+0000] {logging_mixin.py:188} WARNING -   File "/home/***/.local/lib/python3.9/site-packages/***/utils/log/logging_mixin.py", line 200, in write
    self.flush()
[2025-04-24T19:15:28.191+0000] {logging_mixin.py:188} WARNING -   File "/home/***/.local/lib/python3.9/site-packages/***/utils/log/logging_mixin.py", line 207, in flush
    self._propagate_log(buf)
[2025-04-24T19:15:28.192+0000] {logging_mixin.py:188} WARNING -   File "/home/***/.local/lib/python3.9/site-packages/***/utils/log/logging_mixin.py", line 188, in _propagate_log
    self.logger.log(self.level, remove_escape_codes(message))
[2025-04-24T19:15:28.194+0000] {logging_mixin.py:188} WARNING -   File "/usr/local/lib/python3.9/logging/__init__.py", line 1512, in log
    self._log(level, msg, args, **kwargs)
[2025-04-24T19:15:28.195+0000] {logging_mixin.py:188} WARNING -   File "/usr/local/lib/python3.9/logging/__init__.py", line 1589, in _log
    self.handle(record)
[2025-04-24T19:15:28.203+0000] {logging_mixin.py:188} WARNING -   File "/usr/local/lib/python3.9/logging/__init__.py", line 1599, in handle
    self.callHandlers(record)
[2025-04-24T19:15:28.240+0000] {logging_mixin.py:188} WARNING -   File "/usr/local/lib/python3.9/logging/__init__.py", line 1661, in callHandlers
    hdlr.handle(record)
[2025-04-24T19:15:28.291+0000] {logging_mixin.py:188} WARNING -   File "/usr/local/lib/python3.9/logging/__init__.py", line 952, in handle
    self.emit(record)
[2025-04-24T19:15:28.293+0000] {logging_mixin.py:188} WARNING -   File "/home/***/.local/lib/python3.9/site-packages/***/utils/log/file_task_handler.py", line 247, in emit
    self.handler.emit(record)
[2025-04-24T19:15:28.301+0000] {logging_mixin.py:188} WARNING -   File "/usr/local/lib/python3.9/logging/__init__.py", line 1187, in emit
    StreamHandler.emit(self, record)
[2025-04-24T19:15:28.309+0000] {logging_mixin.py:188} WARNING -   File "/usr/local/lib/python3.9/logging/__init__.py", line 1091, in emit
    self.handleError(record)
[2025-04-24T19:15:28.318+0000] {logging_mixin.py:188} WARNING -   File "/usr/local/lib/python3.9/logging/__init__.py", line 1004, in handleError
    sys.stderr.write('--- Logging error ---\n')
[2025-04-24T19:15:28.349+0000] {logging_mixin.py:188} WARNING -   File "/home/***/.local/lib/python3.9/site-packages/***/utils/log/logging_mixin.py", line 200, in write
    self.flush()
[2025-04-24T19:15:28.365+0000] {logging_mixin.py:188} WARNING -   File "/home/***/.local/lib/python3.9/site-packages/***/utils/log/logging_mixin.py", line 207, in flush
    self._propagate_log(buf)
[2025-04-24T19:15:28.368+0000] {logging_mixin.py:188} WARNING -   File "/home/***/.local/lib/python3.9/site-packages/***/utils/log/logging_mixin.py", line 188, in _propagate_log
    self.logger.log(self.level, remove_escape_codes(message))
[2025-04-24T19:15:28.371+0000] {logging_mixin.py:188} WARNING -   File "/usr/local/lib/python3.9/logging/__init__.py", line 1512, in log
    self._log(level, msg, args, **kwargs)
[2025-04-24T19:15:28.375+0000] {logging_mixin.py:188} WARNING -   File "/usr/local/lib/python3.9/logging/__init__.py", line 1589, in _log
    self.handle(record)
[2025-04-24T19:15:28.384+0000] {logging_mixin.py:188} WARNING -   File "/usr/local/lib/python3.9/logging/__init__.py", line 1599, in handle
    self.callHandlers(record)
[2025-04-24T19:15:28.385+0000] {logging_mixin.py:188} WARNING -   File "/usr/local/lib/python3.9/logging/__init__.py", line 1661, in callHandlers
    hdlr.handle(record)
[2025-04-24T19:15:28.387+0000] {logging_mixin.py:188} WARNING -   File "/usr/local/lib/python3.9/logging/__init__.py", line 952, in handle
    self.emit(record)
[2025-04-24T19:15:28.391+0000] {logging_mixin.py:188} WARNING -   File "/home/***/.local/lib/python3.9/site-packages/***/utils/log/file_task_handler.py", line 247, in emit
    self.handler.emit(record)
[2025-04-24T19:15:28.393+0000] {logging_mixin.py:188} WARNING -   File "/usr/local/lib/python3.9/logging/__init__.py", line 1187, in emit
    StreamHandler.emit(self, record)
[2025-04-24T19:15:28.393+0000] {logging_mixin.py:188} WARNING -   File "/usr/local/lib/python3.9/logging/__init__.py", line 1091, in emit
    self.handleError(record)
[2025-04-24T19:15:28.393+0000] {logging_mixin.py:188} WARNING -   File "/usr/local/lib/python3.9/logging/__init__.py", line 1004, in handleError
    sys.stderr.write('--- Logging error ---\n')
[2025-04-24T19:15:28.394+0000] {logging_mixin.py:188} WARNING -   File "/home/***/.local/lib/python3.9/site-packages/***/utils/log/logging_mixin.py", line 200, in write
    self.flush()
[2025-04-24T19:15:28.394+0000] {logging_mixin.py:188} WARNING -   File "/home/***/.local/lib/python3.9/site-packages/***/utils/log/logging_mixin.py", line 207, in flush
    self._propagate_log(buf)
[2025-04-24T19:15:28.395+0000] {logging_mixin.py:188} WARNING -   File "/home/***/.local/lib/python3.9/site-packages/***/utils/log/logging_mixin.py", line 188, in _propagate_log
    self.logger.log(self.level, remove_escape_codes(message))
[2025-04-24T19:15:28.395+0000] {logging_mixin.py:188} WARNING -   File "/usr/local/lib/python3.9/logging/__init__.py", line 1512, in log
    self._log(level, msg, args, **kwargs)
[2025-04-24T19:15:28.396+0000] {logging_mixin.py:188} WARNING -   File "/usr/local/lib/python3.9/logging/__init__.py", line 1589, in _log
    self.handle(record)
[2025-04-24T19:15:28.396+0000] {logging_mixin.py:188} WARNING -   File "/usr/local/lib/python3.9/logging/__init__.py", line 1599, in handle
    self.callHandlers(record)
[2025-04-24T19:15:28.396+0000] {logging_mixin.py:188} WARNING -   File "/usr/local/lib/python3.9/logging/__init__.py", line 1661, in callHandlers
    hdlr.handle(record)
[2025-04-24T19:15:28.397+0000] {logging_mixin.py:188} WARNING -   File "/usr/local/lib/python3.9/logging/__init__.py", line 952, in handle
    self.emit(record)
[2025-04-24T19:15:28.397+0000] {logging_mixin.py:188} WARNING -   File "/home/***/.local/lib/python3.9/site-packages/***/utils/log/file_task_handler.py", line 247, in emit
    self.handler.emit(record)
[2025-04-24T19:15:28.398+0000] {logging_mixin.py:188} WARNING -   File "/usr/local/lib/python3.9/logging/__init__.py", line 1187, in emit
    StreamHandler.emit(self, record)
[2025-04-24T19:15:28.398+0000] {logging_mixin.py:188} WARNING -   File "/usr/local/lib/python3.9/logging/__init__.py", line 1091, in emit
    self.handleError(record)
[2025-04-24T19:15:28.398+0000] {logging_mixin.py:188} WARNING -   File "/usr/local/lib/python3.9/logging/__init__.py", line 1004, in handleError
    sys.stderr.write('--- Logging error ---\n')
[2025-04-24T19:15:28.399+0000] {logging_mixin.py:188} WARNING -   File "/home/***/.local/lib/python3.9/site-packages/***/utils/log/logging_mixin.py", line 200, in write
    self.flush()
[2025-04-24T19:15:28.403+0000] {logging_mixin.py:188} WARNING -   File "/home/***/.local/lib/python3.9/site-packages/***/utils/log/logging_mixin.py", line 207, in flush
    self._propagate_log(buf)
[2025-04-24T19:15:28.404+0000] {logging_mixin.py:188} WARNING -   File "/home/***/.local/lib/python3.9/site-packages/***/utils/log/logging_mixin.py", line 188, in _propagate_log
    self.logger.log(self.level, remove_escape_codes(message))
[2025-04-24T19:15:28.405+0000] {logging_mixin.py:188} WARNING -   File "/usr/local/lib/python3.9/logging/__init__.py", line 1512, in log
    self._log(level, msg, args, **kwargs)
[2025-04-24T19:15:28.406+0000] {logging_mixin.py:188} WARNING -   File "/usr/local/lib/python3.9/logging/__init__.py", line 1589, in _log
    self.handle(record)
[2025-04-24T19:15:28.410+0000] {logging_mixin.py:188} WARNING -   File "/usr/local/lib/python3.9/logging/__init__.py", line 1599, in handle
    self.callHandlers(record)
